[0.823s] Invoking command in '/home/kosuke/turtlebot3_ws/build/turtlebot3_example': PYTHONPATH=/home/kosuke/turtlebot3_ws/build/turtlebot3_example/prefix_override:/usr/lib/python3/dist-packages/colcon_core/task/python/colcon_distutils_commands:/home/kosuke/turtlebot3_ws/install/turtlebot3_example/lib/python3.10/site-packages:${PYTHONPATH} /usr/bin/python3 -W ignore:setup.py install is deprecated setup.py develop --editable --build-directory /home/kosuke/turtlebot3_ws/build/turtlebot3_example/build --no-deps symlink_data
[1.052s] running develop
[1.052s] /usr/lib/python3/dist-packages/setuptools/command/easy_install.py:158: EasyInstallDeprecationWarning: easy_install command is deprecated. Use build and pip and other standards-based tools.
[1.053s]   warnings.warn(
[1.184s] running egg_info
[1.185s] writing turtlebot3_example.egg-info/PKG-INFO
[1.185s] writing dependency_links to turtlebot3_example.egg-info/dependency_links.txt
[1.185s] writing entry points to turtlebot3_example.egg-info/entry_points.txt
[1.185s] writing requirements to turtlebot3_example.egg-info/requires.txt
[1.185s] writing top-level names to turtlebot3_example.egg-info/top_level.txt
[1.187s] reading manifest file 'turtlebot3_example.egg-info/SOURCES.txt'
[1.188s] writing manifest file 'turtlebot3_example.egg-info/SOURCES.txt'
[1.189s] running build_ext
[1.189s] Creating /home/kosuke/turtlebot3_ws/install/turtlebot3_example/lib/python3.10/site-packages/turtlebot3-example.egg-link (link to .)
[1.189s] Installing turtlebot3_obstacle_detection script to /home/kosuke/turtlebot3_ws/install/turtlebot3_example/lib/turtlebot3_example
[1.190s] Installing turtlebot3_patrol_client script to /home/kosuke/turtlebot3_ws/install/turtlebot3_example/lib/turtlebot3_example
[1.190s] Installing turtlebot3_patrol_server script to /home/kosuke/turtlebot3_ws/install/turtlebot3_example/lib/turtlebot3_example
[1.190s] Installing turtlebot3_position_control script to /home/kosuke/turtlebot3_ws/install/turtlebot3_example/lib/turtlebot3_example
[1.190s] 
[1.190s] Installed /home/kosuke/turtlebot3_ws/build/turtlebot3_example
[1.190s] running symlink_data
[1.213s] Invoked command in '/home/kosuke/turtlebot3_ws/build/turtlebot3_example' returned '0': PYTHONPATH=/home/kosuke/turtlebot3_ws/build/turtlebot3_example/prefix_override:/usr/lib/python3/dist-packages/colcon_core/task/python/colcon_distutils_commands:/home/kosuke/turtlebot3_ws/install/turtlebot3_example/lib/python3.10/site-packages:${PYTHONPATH} /usr/bin/python3 -W ignore:setup.py install is deprecated setup.py develop --editable --build-directory /home/kosuke/turtlebot3_ws/build/turtlebot3_example/build --no-deps symlink_data
