[0.023s] Invoking command in '/home/kosuke/turtlebot3_ws/build/turtlebot3_node': CMAKE_PREFIX_PATH=${CMAKE_PREFIX_PATH}:/home/kosuke/turtlebot3_ws/install/turtlebot3_teleop:/home/kosuke/turtlebot3_ws/install/turtlebot3_example:/opt/ros/humble /usr/bin/cmake --build /home/kosuke/turtlebot3_ws/build/turtlebot3_node -- -j4 -l4
[0.048s] -- Found ament_cmake: 1.3.10 (/opt/ros/humble/share/ament_cmake/cmake)
[0.154s] -- Override CMake install command with custom implementation using symlinks instead of copying resources
[0.162s] -- Found dynamixel_sdk: 3.7.60 (/opt/ros/humble/share/dynamixel_sdk/cmake)
[0.162s] -- Found geometry_msgs: 4.2.4 (/opt/ros/humble/share/geometry_msgs/cmake)
[0.184s] -- Found rosidl_generator_c: 3.1.5 (/opt/ros/humble/share/rosidl_generator_c/cmake)
[0.186s] -- Found rosidl_adapter: 3.1.5 (/opt/ros/humble/share/rosidl_adapter/cmake)
[0.191s] -- Found rosidl_generator_cpp: 3.1.5 (/opt/ros/humble/share/rosidl_generator_cpp/cmake)
[0.200s] -- Using all available rosidl_typesupport_c: rosidl_typesupport_fastrtps_c;rosidl_typesupport_introspection_c
[0.212s] -- Using all available rosidl_typesupport_cpp: rosidl_typesupport_fastrtps_cpp;rosidl_typesupport_introspection_cpp
[0.253s] -- Found message_filters: 4.3.4 (/opt/ros/humble/share/message_filters/cmake)
[0.280s] -- Found rmw_implementation_cmake: 6.1.2 (/opt/ros/humble/share/rmw_implementation_cmake/cmake)
[0.281s] -- Found rmw_fastrtps_cpp: 6.2.7 (/opt/ros/humble/share/rmw_fastrtps_cpp/cmake)
[0.391s] -- Using RMW implementation 'rmw_fastrtps_cpp' as default
[0.434s] -- Found nav_msgs: 4.2.4 (/opt/ros/humble/share/nav_msgs/cmake)
[0.441s] -- Found sensor_msgs: 4.2.4 (/opt/ros/humble/share/sensor_msgs/cmake)
[0.456s] -- Found std_srvs: 4.2.4 (/opt/ros/humble/share/std_srvs/cmake)
[0.464s] -- Found tf2: 0.25.7 (/opt/ros/humble/share/tf2/cmake)
[0.467s] -- Found tf2_ros: 0.25.7 (/opt/ros/humble/share/tf2_ros/cmake)
[0.539s] -- Found turtlebot3_msgs: 2.2.3 (/opt/ros/humble/share/turtlebot3_msgs/cmake)
[0.621s] -- Configuring done
[0.643s] -- Generating done
[0.645s] -- Build files have been written to: /home/kosuke/turtlebot3_ws/build/turtlebot3_node
[0.681s] [35m[1mConsolidate compiler generated dependencies of target turtlebot3_node_lib[0m
[0.716s] [  7%] [32mBuilding CXX object CMakeFiles/turtlebot3_node_lib.dir/src/devices/motor_power.cpp.o[0m
[0.726s] [ 14%] [32mBuilding CXX object CMakeFiles/turtlebot3_node_lib.dir/src/devices/sound.cpp.o[0m
[0.726s] [ 21%] [32mBuilding CXX object CMakeFiles/turtlebot3_node_lib.dir/src/devices/reset.cpp.o[0m
[0.730s] [ 28%] [32mBuilding CXX object CMakeFiles/turtlebot3_node_lib.dir/src/diff_drive_controller.cpp.o[0m
[5.143s] [ 35%] [32mBuilding CXX object CMakeFiles/turtlebot3_node_lib.dir/src/dynamixel_sdk_wrapper.cpp.o[0m
[6.264s] [ 42%] [32mBuilding CXX object CMakeFiles/turtlebot3_node_lib.dir/src/odometry.cpp.o[0m
[7.879s] [ 50%] [32mBuilding CXX object CMakeFiles/turtlebot3_node_lib.dir/src/turtlebot3.cpp.o[0m
[8.878s] [ 57%] [32mBuilding CXX object CMakeFiles/turtlebot3_node_lib.dir/src/sensors/battery_state.cpp.o[0m
[9.159s] [ 64%] [32mBuilding CXX object CMakeFiles/turtlebot3_node_lib.dir/src/sensors/imu.cpp.o[0m
[16.291s] [ 71%] [32mBuilding CXX object CMakeFiles/turtlebot3_node_lib.dir/src/sensors/joint_state.cpp.o[0m
[19.176s] [ 78%] [32mBuilding CXX object CMakeFiles/turtlebot3_node_lib.dir/src/sensors/sensor_state.cpp.o[0m
[30.536s] [ 85%] [32m[1mLinking CXX static library libturtlebot3_node_lib.a[0m
[31.207s] [ 85%] Built target turtlebot3_node_lib
[31.217s] [35m[1mConsolidate compiler generated dependencies of target turtlebot3_ros[0m
[31.236s] [ 92%] [32mBuilding CXX object CMakeFiles/turtlebot3_ros.dir/src/node_main.cpp.o[0m
[34.095s] [100%] [32m[1mLinking CXX executable turtlebot3_ros[0m
[35.632s] [100%] Built target turtlebot3_ros
[35.645s] Invoked command in '/home/kosuke/turtlebot3_ws/build/turtlebot3_node' returned '0': CMAKE_PREFIX_PATH=${CMAKE_PREFIX_PATH}:/home/kosuke/turtlebot3_ws/install/turtlebot3_teleop:/home/kosuke/turtlebot3_ws/install/turtlebot3_example:/opt/ros/humble /usr/bin/cmake --build /home/kosuke/turtlebot3_ws/build/turtlebot3_node -- -j4 -l4
[35.698s] Invoking command in '/home/kosuke/turtlebot3_ws/build/turtlebot3_node': CMAKE_PREFIX_PATH=${CMAKE_PREFIX_PATH}:/home/kosuke/turtlebot3_ws/install/turtlebot3_teleop:/home/kosuke/turtlebot3_ws/install/turtlebot3_example:/opt/ros/humble /usr/bin/cmake --install /home/kosuke/turtlebot3_ws/build/turtlebot3_node
[35.704s] -- Install configuration: ""
[35.705s] -- Execute custom install script
[35.705s] -- Up-to-date symlink: /home/kosuke/turtlebot3_ws/install/turtlebot3_node/share/turtlebot3_node/param/burger.yaml
[35.705s] -- Up-to-date symlink: /home/kosuke/turtlebot3_ws/install/turtlebot3_node/share/turtlebot3_node/param/waffle.yaml
[35.705s] -- Up-to-date symlink: /home/kosuke/turtlebot3_ws/install/turtlebot3_node/share/turtlebot3_node/param/waffle_pi.yaml
[35.706s] -- Up-to-date symlink: /home/kosuke/turtlebot3_ws/install/turtlebot3_node/lib/turtlebot3_node/turtlebot3_ros
[35.706s] -- Up-to-date symlink: /home/kosuke/turtlebot3_ws/install/turtlebot3_node/share/ament_index/resource_index/package_run_dependencies/turtlebot3_node
[35.706s] -- Up-to-date symlink: /home/kosuke/turtlebot3_ws/install/turtlebot3_node/share/ament_index/resource_index/parent_prefix_path/turtlebot3_node
[35.706s] -- Up-to-date symlink: /home/kosuke/turtlebot3_ws/install/turtlebot3_node/share/turtlebot3_node/environment/ament_prefix_path.sh
[35.706s] -- Up-to-date symlink: /home/kosuke/turtlebot3_ws/install/turtlebot3_node/share/turtlebot3_node/environment/ament_prefix_path.dsv
[35.707s] -- Up-to-date symlink: /home/kosuke/turtlebot3_ws/install/turtlebot3_node/share/turtlebot3_node/environment/path.sh
[35.707s] -- Up-to-date symlink: /home/kosuke/turtlebot3_ws/install/turtlebot3_node/share/turtlebot3_node/environment/path.dsv
[35.707s] -- Up-to-date symlink: /home/kosuke/turtlebot3_ws/install/turtlebot3_node/share/turtlebot3_node/local_setup.bash
[35.707s] -- Up-to-date symlink: /home/kosuke/turtlebot3_ws/install/turtlebot3_node/share/turtlebot3_node/local_setup.sh
[35.707s] -- Up-to-date symlink: /home/kosuke/turtlebot3_ws/install/turtlebot3_node/share/turtlebot3_node/local_setup.zsh
[35.707s] -- Up-to-date symlink: /home/kosuke/turtlebot3_ws/install/turtlebot3_node/share/turtlebot3_node/local_setup.dsv
[35.707s] -- Symlinking: /home/kosuke/turtlebot3_ws/install/turtlebot3_node/share/turtlebot3_node/package.dsv
[35.716s] -- Up-to-date symlink: /home/kosuke/turtlebot3_ws/install/turtlebot3_node/share/ament_index/resource_index/packages/turtlebot3_node
[35.716s] -- Up-to-date symlink: /home/kosuke/turtlebot3_ws/install/turtlebot3_node/share/turtlebot3_node/cmake/ament_cmake_export_include_directories-extras.cmake
[35.716s] -- Up-to-date symlink: /home/kosuke/turtlebot3_ws/install/turtlebot3_node/share/turtlebot3_node/cmake/turtlebot3_nodeConfig.cmake
[35.717s] -- Up-to-date symlink: /home/kosuke/turtlebot3_ws/install/turtlebot3_node/share/turtlebot3_node/cmake/turtlebot3_nodeConfig-version.cmake
[35.717s] -- Up-to-date symlink: /home/kosuke/turtlebot3_ws/install/turtlebot3_node/share/turtlebot3_node/package.xml
[35.719s] Invoked command in '/home/kosuke/turtlebot3_ws/build/turtlebot3_node' returned '0': CMAKE_PREFIX_PATH=${CMAKE_PREFIX_PATH}:/home/kosuke/turtlebot3_ws/install/turtlebot3_teleop:/home/kosuke/turtlebot3_ws/install/turtlebot3_example:/opt/ros/humble /usr/bin/cmake --install /home/kosuke/turtlebot3_ws/build/turtlebot3_node
