[0.029s] Invoking command in '/home/kosuke/turtlebot3_ws/src/build/turtlebot3_cartographer': CMAKE_PREFIX_PATH=${CMAKE_PREFIX_PATH}:/home/kosuke/install/turtlebot3_teleop:/home/kosuke/install/turtlebot3_sensor_reader:/home/kosuke/install/turtlebot3_example:/home/kosuke/install/turtlebot3_control:/home/kosuke/install/turtlebot3_autonomous_control:/home/kosuke/turtlebot3_ws/install/turtlebot3_teleop:/home/kosuke/turtlebot3_ws/install/turtlebot3_sensor_reader:/home/kosuke/turtlebot3_ws/install/turtlebot3_example:/opt/ros/humble /usr/bin/cmake --build /home/kosuke/turtlebot3_ws/src/build/turtlebot3_cartographer -- -j4 -l4
[0.252s] Invoked command in '/home/kosuke/turtlebot3_ws/src/build/turtlebot3_cartographer' returned '0': CMAKE_PREFIX_PATH=${CMAKE_PREFIX_PATH}:/home/kosuke/install/turtlebot3_teleop:/home/kosuke/install/turtlebot3_sensor_reader:/home/kosuke/install/turtlebot3_example:/home/kosuke/install/turtlebot3_control:/home/kosuke/install/turtlebot3_autonomous_control:/home/kosuke/turtlebot3_ws/install/turtlebot3_teleop:/home/kosuke/turtlebot3_ws/install/turtlebot3_sensor_reader:/home/kosuke/turtlebot3_ws/install/turtlebot3_example:/opt/ros/humble /usr/bin/cmake --build /home/kosuke/turtlebot3_ws/src/build/turtlebot3_cartographer -- -j4 -l4
[0.285s] Invoking command in '/home/kosuke/turtlebot3_ws/src/build/turtlebot3_cartographer': CMAKE_PREFIX_PATH=${CMAKE_PREFIX_PATH}:/home/kosuke/install/turtlebot3_teleop:/home/kosuke/install/turtlebot3_sensor_reader:/home/kosuke/install/turtlebot3_example:/home/kosuke/install/turtlebot3_control:/home/kosuke/install/turtlebot3_autonomous_control:/home/kosuke/turtlebot3_ws/install/turtlebot3_teleop:/home/kosuke/turtlebot3_ws/install/turtlebot3_sensor_reader:/home/kosuke/turtlebot3_ws/install/turtlebot3_example:/opt/ros/humble /usr/bin/cmake --install /home/kosuke/turtlebot3_ws/src/build/turtlebot3_cartographer
[0.293s] -- Install configuration: ""
[0.294s] -- Up-to-date: /home/kosuke/turtlebot3_ws/src/install/turtlebot3_cartographer/share/turtlebot3_cartographer/config
[0.294s] -- Up-to-date: /home/kosuke/turtlebot3_ws/src/install/turtlebot3_cartographer/share/turtlebot3_cartographer/config/turtlebot3_lds_2d.lua
[0.294s] -- Up-to-date: /home/kosuke/turtlebot3_ws/src/install/turtlebot3_cartographer/share/turtlebot3_cartographer/launch
[0.294s] -- Up-to-date: /home/kosuke/turtlebot3_ws/src/install/turtlebot3_cartographer/share/turtlebot3_cartographer/launch/occupancy_grid.launch.py
[0.294s] -- Up-to-date: /home/kosuke/turtlebot3_ws/src/install/turtlebot3_cartographer/share/turtlebot3_cartographer/launch/cartographer.launch.py
[0.294s] -- Up-to-date: /home/kosuke/turtlebot3_ws/src/install/turtlebot3_cartographer/share/turtlebot3_cartographer/rviz
[0.295s] -- Up-to-date: /home/kosuke/turtlebot3_ws/src/install/turtlebot3_cartographer/share/turtlebot3_cartographer/rviz/tb3_cartographer.rviz
[0.296s] -- Up-to-date: /home/kosuke/turtlebot3_ws/src/install/turtlebot3_cartographer/share/ament_index/resource_index/package_run_dependencies/turtlebot3_cartographer
[0.296s] -- Up-to-date: /home/kosuke/turtlebot3_ws/src/install/turtlebot3_cartographer/share/ament_index/resource_index/parent_prefix_path/turtlebot3_cartographer
[0.297s] -- Up-to-date: /home/kosuke/turtlebot3_ws/src/install/turtlebot3_cartographer/share/turtlebot3_cartographer/environment/ament_prefix_path.sh
[0.297s] -- Up-to-date: /home/kosuke/turtlebot3_ws/src/install/turtlebot3_cartographer/share/turtlebot3_cartographer/environment/ament_prefix_path.dsv
[0.297s] -- Up-to-date: /home/kosuke/turtlebot3_ws/src/install/turtlebot3_cartographer/share/turtlebot3_cartographer/environment/path.sh
[0.297s] -- Up-to-date: /home/kosuke/turtlebot3_ws/src/install/turtlebot3_cartographer/share/turtlebot3_cartographer/environment/path.dsv
[0.298s] -- Up-to-date: /home/kosuke/turtlebot3_ws/src/install/turtlebot3_cartographer/share/turtlebot3_cartographer/local_setup.bash
[0.298s] -- Up-to-date: /home/kosuke/turtlebot3_ws/src/install/turtlebot3_cartographer/share/turtlebot3_cartographer/local_setup.sh
[0.298s] -- Up-to-date: /home/kosuke/turtlebot3_ws/src/install/turtlebot3_cartographer/share/turtlebot3_cartographer/local_setup.zsh
[0.298s] -- Up-to-date: /home/kosuke/turtlebot3_ws/src/install/turtlebot3_cartographer/share/turtlebot3_cartographer/local_setup.dsv
[0.298s] -- Installing: /home/kosuke/turtlebot3_ws/src/install/turtlebot3_cartographer/share/turtlebot3_cartographer/package.dsv
[0.299s] -- Up-to-date: /home/kosuke/turtlebot3_ws/src/install/turtlebot3_cartographer/share/ament_index/resource_index/packages/turtlebot3_cartographer
[0.299s] -- Up-to-date: /home/kosuke/turtlebot3_ws/src/install/turtlebot3_cartographer/share/turtlebot3_cartographer/cmake/turtlebot3_cartographerConfig.cmake
[0.299s] -- Up-to-date: /home/kosuke/turtlebot3_ws/src/install/turtlebot3_cartographer/share/turtlebot3_cartographer/cmake/turtlebot3_cartographerConfig-version.cmake
[0.299s] -- Up-to-date: /home/kosuke/turtlebot3_ws/src/install/turtlebot3_cartographer/share/turtlebot3_cartographer/package.xml
[0.300s] Invoked command in '/home/kosuke/turtlebot3_ws/src/build/turtlebot3_cartographer' returned '0': CMAKE_PREFIX_PATH=${CMAKE_PREFIX_PATH}:/home/kosuke/install/turtlebot3_teleop:/home/kosuke/install/turtlebot3_sensor_reader:/home/kosuke/install/turtlebot3_example:/home/kosuke/install/turtlebot3_control:/home/kosuke/install/turtlebot3_autonomous_control:/home/kosuke/turtlebot3_ws/install/turtlebot3_teleop:/home/kosuke/turtlebot3_ws/install/turtlebot3_sensor_reader:/home/kosuke/turtlebot3_ws/install/turtlebot3_example:/opt/ros/humble /usr/bin/cmake --install /home/kosuke/turtlebot3_ws/src/build/turtlebot3_cartographer
