running egg_info
creating build/turtlebot3_autonomous_control/turtlebot3_autonomous_control.egg-info
writing build/turtlebot3_autonomous_control/turtlebot3_autonomous_control.egg-info/PKG-INFO
writing dependency_links to build/turtlebot3_autonomous_control/turtlebot3_autonomous_control.egg-info/dependency_links.txt
writing entry points to build/turtlebot3_autonomous_control/turtlebot3_autonomous_control.egg-info/entry_points.txt
writing requirements to build/turtlebot3_autonomous_control/turtlebot3_autonomous_control.egg-info/requires.txt
writing top-level names to build/turtlebot3_autonomous_control/turtlebot3_autonomous_control.egg-info/top_level.txt
writing manifest file 'build/turtlebot3_autonomous_control/turtlebot3_autonomous_control.egg-info/SOURCES.txt'
reading manifest file 'build/turtlebot3_autonomous_control/turtlebot3_autonomous_control.egg-info/SOURCES.txt'
writing manifest file 'build/turtlebot3_autonomous_control/turtlebot3_autonomous_control.egg-info/SOURCES.txt'
running build
running build_py
creating /home/kosuke/turtlebot3_ws/src/turtlebot3_autonomous_control/build/turtlebot3_autonomous_control/build
creating /home/kosuke/turtlebot3_ws/src/turtlebot3_autonomous_control/build/turtlebot3_autonomous_control/build/lib
creating /home/kosuke/turtlebot3_ws/src/turtlebot3_autonomous_control/build/turtlebot3_autonomous_control/build/lib/turtlebot3_autonomous_control
copying turtlebot3_autonomous_control/turtlebot3_autonomous_control.py -> /home/kosuke/turtlebot3_ws/src/turtlebot3_autonomous_control/build/turtlebot3_autonomous_control/build/lib/turtlebot3_autonomous_control
copying turtlebot3_autonomous_control/__init__.py -> /home/kosuke/turtlebot3_ws/src/turtlebot3_autonomous_control/build/turtlebot3_autonomous_control/build/lib/turtlebot3_autonomous_control
running install
running install_lib
creating /home/kosuke/turtlebot3_ws/src/turtlebot3_autonomous_control/install/turtlebot3_autonomous_control/lib/python3.10/site-packages/turtlebot3_autonomous_control
copying /home/kosuke/turtlebot3_ws/src/turtlebot3_autonomous_control/build/turtlebot3_autonomous_control/build/lib/turtlebot3_autonomous_control/turtlebot3_autonomous_control.py -> /home/kosuke/turtlebot3_ws/src/turtlebot3_autonomous_control/install/turtlebot3_autonomous_control/lib/python3.10/site-packages/turtlebot3_autonomous_control
copying /home/kosuke/turtlebot3_ws/src/turtlebot3_autonomous_control/build/turtlebot3_autonomous_control/build/lib/turtlebot3_autonomous_control/__init__.py -> /home/kosuke/turtlebot3_ws/src/turtlebot3_autonomous_control/install/turtlebot3_autonomous_control/lib/python3.10/site-packages/turtlebot3_autonomous_control
byte-compiling /home/kosuke/turtlebot3_ws/src/turtlebot3_autonomous_control/install/turtlebot3_autonomous_control/lib/python3.10/site-packages/turtlebot3_autonomous_control/turtlebot3_autonomous_control.py to turtlebot3_autonomous_control.cpython-310.pyc
byte-compiling /home/kosuke/turtlebot3_ws/src/turtlebot3_autonomous_control/install/turtlebot3_autonomous_control/lib/python3.10/site-packages/turtlebot3_autonomous_control/__init__.py to __init__.cpython-310.pyc
running install_data
creating /home/kosuke/turtlebot3_ws/src/turtlebot3_autonomous_control/install/turtlebot3_autonomous_control/share/ament_index
creating /home/kosuke/turtlebot3_ws/src/turtlebot3_autonomous_control/install/turtlebot3_autonomous_control/share/ament_index/resource_index
creating /home/kosuke/turtlebot3_ws/src/turtlebot3_autonomous_control/install/turtlebot3_autonomous_control/share/ament_index/resource_index/packages
copying resource/turtlebot3_autonomous_control -> /home/kosuke/turtlebot3_ws/src/turtlebot3_autonomous_control/install/turtlebot3_autonomous_control/share/ament_index/resource_index/packages
copying package.xml -> /home/kosuke/turtlebot3_ws/src/turtlebot3_autonomous_control/install/turtlebot3_autonomous_control/share/turtlebot3_autonomous_control
running install_egg_info
Copying build/turtlebot3_autonomous_control/turtlebot3_autonomous_control.egg-info to /home/kosuke/turtlebot3_ws/src/turtlebot3_autonomous_control/install/turtlebot3_autonomous_control/lib/python3.10/site-packages/turtlebot3_autonomous_control-0.0.0-py3.10.egg-info
running install_scripts
Installing turtlebot3_autonomous_control script to /home/kosuke/turtlebot3_ws/src/turtlebot3_autonomous_control/install/turtlebot3_autonomous_control/lib/turtlebot3_autonomous_control
writing list of installed files to '/home/kosuke/turtlebot3_ws/src/turtlebot3_autonomous_control/build/turtlebot3_autonomous_control/install.log'
