[0.637s] Invoking command in '/home/kosuke/turtlebot3_ws/build/turtlebot3_example': PYTHONPATH=/home/kosuke/turtlebot3_ws/build/turtlebot3_example/prefix_override:/usr/lib/python3/dist-packages/colcon_core/task/python/colcon_distutils_commands:/home/kosuke/turtlebot3_ws/install/turtlebot3_example/lib/python3.10/site-packages:${PYTHONPATH} /usr/bin/python3 -W ignore:setup.py install is deprecated setup.py develop --editable --build-directory /home/kosuke/turtlebot3_ws/build/turtlebot3_example/build --no-deps symlink_data
[0.861s] running develop
[0.862s] /usr/lib/python3/dist-packages/setuptools/command/easy_install.py:158: EasyInstallDeprecationWarning: easy_install command is deprecated. Use build and pip and other standards-based tools.
[0.862s]   warnings.warn(
[1.006s] running egg_info
[1.006s] writing turtlebot3_example.egg-info/PKG-INFO
[1.006s] writing dependency_links to turtlebot3_example.egg-info/dependency_links.txt
[1.006s] writing entry points to turtlebot3_example.egg-info/entry_points.txt
[1.007s] writing requirements to turtlebot3_example.egg-info/requires.txt
[1.007s] writing top-level names to turtlebot3_example.egg-info/top_level.txt
[1.009s] reading manifest file 'turtlebot3_example.egg-info/SOURCES.txt'
[1.009s] writing manifest file 'turtlebot3_example.egg-info/SOURCES.txt'
[1.010s] running build_ext
[1.011s] Creating /home/kosuke/turtlebot3_ws/install/turtlebot3_example/lib/python3.10/site-packages/turtlebot3-example.egg-link (link to .)
[1.011s] Installing turtlebot3_obstacle_detection script to /home/kosuke/turtlebot3_ws/install/turtlebot3_example/lib/turtlebot3_example
[1.012s] Installing turtlebot3_patrol_client script to /home/kosuke/turtlebot3_ws/install/turtlebot3_example/lib/turtlebot3_example
[1.012s] Installing turtlebot3_patrol_server script to /home/kosuke/turtlebot3_ws/install/turtlebot3_example/lib/turtlebot3_example
[1.012s] Installing turtlebot3_position_control script to /home/kosuke/turtlebot3_ws/install/turtlebot3_example/lib/turtlebot3_example
[1.012s] 
[1.012s] Installed /home/kosuke/turtlebot3_ws/build/turtlebot3_example
[1.012s] running symlink_data
