[0.233s] Invoking command in '/home/kosuke/turtlebot3_ws/src/build/turtlebot3_bringup': AMENT_PREFIX_PATH=/home/kosuke/turtlebot3_ws/src/install/turtlebot3_node:/home/kosuke/turtlebot3_ws/src/install/turtlebot3_description:${AMENT_PREFIX_PATH} CMAKE_PREFIX_PATH=/home/kosuke/turtlebot3_ws/src/install/turtlebot3_node:/home/kosuke/turtlebot3_ws/src/install/turtlebot3_description:/home/kosuke/turtlebot3_ws/install/turtlebot3:/home/kosuke/turtlebot3_ws/install/turtlebot3_simulations:/home/kosuke/turtlebot3_ws/install/turtlebot3_bringup:/home/kosuke/turtlebot3_ws/install/turtlebot3_node:/home/kosuke/turtlebot3_ws/install/turtlebot3_navigation2:/home/kosuke/turtlebot3_ws/install/turtlebot3_gazebo:/home/kosuke/turtlebot3_ws/install/turtlebot3_fake_node:/home/kosuke/turtlebot3_ws/install/turtlebot3_description:/home/kosuke/turtlebot3_ws/install/turtlebot3_cartographer:/home/kosuke/turtlebot3_ws/install/turtlebot3_teleop:/home/kosuke/turtlebot3_ws/install/turtlebot3_sensor_reader:/home/kosuke/turtlebot3_ws/install/turtlebot3_example:/opt/ros/humble /usr/bin/cmake --build /home/kosuke/turtlebot3_ws/src/build/turtlebot3_bringup -- -j4 -l4
[0.293s] Invoked command in '/home/kosuke/turtlebot3_ws/src/build/turtlebot3_bringup' returned '0': AMENT_PREFIX_PATH=/home/kosuke/turtlebot3_ws/src/install/turtlebot3_node:/home/kosuke/turtlebot3_ws/src/install/turtlebot3_description:${AMENT_PREFIX_PATH} CMAKE_PREFIX_PATH=/home/kosuke/turtlebot3_ws/src/install/turtlebot3_node:/home/kosuke/turtlebot3_ws/src/install/turtlebot3_description:/home/kosuke/turtlebot3_ws/install/turtlebot3:/home/kosuke/turtlebot3_ws/install/turtlebot3_simulations:/home/kosuke/turtlebot3_ws/install/turtlebot3_bringup:/home/kosuke/turtlebot3_ws/install/turtlebot3_node:/home/kosuke/turtlebot3_ws/install/turtlebot3_navigation2:/home/kosuke/turtlebot3_ws/install/turtlebot3_gazebo:/home/kosuke/turtlebot3_ws/install/turtlebot3_fake_node:/home/kosuke/turtlebot3_ws/install/turtlebot3_description:/home/kosuke/turtlebot3_ws/install/turtlebot3_cartographer:/home/kosuke/turtlebot3_ws/install/turtlebot3_teleop:/home/kosuke/turtlebot3_ws/install/turtlebot3_sensor_reader:/home/kosuke/turtlebot3_ws/install/turtlebot3_example:/opt/ros/humble /usr/bin/cmake --build /home/kosuke/turtlebot3_ws/src/build/turtlebot3_bringup -- -j4 -l4
[0.319s] Invoking command in '/home/kosuke/turtlebot3_ws/src/build/turtlebot3_bringup': AMENT_PREFIX_PATH=/home/kosuke/turtlebot3_ws/src/install/turtlebot3_node:/home/kosuke/turtlebot3_ws/src/install/turtlebot3_description:${AMENT_PREFIX_PATH} CMAKE_PREFIX_PATH=/home/kosuke/turtlebot3_ws/src/install/turtlebot3_node:/home/kosuke/turtlebot3_ws/src/install/turtlebot3_description:/home/kosuke/turtlebot3_ws/install/turtlebot3:/home/kosuke/turtlebot3_ws/install/turtlebot3_simulations:/home/kosuke/turtlebot3_ws/install/turtlebot3_bringup:/home/kosuke/turtlebot3_ws/install/turtlebot3_node:/home/kosuke/turtlebot3_ws/install/turtlebot3_navigation2:/home/kosuke/turtlebot3_ws/install/turtlebot3_gazebo:/home/kosuke/turtlebot3_ws/install/turtlebot3_fake_node:/home/kosuke/turtlebot3_ws/install/turtlebot3_description:/home/kosuke/turtlebot3_ws/install/turtlebot3_cartographer:/home/kosuke/turtlebot3_ws/install/turtlebot3_teleop:/home/kosuke/turtlebot3_ws/install/turtlebot3_sensor_reader:/home/kosuke/turtlebot3_ws/install/turtlebot3_example:/opt/ros/humble /usr/bin/cmake --install /home/kosuke/turtlebot3_ws/src/build/turtlebot3_bringup
[0.328s] -- Install configuration: ""
[0.328s] -- Up-to-date: /home/kosuke/turtlebot3_ws/src/install/turtlebot3_bringup/share/turtlebot3_bringup/launch
[0.329s] -- Up-to-date: /home/kosuke/turtlebot3_ws/src/install/turtlebot3_bringup/share/turtlebot3_bringup/launch/turtlebot3_state_publisher.launch.py
[0.329s] -- Up-to-date: /home/kosuke/turtlebot3_ws/src/install/turtlebot3_bringup/share/turtlebot3_bringup/launch/robot.launch.py
[0.329s] -- Up-to-date: /home/kosuke/turtlebot3_ws/src/install/turtlebot3_bringup/share/turtlebot3_bringup/launch/rviz2.launch.py
[0.329s] -- Up-to-date: /home/kosuke/turtlebot3_ws/src/install/turtlebot3_bringup/share/turtlebot3_bringup/param
[0.330s] -- Up-to-date: /home/kosuke/turtlebot3_ws/src/install/turtlebot3_bringup/share/turtlebot3_bringup/param/waffle.yaml
[0.330s] -- Up-to-date: /home/kosuke/turtlebot3_ws/src/install/turtlebot3_bringup/share/turtlebot3_bringup/param/waffle_pi.yaml
[0.330s] -- Up-to-date: /home/kosuke/turtlebot3_ws/src/install/turtlebot3_bringup/share/turtlebot3_bringup/param/burger.yaml
[0.330s] -- Up-to-date: /home/kosuke/turtlebot3_ws/src/install/turtlebot3_bringup/share/turtlebot3_bringup/script
[0.331s] -- Up-to-date: /home/kosuke/turtlebot3_ws/src/install/turtlebot3_bringup/share/turtlebot3_bringup/script/99-turtlebot3-cdc.rules
[0.331s] -- Up-to-date: /home/kosuke/turtlebot3_ws/src/install/turtlebot3_bringup/share/turtlebot3_bringup/script/create_udev_rules
[0.331s] -- Up-to-date: /home/kosuke/turtlebot3_ws/src/install/turtlebot3_bringup/share/ament_index/resource_index/package_run_dependencies/turtlebot3_bringup
[0.332s] -- Up-to-date: /home/kosuke/turtlebot3_ws/src/install/turtlebot3_bringup/share/ament_index/resource_index/parent_prefix_path/turtlebot3_bringup
[0.332s] -- Up-to-date: /home/kosuke/turtlebot3_ws/src/install/turtlebot3_bringup/share/turtlebot3_bringup/environment/ament_prefix_path.sh
[0.332s] -- Up-to-date: /home/kosuke/turtlebot3_ws/src/install/turtlebot3_bringup/share/turtlebot3_bringup/environment/ament_prefix_path.dsv
[0.332s] -- Up-to-date: /home/kosuke/turtlebot3_ws/src/install/turtlebot3_bringup/share/turtlebot3_bringup/environment/path.sh
[0.333s] -- Up-to-date: /home/kosuke/turtlebot3_ws/src/install/turtlebot3_bringup/share/turtlebot3_bringup/environment/path.dsv
[0.333s] -- Up-to-date: /home/kosuke/turtlebot3_ws/src/install/turtlebot3_bringup/share/turtlebot3_bringup/local_setup.bash
[0.333s] -- Up-to-date: /home/kosuke/turtlebot3_ws/src/install/turtlebot3_bringup/share/turtlebot3_bringup/local_setup.sh
[0.333s] -- Up-to-date: /home/kosuke/turtlebot3_ws/src/install/turtlebot3_bringup/share/turtlebot3_bringup/local_setup.zsh
[0.333s] -- Up-to-date: /home/kosuke/turtlebot3_ws/src/install/turtlebot3_bringup/share/turtlebot3_bringup/local_setup.dsv
[0.333s] -- Up-to-date: /home/kosuke/turtlebot3_ws/src/install/turtlebot3_bringup/share/turtlebot3_bringup/package.dsv
[0.333s] -- Up-to-date: /home/kosuke/turtlebot3_ws/src/install/turtlebot3_bringup/share/ament_index/resource_index/packages/turtlebot3_bringup
[0.334s] -- Up-to-date: /home/kosuke/turtlebot3_ws/src/install/turtlebot3_bringup/share/turtlebot3_bringup/cmake/turtlebot3_bringupConfig.cmake
[0.334s] -- Up-to-date: /home/kosuke/turtlebot3_ws/src/install/turtlebot3_bringup/share/turtlebot3_bringup/cmake/turtlebot3_bringupConfig-version.cmake
[0.334s] -- Up-to-date: /home/kosuke/turtlebot3_ws/src/install/turtlebot3_bringup/share/turtlebot3_bringup/package.xml
[0.336s] Invoked command in '/home/kosuke/turtlebot3_ws/src/build/turtlebot3_bringup' returned '0': AMENT_PREFIX_PATH=/home/kosuke/turtlebot3_ws/src/install/turtlebot3_node:/home/kosuke/turtlebot3_ws/src/install/turtlebot3_description:${AMENT_PREFIX_PATH} CMAKE_PREFIX_PATH=/home/kosuke/turtlebot3_ws/src/install/turtlebot3_node:/home/kosuke/turtlebot3_ws/src/install/turtlebot3_description:/home/kosuke/turtlebot3_ws/install/turtlebot3:/home/kosuke/turtlebot3_ws/install/turtlebot3_simulations:/home/kosuke/turtlebot3_ws/install/turtlebot3_bringup:/home/kosuke/turtlebot3_ws/install/turtlebot3_node:/home/kosuke/turtlebot3_ws/install/turtlebot3_navigation2:/home/kosuke/turtlebot3_ws/install/turtlebot3_gazebo:/home/kosuke/turtlebot3_ws/install/turtlebot3_fake_node:/home/kosuke/turtlebot3_ws/install/turtlebot3_description:/home/kosuke/turtlebot3_ws/install/turtlebot3_cartographer:/home/kosuke/turtlebot3_ws/install/turtlebot3_teleop:/home/kosuke/turtlebot3_ws/install/turtlebot3_sensor_reader:/home/kosuke/turtlebot3_ws/install/turtlebot3_example:/opt/ros/humble /usr/bin/cmake --install /home/kosuke/turtlebot3_ws/src/build/turtlebot3_bringup
