[0.019s] Invoking command in '/home/kosuke/turtlebot3_ws/build/turtlebot3_node': CMAKE_PREFIX_PATH=/opt/ros/humble /usr/bin/cmake /home/kosuke/turtlebot3_ws/src/turtlebot3/turtlebot3_node -DAMENT_CMAKE_SYMLINK_INSTALL=1 -DCMAKE_INSTALL_PREFIX=/home/kosuke/turtlebot3_ws/install/turtlebot3_node
[0.183s] -- The C compiler identification is GNU 11.4.0
[0.320s] -- The CXX compiler identification is GNU 11.4.0
[0.338s] -- Detecting C compiler ABI info
[0.428s] -- Detecting C compiler ABI info - done
[0.435s] -- Check for working C compiler: /usr/bin/cc - skipped
[0.436s] -- Detecting C compile features
[0.437s] -- Detecting C compile features - done
[0.439s] -- Detecting CXX compiler ABI info
[0.549s] -- Detecting CXX compiler ABI info - done
[0.557s] -- Check for working CXX compiler: /usr/bin/c++ - skipped
[0.557s] -- Detecting CXX compile features
[0.559s] -- Detecting CXX compile features - done
[0.566s] -- Found ament_cmake: 1.3.10 (/opt/ros/humble/share/ament_cmake/cmake)
[0.732s] -- Found Python3: /usr/bin/python3 (found version "3.10.12") found components: Interpreter 
[0.809s] -- Override CMake install command with custom implementation using symlinks instead of copying resources
[0.866s] -- Found dynamixel_sdk: 3.7.60 (/opt/ros/humble/share/dynamixel_sdk/cmake)
[0.870s] -- Found geometry_msgs: 4.2.4 (/opt/ros/humble/share/geometry_msgs/cmake)
[0.945s] -- Found rosidl_generator_c: 3.1.5 (/opt/ros/humble/share/rosidl_generator_c/cmake)
[0.957s] -- Found rosidl_adapter: 3.1.5 (/opt/ros/humble/share/rosidl_adapter/cmake)
[0.971s] -- Found rosidl_generator_cpp: 3.1.5 (/opt/ros/humble/share/rosidl_generator_cpp/cmake)
[0.997s] -- Using all available rosidl_typesupport_c: rosidl_typesupport_fastrtps_c;rosidl_typesupport_introspection_c
[1.025s] -- Using all available rosidl_typesupport_cpp: rosidl_typesupport_fastrtps_cpp;rosidl_typesupport_introspection_cpp
[1.103s] -- Found message_filters: 4.3.4 (/opt/ros/humble/share/message_filters/cmake)
[1.190s] -- Found rmw_implementation_cmake: 6.1.2 (/opt/ros/humble/share/rmw_implementation_cmake/cmake)
[1.196s] -- Found rmw_fastrtps_cpp: 6.2.7 (/opt/ros/humble/share/rmw_fastrtps_cpp/cmake)
[1.335s] -- Found OpenSSL: /usr/lib/x86_64-linux-gnu/libcrypto.so (found version "3.0.2")  
[1.371s] -- Found FastRTPS: /opt/ros/humble/include  
[1.430s] -- Using RMW implementation 'rmw_fastrtps_cpp' as default
[1.451s] -- Looking for pthread.h
[1.562s] -- Looking for pthread.h - found
[1.563s] -- Performing Test CMAKE_HAVE_LIBC_PTHREAD
[1.656s] -- Performing Test CMAKE_HAVE_LIBC_PTHREAD - Success
[1.657s] -- Found Threads: TRUE  
[1.723s] -- Found nav_msgs: 4.2.4 (/opt/ros/humble/share/nav_msgs/cmake)
[1.757s] -- Found sensor_msgs: 4.2.4 (/opt/ros/humble/share/sensor_msgs/cmake)
[1.781s] -- Found std_srvs: 4.2.4 (/opt/ros/humble/share/std_srvs/cmake)
[1.804s] -- Found tf2: 0.25.7 (/opt/ros/humble/share/tf2/cmake)
[1.818s] -- Found tf2_ros: 0.25.7 (/opt/ros/humble/share/tf2_ros/cmake)
[1.957s] -- Found turtlebot3_msgs: 2.2.3 (/opt/ros/humble/share/turtlebot3_msgs/cmake)
[2.053s] -- Configuring done
[2.079s] -- Generating done
[2.079s] -- Build files have been written to: /home/kosuke/turtlebot3_ws/build/turtlebot3_node
[2.095s] Invoked command in '/home/kosuke/turtlebot3_ws/build/turtlebot3_node' returned '0': CMAKE_PREFIX_PATH=/opt/ros/humble /usr/bin/cmake /home/kosuke/turtlebot3_ws/src/turtlebot3/turtlebot3_node -DAMENT_CMAKE_SYMLINK_INSTALL=1 -DCMAKE_INSTALL_PREFIX=/home/kosuke/turtlebot3_ws/install/turtlebot3_node
[2.096s] Invoking command in '/home/kosuke/turtlebot3_ws/build/turtlebot3_node': CMAKE_PREFIX_PATH=/opt/ros/humble /usr/bin/cmake --build /home/kosuke/turtlebot3_ws/build/turtlebot3_node -- -j4 -l4
[2.160s] [  7%] [32mBuilding CXX object CMakeFiles/turtlebot3_node_lib.dir/src/devices/motor_power.cpp.o[0m
[2.160s] [ 14%] [32mBuilding CXX object CMakeFiles/turtlebot3_node_lib.dir/src/devices/reset.cpp.o[0m
[2.162s] [ 21%] [32mBuilding CXX object CMakeFiles/turtlebot3_node_lib.dir/src/devices/sound.cpp.o[0m
[2.168s] [ 28%] [32mBuilding CXX object CMakeFiles/turtlebot3_node_lib.dir/src/diff_drive_controller.cpp.o[0m
[7.534s] [ 35%] [32mBuilding CXX object CMakeFiles/turtlebot3_node_lib.dir/src/dynamixel_sdk_wrapper.cpp.o[0m
[8.531s] [ 42%] [32mBuilding CXX object CMakeFiles/turtlebot3_node_lib.dir/src/odometry.cpp.o[0m
[9.148s] [ 50%] [32mBuilding CXX object CMakeFiles/turtlebot3_node_lib.dir/src/turtlebot3.cpp.o[0m
[10.826s] [ 57%] [32mBuilding CXX object CMakeFiles/turtlebot3_node_lib.dir/src/sensors/battery_state.cpp.o[0m
[10.904s] [ 64%] [32mBuilding CXX object CMakeFiles/turtlebot3_node_lib.dir/src/sensors/imu.cpp.o[0m
[20.388s] [ 71%] [32mBuilding CXX object CMakeFiles/turtlebot3_node_lib.dir/src/sensors/joint_state.cpp.o[0m
[21.785s] [ 78%] [32mBuilding CXX object CMakeFiles/turtlebot3_node_lib.dir/src/sensors/sensor_state.cpp.o[0m
[34.135s] [ 85%] [32m[1mLinking CXX static library libturtlebot3_node_lib.a[0m
[34.803s] [ 85%] Built target turtlebot3_node_lib
[34.823s] [ 92%] [32mBuilding CXX object CMakeFiles/turtlebot3_ros.dir/src/node_main.cpp.o[0m
[37.627s] [100%] [32m[1mLinking CXX executable turtlebot3_ros[0m
[39.142s] [100%] Built target turtlebot3_ros
[39.155s] Invoked command in '/home/kosuke/turtlebot3_ws/build/turtlebot3_node' returned '0': CMAKE_PREFIX_PATH=/opt/ros/humble /usr/bin/cmake --build /home/kosuke/turtlebot3_ws/build/turtlebot3_node -- -j4 -l4
[39.205s] Invoking command in '/home/kosuke/turtlebot3_ws/build/turtlebot3_node': CMAKE_PREFIX_PATH=/opt/ros/humble /usr/bin/cmake --install /home/kosuke/turtlebot3_ws/build/turtlebot3_node
[39.212s] -- Install configuration: ""
[39.212s] -- Execute custom install script
[39.213s] -- Symlinking: /home/kosuke/turtlebot3_ws/install/turtlebot3_node/share/turtlebot3_node/param/burger.yaml
[39.221s] -- Symlinking: /home/kosuke/turtlebot3_ws/install/turtlebot3_node/share/turtlebot3_node/param/waffle.yaml
[39.229s] -- Symlinking: /home/kosuke/turtlebot3_ws/install/turtlebot3_node/share/turtlebot3_node/param/waffle_pi.yaml
[39.237s] -- Symlinking: /home/kosuke/turtlebot3_ws/install/turtlebot3_node/lib/turtlebot3_node/turtlebot3_ros
[39.245s] -- Symlinking: /home/kosuke/turtlebot3_ws/install/turtlebot3_node/share/ament_index/resource_index/package_run_dependencies/turtlebot3_node
[39.254s] -- Symlinking: /home/kosuke/turtlebot3_ws/install/turtlebot3_node/share/ament_index/resource_index/parent_prefix_path/turtlebot3_node
[39.262s] -- Symlinking: /home/kosuke/turtlebot3_ws/install/turtlebot3_node/share/turtlebot3_node/environment/ament_prefix_path.sh
[39.270s] -- Symlinking: /home/kosuke/turtlebot3_ws/install/turtlebot3_node/share/turtlebot3_node/environment/ament_prefix_path.dsv
[39.279s] -- Symlinking: /home/kosuke/turtlebot3_ws/install/turtlebot3_node/share/turtlebot3_node/environment/path.sh
[39.287s] -- Symlinking: /home/kosuke/turtlebot3_ws/install/turtlebot3_node/share/turtlebot3_node/environment/path.dsv
[39.296s] -- Symlinking: /home/kosuke/turtlebot3_ws/install/turtlebot3_node/share/turtlebot3_node/local_setup.bash
[39.305s] -- Symlinking: /home/kosuke/turtlebot3_ws/install/turtlebot3_node/share/turtlebot3_node/local_setup.sh
[39.314s] -- Symlinking: /home/kosuke/turtlebot3_ws/install/turtlebot3_node/share/turtlebot3_node/local_setup.zsh
[39.323s] -- Symlinking: /home/kosuke/turtlebot3_ws/install/turtlebot3_node/share/turtlebot3_node/local_setup.dsv
[39.331s] -- Symlinking: /home/kosuke/turtlebot3_ws/install/turtlebot3_node/share/turtlebot3_node/package.dsv
[39.340s] -- Symlinking: /home/kosuke/turtlebot3_ws/install/turtlebot3_node/share/ament_index/resource_index/packages/turtlebot3_node
[39.348s] -- Symlinking: /home/kosuke/turtlebot3_ws/install/turtlebot3_node/share/turtlebot3_node/cmake/ament_cmake_export_include_directories-extras.cmake
[39.356s] -- Symlinking: /home/kosuke/turtlebot3_ws/install/turtlebot3_node/share/turtlebot3_node/cmake/turtlebot3_nodeConfig.cmake
[39.364s] -- Symlinking: /home/kosuke/turtlebot3_ws/install/turtlebot3_node/share/turtlebot3_node/cmake/turtlebot3_nodeConfig-version.cmake
[39.372s] -- Symlinking: /home/kosuke/turtlebot3_ws/install/turtlebot3_node/share/turtlebot3_node/package.xml
[39.383s] Invoked command in '/home/kosuke/turtlebot3_ws/build/turtlebot3_node' returned '0': CMAKE_PREFIX_PATH=/opt/ros/humble /usr/bin/cmake --install /home/kosuke/turtlebot3_ws/build/turtlebot3_node
