[0.945s] Invoking command in '/home/kosuke/turtlebot3_ws/src/turtlebot3_control': PYTHONPATH=/home/kosuke/turtlebot3_ws/src/build/turtlebot3_control/prefix_override:/usr/lib/python3/dist-packages/colcon_core/task/python/colcon_distutils_commands:/home/kosuke/turtlebot3_ws/src/install/turtlebot3_control/lib/python3.10/site-packages:${PYTHONPATH} /usr/bin/python3 -W ignore:setup.py install is deprecated setup.py egg_info --egg-base ../build/turtlebot3_control build --build-base /home/kosuke/turtlebot3_ws/src/build/turtlebot3_control/build install --record /home/kosuke/turtlebot3_ws/src/build/turtlebot3_control/install.log --single-version-externally-managed install_data
[1.228s] running egg_info
[1.228s] creating ../build/turtlebot3_control/turtlebot3_control.egg-info
[1.228s] writing ../build/turtlebot3_control/turtlebot3_control.egg-info/PKG-INFO
[1.228s] writing dependency_links to ../build/turtlebot3_control/turtlebot3_control.egg-info/dependency_links.txt
[1.228s] writing entry points to ../build/turtlebot3_control/turtlebot3_control.egg-info/entry_points.txt
[1.228s] writing requirements to ../build/turtlebot3_control/turtlebot3_control.egg-info/requires.txt
[1.228s] writing top-level names to ../build/turtlebot3_control/turtlebot3_control.egg-info/top_level.txt
[1.228s] writing manifest file '../build/turtlebot3_control/turtlebot3_control.egg-info/SOURCES.txt'
[1.233s] reading manifest file '../build/turtlebot3_control/turtlebot3_control.egg-info/SOURCES.txt'
[1.233s] writing manifest file '../build/turtlebot3_control/turtlebot3_control.egg-info/SOURCES.txt'
[1.233s] running build
[1.233s] running build_py
[1.233s] creating /home/kosuke/turtlebot3_ws/src/build/turtlebot3_control/build
[1.233s] creating /home/kosuke/turtlebot3_ws/src/build/turtlebot3_control/build/lib
[1.234s] creating /home/kosuke/turtlebot3_ws/src/build/turtlebot3_control/build/lib/turtlebot3_control
[1.234s] copying turtlebot3_control/turtlebot3_control.py -> /home/kosuke/turtlebot3_ws/src/build/turtlebot3_control/build/lib/turtlebot3_control
[1.234s] copying turtlebot3_control/__init__.py -> /home/kosuke/turtlebot3_ws/src/build/turtlebot3_control/build/lib/turtlebot3_control
[1.234s] running install
[1.234s] running install_lib
[1.235s] creating /home/kosuke/turtlebot3_ws/src/install/turtlebot3_control/lib/python3.10/site-packages/turtlebot3_control
[1.235s] copying /home/kosuke/turtlebot3_ws/src/build/turtlebot3_control/build/lib/turtlebot3_control/turtlebot3_control.py -> /home/kosuke/turtlebot3_ws/src/install/turtlebot3_control/lib/python3.10/site-packages/turtlebot3_control
[1.235s] copying /home/kosuke/turtlebot3_ws/src/build/turtlebot3_control/build/lib/turtlebot3_control/__init__.py -> /home/kosuke/turtlebot3_ws/src/install/turtlebot3_control/lib/python3.10/site-packages/turtlebot3_control
[1.235s] byte-compiling /home/kosuke/turtlebot3_ws/src/install/turtlebot3_control/lib/python3.10/site-packages/turtlebot3_control/turtlebot3_control.py to turtlebot3_control.cpython-310.pyc
[1.235s] byte-compiling /home/kosuke/turtlebot3_ws/src/install/turtlebot3_control/lib/python3.10/site-packages/turtlebot3_control/__init__.py to __init__.cpython-310.pyc
[1.235s] running install_data
[1.236s] creating /home/kosuke/turtlebot3_ws/src/install/turtlebot3_control/share/ament_index
[1.236s] creating /home/kosuke/turtlebot3_ws/src/install/turtlebot3_control/share/ament_index/resource_index
[1.236s] creating /home/kosuke/turtlebot3_ws/src/install/turtlebot3_control/share/ament_index/resource_index/packages
[1.236s] copying resource/turtlebot3_control -> /home/kosuke/turtlebot3_ws/src/install/turtlebot3_control/share/ament_index/resource_index/packages
[1.236s] copying package.xml -> /home/kosuke/turtlebot3_ws/src/install/turtlebot3_control/share/turtlebot3_control
[1.236s] running install_egg_info
[1.238s] Copying ../build/turtlebot3_control/turtlebot3_control.egg-info to /home/kosuke/turtlebot3_ws/src/install/turtlebot3_control/lib/python3.10/site-packages/turtlebot3_control-0.0.0-py3.10.egg-info
[1.241s] running install_scripts
[1.259s] Installing turtlebot3_control script to /home/kosuke/turtlebot3_ws/src/install/turtlebot3_control/lib/turtlebot3_control
[1.259s] writing list of installed files to '/home/kosuke/turtlebot3_ws/src/build/turtlebot3_control/install.log'
[1.301s] Invoked command in '/home/kosuke/turtlebot3_ws/src/turtlebot3_control' returned '0': PYTHONPATH=/home/kosuke/turtlebot3_ws/src/build/turtlebot3_control/prefix_override:/usr/lib/python3/dist-packages/colcon_core/task/python/colcon_distutils_commands:/home/kosuke/turtlebot3_ws/src/install/turtlebot3_control/lib/python3.10/site-packages:${PYTHONPATH} /usr/bin/python3 -W ignore:setup.py install is deprecated setup.py egg_info --egg-base ../build/turtlebot3_control build --build-base /home/kosuke/turtlebot3_ws/src/build/turtlebot3_control/build install --record /home/kosuke/turtlebot3_ws/src/build/turtlebot3_control/install.log --single-version-externally-managed install_data
