[0.025s] Invoking command in '/home/kosuke/turtlebot3_ws/src/build/turtlebot3_fake_node': CMAKE_PREFIX_PATH=${CMAKE_PREFIX_PATH}:/home/kosuke/install/turtlebot3_teleop:/home/kosuke/install/turtlebot3_sensor_reader:/home/kosuke/install/turtlebot3_example:/home/kosuke/install/turtlebot3_control:/home/kosuke/install/turtlebot3_autonomous_control:/home/kosuke/turtlebot3_ws/install/turtlebot3_teleop:/home/kosuke/turtlebot3_ws/install/turtlebot3_sensor_reader:/home/kosuke/turtlebot3_ws/install/turtlebot3_example:/opt/ros/humble /usr/bin/cmake --build /home/kosuke/turtlebot3_ws/src/build/turtlebot3_fake_node -- -j4 -l4
[0.110s] [100%] Built target turtlebot3_fake_node
[0.144s] Invoked command in '/home/kosuke/turtlebot3_ws/src/build/turtlebot3_fake_node' returned '0': CMAKE_PREFIX_PATH=${CMAKE_PREFIX_PATH}:/home/kosuke/install/turtlebot3_teleop:/home/kosuke/install/turtlebot3_sensor_reader:/home/kosuke/install/turtlebot3_example:/home/kosuke/install/turtlebot3_control:/home/kosuke/install/turtlebot3_autonomous_control:/home/kosuke/turtlebot3_ws/install/turtlebot3_teleop:/home/kosuke/turtlebot3_ws/install/turtlebot3_sensor_reader:/home/kosuke/turtlebot3_ws/install/turtlebot3_example:/opt/ros/humble /usr/bin/cmake --build /home/kosuke/turtlebot3_ws/src/build/turtlebot3_fake_node -- -j4 -l4
[0.181s] Invoking command in '/home/kosuke/turtlebot3_ws/src/build/turtlebot3_fake_node': CMAKE_PREFIX_PATH=${CMAKE_PREFIX_PATH}:/home/kosuke/install/turtlebot3_teleop:/home/kosuke/install/turtlebot3_sensor_reader:/home/kosuke/install/turtlebot3_example:/home/kosuke/install/turtlebot3_control:/home/kosuke/install/turtlebot3_autonomous_control:/home/kosuke/turtlebot3_ws/install/turtlebot3_teleop:/home/kosuke/turtlebot3_ws/install/turtlebot3_sensor_reader:/home/kosuke/turtlebot3_ws/install/turtlebot3_example:/opt/ros/humble /usr/bin/cmake --install /home/kosuke/turtlebot3_ws/src/build/turtlebot3_fake_node
[0.192s] -- Install configuration: ""
[0.192s] -- Up-to-date: /home/kosuke/turtlebot3_ws/src/install/turtlebot3_fake_node/lib/turtlebot3_fake_node/turtlebot3_fake_node
[0.192s] -- Up-to-date: /home/kosuke/turtlebot3_ws/src/install/turtlebot3_fake_node/share/turtlebot3_fake_node/launch
[0.193s] -- Up-to-date: /home/kosuke/turtlebot3_ws/src/install/turtlebot3_fake_node/share/turtlebot3_fake_node/launch/turtlebot3_fake_node.launch.py
[0.193s] -- Up-to-date: /home/kosuke/turtlebot3_ws/src/install/turtlebot3_fake_node/share/turtlebot3_fake_node/launch/rviz2.launch.py
[0.193s] -- Up-to-date: /home/kosuke/turtlebot3_ws/src/install/turtlebot3_fake_node/share/turtlebot3_fake_node/param
[0.194s] -- Up-to-date: /home/kosuke/turtlebot3_ws/src/install/turtlebot3_fake_node/share/turtlebot3_fake_node/param/waffle.yaml
[0.194s] -- Up-to-date: /home/kosuke/turtlebot3_ws/src/install/turtlebot3_fake_node/share/turtlebot3_fake_node/param/waffle_pi.yaml
[0.194s] -- Up-to-date: /home/kosuke/turtlebot3_ws/src/install/turtlebot3_fake_node/share/turtlebot3_fake_node/param/burger.yaml
[0.194s] -- Up-to-date: /home/kosuke/turtlebot3_ws/src/install/turtlebot3_fake_node/include/
[0.194s] -- Up-to-date: /home/kosuke/turtlebot3_ws/src/install/turtlebot3_fake_node/include//turtlebot3_fake_node
[0.194s] -- Up-to-date: /home/kosuke/turtlebot3_ws/src/install/turtlebot3_fake_node/include//turtlebot3_fake_node/turtlebot3_fake_node.hpp
[0.194s] -- Up-to-date: /home/kosuke/turtlebot3_ws/src/install/turtlebot3_fake_node/share/ament_index/resource_index/package_run_dependencies/turtlebot3_fake_node
[0.195s] -- Up-to-date: /home/kosuke/turtlebot3_ws/src/install/turtlebot3_fake_node/share/ament_index/resource_index/parent_prefix_path/turtlebot3_fake_node
[0.195s] -- Up-to-date: /home/kosuke/turtlebot3_ws/src/install/turtlebot3_fake_node/share/turtlebot3_fake_node/environment/ament_prefix_path.sh
[0.195s] -- Up-to-date: /home/kosuke/turtlebot3_ws/src/install/turtlebot3_fake_node/share/turtlebot3_fake_node/environment/ament_prefix_path.dsv
[0.195s] -- Up-to-date: /home/kosuke/turtlebot3_ws/src/install/turtlebot3_fake_node/share/turtlebot3_fake_node/environment/path.sh
[0.195s] -- Up-to-date: /home/kosuke/turtlebot3_ws/src/install/turtlebot3_fake_node/share/turtlebot3_fake_node/environment/path.dsv
[0.195s] -- Up-to-date: /home/kosuke/turtlebot3_ws/src/install/turtlebot3_fake_node/share/turtlebot3_fake_node/local_setup.bash
[0.195s] -- Up-to-date: /home/kosuke/turtlebot3_ws/src/install/turtlebot3_fake_node/share/turtlebot3_fake_node/local_setup.sh
[0.195s] -- Up-to-date: /home/kosuke/turtlebot3_ws/src/install/turtlebot3_fake_node/share/turtlebot3_fake_node/local_setup.zsh
[0.195s] -- Up-to-date: /home/kosuke/turtlebot3_ws/src/install/turtlebot3_fake_node/share/turtlebot3_fake_node/local_setup.dsv
[0.196s] -- Installing: /home/kosuke/turtlebot3_ws/src/install/turtlebot3_fake_node/share/turtlebot3_fake_node/package.dsv
[0.197s] -- Up-to-date: /home/kosuke/turtlebot3_ws/src/install/turtlebot3_fake_node/share/ament_index/resource_index/packages/turtlebot3_fake_node
[0.198s] -- Up-to-date: /home/kosuke/turtlebot3_ws/src/install/turtlebot3_fake_node/share/turtlebot3_fake_node/cmake/ament_cmake_export_include_directories-extras.cmake
[0.198s] -- Up-to-date: /home/kosuke/turtlebot3_ws/src/install/turtlebot3_fake_node/share/turtlebot3_fake_node/cmake/ament_cmake_export_dependencies-extras.cmake
[0.198s] -- Up-to-date: /home/kosuke/turtlebot3_ws/src/install/turtlebot3_fake_node/share/turtlebot3_fake_node/cmake/turtlebot3_fake_nodeConfig.cmake
[0.198s] -- Up-to-date: /home/kosuke/turtlebot3_ws/src/install/turtlebot3_fake_node/share/turtlebot3_fake_node/cmake/turtlebot3_fake_nodeConfig-version.cmake
[0.198s] -- Up-to-date: /home/kosuke/turtlebot3_ws/src/install/turtlebot3_fake_node/share/turtlebot3_fake_node/package.xml
[0.201s] Invoked command in '/home/kosuke/turtlebot3_ws/src/build/turtlebot3_fake_node' returned '0': CMAKE_PREFIX_PATH=${CMAKE_PREFIX_PATH}:/home/kosuke/install/turtlebot3_teleop:/home/kosuke/install/turtlebot3_sensor_reader:/home/kosuke/install/turtlebot3_example:/home/kosuke/install/turtlebot3_control:/home/kosuke/install/turtlebot3_autonomous_control:/home/kosuke/turtlebot3_ws/install/turtlebot3_teleop:/home/kosuke/turtlebot3_ws/install/turtlebot3_sensor_reader:/home/kosuke/turtlebot3_ws/install/turtlebot3_example:/opt/ros/humble /usr/bin/cmake --install /home/kosuke/turtlebot3_ws/src/build/turtlebot3_fake_node
