[0.907s] Invoking command in '/home/kosuke/turtlebot3_ws/src/turtlebot3_sensor_reader': PYTHONPATH=/home/kosuke/turtlebot3_ws/src/build/turtlebot3_sensor_reader/prefix_override:/usr/lib/python3/dist-packages/colcon_core/task/python/colcon_distutils_commands:/home/kosuke/turtlebot3_ws/src/install/turtlebot3_sensor_reader/lib/python3.10/site-packages:${PYTHONPATH} /usr/bin/python3 -W ignore:setup.py install is deprecated setup.py egg_info --egg-base ../build/turtlebot3_sensor_reader build --build-base /home/kosuke/turtlebot3_ws/src/build/turtlebot3_sensor_reader/build install --record /home/kosuke/turtlebot3_ws/src/build/turtlebot3_sensor_reader/install.log --single-version-externally-managed install_data
[1.332s] running egg_info
[1.334s] creating ../build/turtlebot3_sensor_reader/turtlebot3_sensor_reader.egg-info
[1.335s] writing ../build/turtlebot3_sensor_reader/turtlebot3_sensor_reader.egg-info/PKG-INFO
[1.336s] writing dependency_links to ../build/turtlebot3_sensor_reader/turtlebot3_sensor_reader.egg-info/dependency_links.txt
[1.341s] writing entry points to ../build/turtlebot3_sensor_reader/turtlebot3_sensor_reader.egg-info/entry_points.txt
[1.341s] writing requirements to ../build/turtlebot3_sensor_reader/turtlebot3_sensor_reader.egg-info/requires.txt
[1.341s] writing top-level names to ../build/turtlebot3_sensor_reader/turtlebot3_sensor_reader.egg-info/top_level.txt
[1.341s] writing manifest file '../build/turtlebot3_sensor_reader/turtlebot3_sensor_reader.egg-info/SOURCES.txt'
[1.346s] reading manifest file '../build/turtlebot3_sensor_reader/turtlebot3_sensor_reader.egg-info/SOURCES.txt'
[1.346s] writing manifest file '../build/turtlebot3_sensor_reader/turtlebot3_sensor_reader.egg-info/SOURCES.txt'
[1.346s] running build
[1.346s] running build_py
[1.346s] creating /home/kosuke/turtlebot3_ws/src/build/turtlebot3_sensor_reader/build
[1.346s] creating /home/kosuke/turtlebot3_ws/src/build/turtlebot3_sensor_reader/build/lib
[1.346s] creating /home/kosuke/turtlebot3_ws/src/build/turtlebot3_sensor_reader/build/lib/turtlebot3_sensor_reader
[1.346s] copying turtlebot3_sensor_reader/turtlebot3_sensor_reader.py -> /home/kosuke/turtlebot3_ws/src/build/turtlebot3_sensor_reader/build/lib/turtlebot3_sensor_reader
[1.346s] copying turtlebot3_sensor_reader/__init__.py -> /home/kosuke/turtlebot3_ws/src/build/turtlebot3_sensor_reader/build/lib/turtlebot3_sensor_reader
[1.351s] running install
[1.351s] running install_lib
[1.351s] creating /home/kosuke/turtlebot3_ws/src/install/turtlebot3_sensor_reader/lib/python3.10/site-packages/turtlebot3_sensor_reader
[1.351s] copying /home/kosuke/turtlebot3_ws/src/build/turtlebot3_sensor_reader/build/lib/turtlebot3_sensor_reader/turtlebot3_sensor_reader.py -> /home/kosuke/turtlebot3_ws/src/install/turtlebot3_sensor_reader/lib/python3.10/site-packages/turtlebot3_sensor_reader
[1.351s] copying /home/kosuke/turtlebot3_ws/src/build/turtlebot3_sensor_reader/build/lib/turtlebot3_sensor_reader/__init__.py -> /home/kosuke/turtlebot3_ws/src/install/turtlebot3_sensor_reader/lib/python3.10/site-packages/turtlebot3_sensor_reader
[1.352s] byte-compiling /home/kosuke/turtlebot3_ws/src/install/turtlebot3_sensor_reader/lib/python3.10/site-packages/turtlebot3_sensor_reader/turtlebot3_sensor_reader.py to turtlebot3_sensor_reader.cpython-310.pyc
[1.355s] byte-compiling /home/kosuke/turtlebot3_ws/src/install/turtlebot3_sensor_reader/lib/python3.10/site-packages/turtlebot3_sensor_reader/__init__.py to __init__.cpython-310.pyc
[1.355s] running install_data
[1.357s] creating /home/kosuke/turtlebot3_ws/src/install/turtlebot3_sensor_reader/share/ament_index
[1.357s] creating /home/kosuke/turtlebot3_ws/src/install/turtlebot3_sensor_reader/share/ament_index/resource_index
[1.357s] creating /home/kosuke/turtlebot3_ws/src/install/turtlebot3_sensor_reader/share/ament_index/resource_index/packages
[1.357s] copying resource/turtlebot3_sensor_reader -> /home/kosuke/turtlebot3_ws/src/install/turtlebot3_sensor_reader/share/ament_index/resource_index/packages
[1.357s] copying package.xml -> /home/kosuke/turtlebot3_ws/src/install/turtlebot3_sensor_reader/share/turtlebot3_sensor_reader
[1.357s] running install_egg_info
[1.361s] Copying ../build/turtlebot3_sensor_reader/turtlebot3_sensor_reader.egg-info to /home/kosuke/turtlebot3_ws/src/install/turtlebot3_sensor_reader/lib/python3.10/site-packages/turtlebot3_sensor_reader-0.0.0-py3.10.egg-info
[1.361s] running install_scripts
[1.419s] Installing turtlebot3_sensor_reader script to /home/kosuke/turtlebot3_ws/src/install/turtlebot3_sensor_reader/lib/turtlebot3_sensor_reader
[1.423s] writing list of installed files to '/home/kosuke/turtlebot3_ws/src/build/turtlebot3_sensor_reader/install.log'
[1.498s] Invoked command in '/home/kosuke/turtlebot3_ws/src/turtlebot3_sensor_reader' returned '0': PYTHONPATH=/home/kosuke/turtlebot3_ws/src/build/turtlebot3_sensor_reader/prefix_override:/usr/lib/python3/dist-packages/colcon_core/task/python/colcon_distutils_commands:/home/kosuke/turtlebot3_ws/src/install/turtlebot3_sensor_reader/lib/python3.10/site-packages:${PYTHONPATH} /usr/bin/python3 -W ignore:setup.py install is deprecated setup.py egg_info --egg-base ../build/turtlebot3_sensor_reader build --build-base /home/kosuke/turtlebot3_ws/src/build/turtlebot3_sensor_reader/build install --record /home/kosuke/turtlebot3_ws/src/build/turtlebot3_sensor_reader/install.log --single-version-externally-managed install_data
