[0.818s] Invoking command in '/home/kosuke/turtlebot3_ws/src/turtlebot3/turtlebot3_teleop': PYTHONPATH=/home/kosuke/turtlebot3_ws/build/turtlebot3_teleop/prefix_override:/usr/lib/python3/dist-packages/colcon_core/task/python/colcon_distutils_commands:/home/kosuke/turtlebot3_ws/install/turtlebot3_teleop/lib/python3.10/site-packages:${PYTHONPATH} /usr/bin/python3 -W ignore:setup.py install is deprecated setup.py egg_info --egg-base ../../../build/turtlebot3_teleop build --build-base /home/kosuke/turtlebot3_ws/build/turtlebot3_teleop/build install --record /home/kosuke/turtlebot3_ws/build/turtlebot3_teleop/install.log --single-version-externally-managed install_data
[1.208s] running egg_info
[1.211s] writing ../../../build/turtlebot3_teleop/turtlebot3_teleop.egg-info/PKG-INFO
[1.211s] writing dependency_links to ../../../build/turtlebot3_teleop/turtlebot3_teleop.egg-info/dependency_links.txt
[1.211s] writing entry points to ../../../build/turtlebot3_teleop/turtlebot3_teleop.egg-info/entry_points.txt
[1.211s] writing requirements to ../../../build/turtlebot3_teleop/turtlebot3_teleop.egg-info/requires.txt
[1.211s] writing top-level names to ../../../build/turtlebot3_teleop/turtlebot3_teleop.egg-info/top_level.txt
[1.213s] reading manifest file '../../../build/turtlebot3_teleop/turtlebot3_teleop.egg-info/SOURCES.txt'
[1.213s] writing manifest file '../../../build/turtlebot3_teleop/turtlebot3_teleop.egg-info/SOURCES.txt'
[1.213s] running build
[1.214s] running build_py
[1.214s] running install
[1.214s] running install_lib
[1.215s] running install_data
[1.216s] running install_egg_info
[1.217s] removing '/home/kosuke/turtlebot3_ws/install/turtlebot3_teleop/lib/python3.10/site-packages/turtlebot3_teleop-2.1.5-py3.10.egg-info' (and everything under it)
[1.218s] Copying ../../../build/turtlebot3_teleop/turtlebot3_teleop.egg-info to /home/kosuke/turtlebot3_ws/install/turtlebot3_teleop/lib/python3.10/site-packages/turtlebot3_teleop-2.1.5-py3.10.egg-info
[1.219s] running install_scripts
[1.237s] Installing teleop_keyboard script to /home/kosuke/turtlebot3_ws/install/turtlebot3_teleop/lib/turtlebot3_teleop
[1.238s] writing list of installed files to '/home/kosuke/turtlebot3_ws/build/turtlebot3_teleop/install.log'
[1.269s] Invoked command in '/home/kosuke/turtlebot3_ws/src/turtlebot3/turtlebot3_teleop' returned '0': PYTHONPATH=/home/kosuke/turtlebot3_ws/build/turtlebot3_teleop/prefix_override:/usr/lib/python3/dist-packages/colcon_core/task/python/colcon_distutils_commands:/home/kosuke/turtlebot3_ws/install/turtlebot3_teleop/lib/python3.10/site-packages:${PYTHONPATH} /usr/bin/python3 -W ignore:setup.py install is deprecated setup.py egg_info --egg-base ../../../build/turtlebot3_teleop build --build-base /home/kosuke/turtlebot3_ws/build/turtlebot3_teleop/build install --record /home/kosuke/turtlebot3_ws/build/turtlebot3_teleop/install.log --single-version-externally-managed install_data
