[0.007s] Invoking command in '/home/kosuke/turtlebot3_ws/build/turtlebot3_bringup': AMENT_PREFIX_PATH=/home/kosuke/turtlebot3_ws/install/turtlebot3_node:/home/kosuke/turtlebot3_ws/install/turtlebot3_description:${AMENT_PREFIX_PATH} CMAKE_PREFIX_PATH=/home/kosuke/turtlebot3_ws/install/turtlebot3_node:/home/kosuke/turtlebot3_ws/install/turtlebot3_description:/opt/ros/humble /usr/bin/cmake /home/kosuke/turtlebot3_ws/src/turtlebot3/turtlebot3_bringup -DAMENT_CMAKE_SYMLINK_INSTALL=1 -DCMAKE_INSTALL_PREFIX=/home/kosuke/turtlebot3_ws/install/turtlebot3_bringup
[0.060s] -- The C compiler identification is GNU 11.4.0
[0.111s] -- The CXX compiler identification is GNU 11.4.0
[0.118s] -- Detecting C compiler ABI info
[0.182s] -- Detecting C compiler ABI info - done
[0.189s] -- Check for working C compiler: /usr/bin/cc - skipped
[0.189s] -- Detecting C compile features
[0.189s] -- Detecting C compile features - done
[0.192s] -- Detecting CXX compiler ABI info
[0.266s] -- Detecting CXX compiler ABI info - done
[0.273s] -- Check for working CXX compiler: /usr/bin/c++ - skipped
[0.273s] -- Detecting CXX compile features
[0.274s] -- Detecting CXX compile features - done
[0.276s] -- Found ament_cmake: 1.3.10 (/opt/ros/humble/share/ament_cmake/cmake)
[0.399s] -- Found Python3: /usr/bin/python3 (found version "3.10.12") found components: Interpreter 
[0.447s] -- Override CMake install command with custom implementation using symlinks instead of copying resources
[0.530s] -- Configuring done
[0.532s] -- Generating done
[0.533s] -- Build files have been written to: /home/kosuke/turtlebot3_ws/build/turtlebot3_bringup
[0.537s] Invoked command in '/home/kosuke/turtlebot3_ws/build/turtlebot3_bringup' returned '0': AMENT_PREFIX_PATH=/home/kosuke/turtlebot3_ws/install/turtlebot3_node:/home/kosuke/turtlebot3_ws/install/turtlebot3_description:${AMENT_PREFIX_PATH} CMAKE_PREFIX_PATH=/home/kosuke/turtlebot3_ws/install/turtlebot3_node:/home/kosuke/turtlebot3_ws/install/turtlebot3_description:/opt/ros/humble /usr/bin/cmake /home/kosuke/turtlebot3_ws/src/turtlebot3/turtlebot3_bringup -DAMENT_CMAKE_SYMLINK_INSTALL=1 -DCMAKE_INSTALL_PREFIX=/home/kosuke/turtlebot3_ws/install/turtlebot3_bringup
[0.538s] Invoking command in '/home/kosuke/turtlebot3_ws/build/turtlebot3_bringup': AMENT_PREFIX_PATH=/home/kosuke/turtlebot3_ws/install/turtlebot3_node:/home/kosuke/turtlebot3_ws/install/turtlebot3_description:${AMENT_PREFIX_PATH} CMAKE_PREFIX_PATH=/home/kosuke/turtlebot3_ws/install/turtlebot3_node:/home/kosuke/turtlebot3_ws/install/turtlebot3_description:/opt/ros/humble /usr/bin/cmake --build /home/kosuke/turtlebot3_ws/build/turtlebot3_bringup -- -j4 -l4
[0.578s] Invoked command in '/home/kosuke/turtlebot3_ws/build/turtlebot3_bringup' returned '0': AMENT_PREFIX_PATH=/home/kosuke/turtlebot3_ws/install/turtlebot3_node:/home/kosuke/turtlebot3_ws/install/turtlebot3_description:${AMENT_PREFIX_PATH} CMAKE_PREFIX_PATH=/home/kosuke/turtlebot3_ws/install/turtlebot3_node:/home/kosuke/turtlebot3_ws/install/turtlebot3_description:/opt/ros/humble /usr/bin/cmake --build /home/kosuke/turtlebot3_ws/build/turtlebot3_bringup -- -j4 -l4
[0.600s] Invoking command in '/home/kosuke/turtlebot3_ws/build/turtlebot3_bringup': AMENT_PREFIX_PATH=/home/kosuke/turtlebot3_ws/install/turtlebot3_node:/home/kosuke/turtlebot3_ws/install/turtlebot3_description:${AMENT_PREFIX_PATH} CMAKE_PREFIX_PATH=/home/kosuke/turtlebot3_ws/install/turtlebot3_node:/home/kosuke/turtlebot3_ws/install/turtlebot3_description:/opt/ros/humble /usr/bin/cmake --install /home/kosuke/turtlebot3_ws/build/turtlebot3_bringup
[0.606s] -- Install configuration: ""
[0.607s] -- Execute custom install script
[0.607s] -- Symlinking: /home/kosuke/turtlebot3_ws/install/turtlebot3_bringup/share/turtlebot3_bringup/launch/robot.launch.py
[0.615s] -- Symlinking: /home/kosuke/turtlebot3_ws/install/turtlebot3_bringup/share/turtlebot3_bringup/launch/rviz2.launch.py
[0.624s] -- Symlinking: /home/kosuke/turtlebot3_ws/install/turtlebot3_bringup/share/turtlebot3_bringup/launch/turtlebot3_state_publisher.launch.py
[0.632s] -- Symlinking: /home/kosuke/turtlebot3_ws/install/turtlebot3_bringup/share/turtlebot3_bringup/param/burger.yaml
[0.640s] -- Symlinking: /home/kosuke/turtlebot3_ws/install/turtlebot3_bringup/share/turtlebot3_bringup/param/waffle.yaml
[0.648s] -- Symlinking: /home/kosuke/turtlebot3_ws/install/turtlebot3_bringup/share/turtlebot3_bringup/param/waffle_pi.yaml
[0.658s] -- Symlinking: /home/kosuke/turtlebot3_ws/install/turtlebot3_bringup/share/turtlebot3_bringup/script/99-turtlebot3-cdc.rules
[0.666s] -- Symlinking: /home/kosuke/turtlebot3_ws/install/turtlebot3_bringup/share/turtlebot3_bringup/script/create_udev_rules
[0.674s] -- Symlinking: /home/kosuke/turtlebot3_ws/install/turtlebot3_bringup/share/ament_index/resource_index/package_run_dependencies/turtlebot3_bringup
[0.682s] -- Symlinking: /home/kosuke/turtlebot3_ws/install/turtlebot3_bringup/share/ament_index/resource_index/parent_prefix_path/turtlebot3_bringup
[0.690s] -- Symlinking: /home/kosuke/turtlebot3_ws/install/turtlebot3_bringup/share/turtlebot3_bringup/environment/ament_prefix_path.sh
[0.699s] -- Symlinking: /home/kosuke/turtlebot3_ws/install/turtlebot3_bringup/share/turtlebot3_bringup/environment/ament_prefix_path.dsv
[0.707s] -- Symlinking: /home/kosuke/turtlebot3_ws/install/turtlebot3_bringup/share/turtlebot3_bringup/environment/path.sh
[0.715s] -- Symlinking: /home/kosuke/turtlebot3_ws/install/turtlebot3_bringup/share/turtlebot3_bringup/environment/path.dsv
[0.724s] -- Symlinking: /home/kosuke/turtlebot3_ws/install/turtlebot3_bringup/share/turtlebot3_bringup/local_setup.bash
[0.732s] -- Symlinking: /home/kosuke/turtlebot3_ws/install/turtlebot3_bringup/share/turtlebot3_bringup/local_setup.sh
[0.740s] -- Symlinking: /home/kosuke/turtlebot3_ws/install/turtlebot3_bringup/share/turtlebot3_bringup/local_setup.zsh
[0.748s] -- Symlinking: /home/kosuke/turtlebot3_ws/install/turtlebot3_bringup/share/turtlebot3_bringup/local_setup.dsv
[0.756s] -- Symlinking: /home/kosuke/turtlebot3_ws/install/turtlebot3_bringup/share/turtlebot3_bringup/package.dsv
[0.765s] -- Symlinking: /home/kosuke/turtlebot3_ws/install/turtlebot3_bringup/share/ament_index/resource_index/packages/turtlebot3_bringup
[0.774s] -- Symlinking: /home/kosuke/turtlebot3_ws/install/turtlebot3_bringup/share/turtlebot3_bringup/cmake/turtlebot3_bringupConfig.cmake
[0.783s] -- Symlinking: /home/kosuke/turtlebot3_ws/install/turtlebot3_bringup/share/turtlebot3_bringup/cmake/turtlebot3_bringupConfig-version.cmake
[0.792s] -- Symlinking: /home/kosuke/turtlebot3_ws/install/turtlebot3_bringup/share/turtlebot3_bringup/package.xml
[0.802s] Invoked command in '/home/kosuke/turtlebot3_ws/build/turtlebot3_bringup' returned '0': AMENT_PREFIX_PATH=/home/kosuke/turtlebot3_ws/install/turtlebot3_node:/home/kosuke/turtlebot3_ws/install/turtlebot3_description:${AMENT_PREFIX_PATH} CMAKE_PREFIX_PATH=/home/kosuke/turtlebot3_ws/install/turtlebot3_node:/home/kosuke/turtlebot3_ws/install/turtlebot3_description:/opt/ros/humble /usr/bin/cmake --install /home/kosuke/turtlebot3_ws/build/turtlebot3_bringup
