[0.046s] Invoking command in '/home/kosuke/turtlebot3_ws/build/turtlebot3_node': CMAKE_PREFIX_PATH=${CMAKE_PREFIX_PATH}:/home/kosuke/turtlebot3_ws/install/turtlebot3_sensor_reader:/home/kosuke/turtlebot3_ws/install/turtlebot3_teleop:/home/kosuke/turtlebot3_ws/install/turtlebot3_example:/opt/ros/humble /usr/bin/cmake --build /home/kosuke/turtlebot3_ws/build/turtlebot3_node -- -j4 -l4
[0.412s] [ 85%] Built target turtlebot3_node_lib
[0.412s] [100%] Built target turtlebot3_ros
[0.423s] Invoked command in '/home/kosuke/turtlebot3_ws/build/turtlebot3_node' returned '0': CMAKE_PREFIX_PATH=${CMAKE_PREFIX_PATH}:/home/kosuke/turtlebot3_ws/install/turtlebot3_sensor_reader:/home/kosuke/turtlebot3_ws/install/turtlebot3_teleop:/home/kosuke/turtlebot3_ws/install/turtlebot3_example:/opt/ros/humble /usr/bin/cmake --build /home/kosuke/turtlebot3_ws/build/turtlebot3_node -- -j4 -l4
[0.642s] Invoking command in '/home/kosuke/turtlebot3_ws/build/turtlebot3_node': CMAKE_PREFIX_PATH=${CMAKE_PREFIX_PATH}:/home/kosuke/turtlebot3_ws/install/turtlebot3_sensor_reader:/home/kosuke/turtlebot3_ws/install/turtlebot3_teleop:/home/kosuke/turtlebot3_ws/install/turtlebot3_example:/opt/ros/humble /usr/bin/cmake --install /home/kosuke/turtlebot3_ws/build/turtlebot3_node
[0.662s] -- Install configuration: ""
[0.662s] -- Execute custom install script
[0.663s] -- Up-to-date symlink: /home/kosuke/turtlebot3_ws/install/turtlebot3_node/share/turtlebot3_node/param/burger.yaml
[0.665s] -- Up-to-date symlink: /home/kosuke/turtlebot3_ws/install/turtlebot3_node/share/turtlebot3_node/param/waffle.yaml
[0.665s] -- Up-to-date symlink: /home/kosuke/turtlebot3_ws/install/turtlebot3_node/share/turtlebot3_node/param/waffle_pi.yaml
[0.665s] -- Up-to-date symlink: /home/kosuke/turtlebot3_ws/install/turtlebot3_node/lib/turtlebot3_node/turtlebot3_ros
[0.665s] -- Up-to-date symlink: /home/kosuke/turtlebot3_ws/install/turtlebot3_node/share/ament_index/resource_index/package_run_dependencies/turtlebot3_node
[0.666s] -- Up-to-date symlink: /home/kosuke/turtlebot3_ws/install/turtlebot3_node/share/ament_index/resource_index/parent_prefix_path/turtlebot3_node
[0.666s] -- Up-to-date symlink: /home/kosuke/turtlebot3_ws/install/turtlebot3_node/share/turtlebot3_node/environment/ament_prefix_path.sh
[0.669s] -- Up-to-date symlink: /home/kosuke/turtlebot3_ws/install/turtlebot3_node/share/turtlebot3_node/environment/ament_prefix_path.dsv
[0.669s] -- Up-to-date symlink: /home/kosuke/turtlebot3_ws/install/turtlebot3_node/share/turtlebot3_node/environment/path.sh
[0.670s] -- Up-to-date symlink: /home/kosuke/turtlebot3_ws/install/turtlebot3_node/share/turtlebot3_node/environment/path.dsv
[0.670s] -- Up-to-date symlink: /home/kosuke/turtlebot3_ws/install/turtlebot3_node/share/turtlebot3_node/local_setup.bash
[0.670s] -- Up-to-date symlink: /home/kosuke/turtlebot3_ws/install/turtlebot3_node/share/turtlebot3_node/local_setup.sh
[0.670s] -- Up-to-date symlink: /home/kosuke/turtlebot3_ws/install/turtlebot3_node/share/turtlebot3_node/local_setup.zsh
[0.670s] -- Up-to-date symlink: /home/kosuke/turtlebot3_ws/install/turtlebot3_node/share/turtlebot3_node/local_setup.dsv
[0.670s] -- Symlinking: /home/kosuke/turtlebot3_ws/install/turtlebot3_node/share/turtlebot3_node/package.dsv
[0.692s] -- Up-to-date symlink: /home/kosuke/turtlebot3_ws/install/turtlebot3_node/share/ament_index/resource_index/packages/turtlebot3_node
[0.692s] -- Up-to-date symlink: /home/kosuke/turtlebot3_ws/install/turtlebot3_node/share/turtlebot3_node/cmake/ament_cmake_export_include_directories-extras.cmake
[0.692s] -- Up-to-date symlink: /home/kosuke/turtlebot3_ws/install/turtlebot3_node/share/turtlebot3_node/cmake/turtlebot3_nodeConfig.cmake
[0.692s] -- Up-to-date symlink: /home/kosuke/turtlebot3_ws/install/turtlebot3_node/share/turtlebot3_node/cmake/turtlebot3_nodeConfig-version.cmake
[0.692s] -- Up-to-date symlink: /home/kosuke/turtlebot3_ws/install/turtlebot3_node/share/turtlebot3_node/package.xml
[0.707s] Invoked command in '/home/kosuke/turtlebot3_ws/build/turtlebot3_node' returned '0': CMAKE_PREFIX_PATH=${CMAKE_PREFIX_PATH}:/home/kosuke/turtlebot3_ws/install/turtlebot3_sensor_reader:/home/kosuke/turtlebot3_ws/install/turtlebot3_teleop:/home/kosuke/turtlebot3_ws/install/turtlebot3_example:/opt/ros/humble /usr/bin/cmake --install /home/kosuke/turtlebot3_ws/build/turtlebot3_node
