[0.535s] Invoking command in '/home/kosuke/turtlebot3_ws/src/turtlebot3_autonomous_control': PYTHONPATH=/home/kosuke/turtlebot3_ws/src/turtlebot3_autonomous_control/build/turtlebot3_autonomous_control/prefix_override:/usr/lib/python3/dist-packages/colcon_core/task/python/colcon_distutils_commands:/home/kosuke/turtlebot3_ws/src/turtlebot3_autonomous_control/install/turtlebot3_autonomous_control/lib/python3.10/site-packages:${PYTHONPATH} /usr/bin/python3 -W ignore:setup.py install is deprecated setup.py egg_info --egg-base build/turtlebot3_autonomous_control build --build-base /home/kosuke/turtlebot3_ws/src/turtlebot3_autonomous_control/build/turtlebot3_autonomous_control/build install --record /home/kosuke/turtlebot3_ws/src/turtlebot3_autonomous_control/build/turtlebot3_autonomous_control/install.log --single-version-externally-managed install_data
[0.758s] running egg_info
[0.758s] writing build/turtlebot3_autonomous_control/turtlebot3_autonomous_control.egg-info/PKG-INFO
[0.758s] writing dependency_links to build/turtlebot3_autonomous_control/turtlebot3_autonomous_control.egg-info/dependency_links.txt
[0.759s] writing entry points to build/turtlebot3_autonomous_control/turtlebot3_autonomous_control.egg-info/entry_points.txt
[0.759s] writing requirements to build/turtlebot3_autonomous_control/turtlebot3_autonomous_control.egg-info/requires.txt
[0.759s] writing top-level names to build/turtlebot3_autonomous_control/turtlebot3_autonomous_control.egg-info/top_level.txt
[0.760s] reading manifest file 'build/turtlebot3_autonomous_control/turtlebot3_autonomous_control.egg-info/SOURCES.txt'
[0.761s] writing manifest file 'build/turtlebot3_autonomous_control/turtlebot3_autonomous_control.egg-info/SOURCES.txt'
[0.761s] running build
[0.761s] running build_py
[0.762s] running install
[0.762s] running install_lib
[0.763s] running install_data
[0.763s] running install_egg_info
[0.764s] removing '/home/kosuke/turtlebot3_ws/src/turtlebot3_autonomous_control/install/turtlebot3_autonomous_control/lib/python3.10/site-packages/turtlebot3_autonomous_control-0.0.0-py3.10.egg-info' (and everything under it)
[0.764s] Copying build/turtlebot3_autonomous_control/turtlebot3_autonomous_control.egg-info to /home/kosuke/turtlebot3_ws/src/turtlebot3_autonomous_control/install/turtlebot3_autonomous_control/lib/python3.10/site-packages/turtlebot3_autonomous_control-0.0.0-py3.10.egg-info
[0.765s] running install_scripts
[0.784s] Installing turtlebot3_autonomous_control script to /home/kosuke/turtlebot3_ws/src/turtlebot3_autonomous_control/install/turtlebot3_autonomous_control/lib/turtlebot3_autonomous_control
[0.784s] writing list of installed files to '/home/kosuke/turtlebot3_ws/src/turtlebot3_autonomous_control/build/turtlebot3_autonomous_control/install.log'
[0.805s] Invoked command in '/home/kosuke/turtlebot3_ws/src/turtlebot3_autonomous_control' returned '0': PYTHONPATH=/home/kosuke/turtlebot3_ws/src/turtlebot3_autonomous_control/build/turtlebot3_autonomous_control/prefix_override:/usr/lib/python3/dist-packages/colcon_core/task/python/colcon_distutils_commands:/home/kosuke/turtlebot3_ws/src/turtlebot3_autonomous_control/install/turtlebot3_autonomous_control/lib/python3.10/site-packages:${PYTHONPATH} /usr/bin/python3 -W ignore:setup.py install is deprecated setup.py egg_info --egg-base build/turtlebot3_autonomous_control build --build-base /home/kosuke/turtlebot3_ws/src/turtlebot3_autonomous_control/build/turtlebot3_autonomous_control/build install --record /home/kosuke/turtlebot3_ws/src/turtlebot3_autonomous_control/build/turtlebot3_autonomous_control/install.log --single-version-externally-managed install_data
