[0.805s] Invoking command in '/home/kosuke/turtlebot3_ws/src/turtlebot3_sensor_reader': PYTHONPATH=/home/kosuke/turtlebot3_ws/src/build/turtlebot3_sensor_reader/prefix_override:/usr/lib/python3/dist-packages/colcon_core/task/python/colcon_distutils_commands:/home/kosuke/turtlebot3_ws/src/install/turtlebot3_sensor_reader/lib/python3.10/site-packages:${PYTHONPATH} /usr/bin/python3 -W ignore:setup.py install is deprecated setup.py egg_info --egg-base ../build/turtlebot3_sensor_reader build --build-base /home/kosuke/turtlebot3_ws/src/build/turtlebot3_sensor_reader/build install --record /home/kosuke/turtlebot3_ws/src/build/turtlebot3_sensor_reader/install.log --single-version-externally-managed install_data
[1.005s] running egg_info
[1.005s] writing ../build/turtlebot3_sensor_reader/turtlebot3_sensor_reader.egg-info/PKG-INFO
[1.006s] writing dependency_links to ../build/turtlebot3_sensor_reader/turtlebot3_sensor_reader.egg-info/dependency_links.txt
[1.006s] writing entry points to ../build/turtlebot3_sensor_reader/turtlebot3_sensor_reader.egg-info/entry_points.txt
[1.006s] writing requirements to ../build/turtlebot3_sensor_reader/turtlebot3_sensor_reader.egg-info/requires.txt
[1.006s] writing top-level names to ../build/turtlebot3_sensor_reader/turtlebot3_sensor_reader.egg-info/top_level.txt
[1.008s] reading manifest file '../build/turtlebot3_sensor_reader/turtlebot3_sensor_reader.egg-info/SOURCES.txt'
[1.009s] writing manifest file '../build/turtlebot3_sensor_reader/turtlebot3_sensor_reader.egg-info/SOURCES.txt'
[1.009s] running build
[1.009s] running build_py
[1.010s] copying turtlebot3_sensor_reader/turtlebot3_sensor_reader.py -> /home/kosuke/turtlebot3_ws/src/build/turtlebot3_sensor_reader/build/lib/turtlebot3_sensor_reader
[1.013s] running install
[1.013s] running install_lib
[1.013s] copying /home/kosuke/turtlebot3_ws/src/build/turtlebot3_sensor_reader/build/lib/turtlebot3_sensor_reader/turtlebot3_sensor_reader.py -> /home/kosuke/turtlebot3_ws/src/install/turtlebot3_sensor_reader/lib/python3.10/site-packages/turtlebot3_sensor_reader
[1.014s] byte-compiling /home/kosuke/turtlebot3_ws/src/install/turtlebot3_sensor_reader/lib/python3.10/site-packages/turtlebot3_sensor_reader/turtlebot3_sensor_reader.py to turtlebot3_sensor_reader.cpython-310.pyc
[1.015s] running install_data
[1.015s] running install_egg_info
[1.017s] removing '/home/kosuke/turtlebot3_ws/src/install/turtlebot3_sensor_reader/lib/python3.10/site-packages/turtlebot3_sensor_reader-0.0.0-py3.10.egg-info' (and everything under it)
[1.017s] Copying ../build/turtlebot3_sensor_reader/turtlebot3_sensor_reader.egg-info to /home/kosuke/turtlebot3_ws/src/install/turtlebot3_sensor_reader/lib/python3.10/site-packages/turtlebot3_sensor_reader-0.0.0-py3.10.egg-info
[1.018s] running install_scripts
[1.035s] Installing turtlebot3_sensor_reader script to /home/kosuke/turtlebot3_ws/src/install/turtlebot3_sensor_reader/lib/turtlebot3_sensor_reader
[1.036s] writing list of installed files to '/home/kosuke/turtlebot3_ws/src/build/turtlebot3_sensor_reader/install.log'
[1.053s] Invoked command in '/home/kosuke/turtlebot3_ws/src/turtlebot3_sensor_reader' returned '0': PYTHONPATH=/home/kosuke/turtlebot3_ws/src/build/turtlebot3_sensor_reader/prefix_override:/usr/lib/python3/dist-packages/colcon_core/task/python/colcon_distutils_commands:/home/kosuke/turtlebot3_ws/src/install/turtlebot3_sensor_reader/lib/python3.10/site-packages:${PYTHONPATH} /usr/bin/python3 -W ignore:setup.py install is deprecated setup.py egg_info --egg-base ../build/turtlebot3_sensor_reader build --build-base /home/kosuke/turtlebot3_ws/src/build/turtlebot3_sensor_reader/build install --record /home/kosuke/turtlebot3_ws/src/build/turtlebot3_sensor_reader/install.log --single-version-externally-managed install_data
