[0.037s] Invoking command in '/home/kosuke/turtlebot3_ws/src/build/turtlebot3_description': CMAKE_PREFIX_PATH=${CMAKE_PREFIX_PATH}:/home/kosuke/turtlebot3_ws/src/turtlebot3_control/install/turtlebot3_control:/home/kosuke/turtlebot3_ws/install/turtlebot3_teleop:/home/kosuke/turtlebot3_ws/install/turtlebot3_sensor_reader:/home/kosuke/turtlebot3_ws/install/turtlebot3_example:/opt/ros/humble /usr/bin/cmake /home/kosuke/turtlebot3_ws/src/turtlebot3/turtlebot3_description -DCMAKE_INSTALL_PREFIX=/home/kosuke/turtlebot3_ws/src/install/turtlebot3_description
[0.259s] -- The C compiler identification is GNU 11.4.0
[0.428s] -- The CXX compiler identification is GNU 11.4.0
[0.455s] -- Detecting C compiler ABI info
[0.606s] -- Detecting C compiler ABI info - done
[0.622s] -- Check for working C compiler: /usr/bin/cc - skipped
[0.624s] -- Detecting C compile features
[0.624s] -- Detecting C compile features - done
[0.629s] -- Detecting CXX compiler ABI info
[0.745s] -- Detecting CXX compiler ABI info - done
[0.759s] -- Check for working CXX compiler: /usr/bin/c++ - skipped
[0.760s] -- Detecting CXX compile features
[0.761s] -- Detecting CXX compile features - done
[0.783s] -- Found ament_cmake: 1.3.10 (/opt/ros/humble/share/ament_cmake/cmake)
[1.081s] -- Found Python3: /usr/bin/python3 (found version "3.10.12") found components: Interpreter 
[1.332s] -- Found urdf: 2.6.0 (/opt/ros/humble/share/urdf/cmake)
[1.622s] -- Configuring done
[1.625s] -- Generating done
[1.627s] -- Build files have been written to: /home/kosuke/turtlebot3_ws/src/build/turtlebot3_description
[1.637s] Invoked command in '/home/kosuke/turtlebot3_ws/src/build/turtlebot3_description' returned '0': CMAKE_PREFIX_PATH=${CMAKE_PREFIX_PATH}:/home/kosuke/turtlebot3_ws/src/turtlebot3_control/install/turtlebot3_control:/home/kosuke/turtlebot3_ws/install/turtlebot3_teleop:/home/kosuke/turtlebot3_ws/install/turtlebot3_sensor_reader:/home/kosuke/turtlebot3_ws/install/turtlebot3_example:/opt/ros/humble /usr/bin/cmake /home/kosuke/turtlebot3_ws/src/turtlebot3/turtlebot3_description -DCMAKE_INSTALL_PREFIX=/home/kosuke/turtlebot3_ws/src/install/turtlebot3_description
[1.638s] Invoking command in '/home/kosuke/turtlebot3_ws/src/build/turtlebot3_description': CMAKE_PREFIX_PATH=${CMAKE_PREFIX_PATH}:/home/kosuke/turtlebot3_ws/src/turtlebot3_control/install/turtlebot3_control:/home/kosuke/turtlebot3_ws/install/turtlebot3_teleop:/home/kosuke/turtlebot3_ws/install/turtlebot3_sensor_reader:/home/kosuke/turtlebot3_ws/install/turtlebot3_example:/opt/ros/humble /usr/bin/cmake --build /home/kosuke/turtlebot3_ws/src/build/turtlebot3_description -- -j4 -l4
[1.757s] Invoked command in '/home/kosuke/turtlebot3_ws/src/build/turtlebot3_description' returned '0': CMAKE_PREFIX_PATH=${CMAKE_PREFIX_PATH}:/home/kosuke/turtlebot3_ws/src/turtlebot3_control/install/turtlebot3_control:/home/kosuke/turtlebot3_ws/install/turtlebot3_teleop:/home/kosuke/turtlebot3_ws/install/turtlebot3_sensor_reader:/home/kosuke/turtlebot3_ws/install/turtlebot3_example:/opt/ros/humble /usr/bin/cmake --build /home/kosuke/turtlebot3_ws/src/build/turtlebot3_description -- -j4 -l4
[1.815s] Invoking command in '/home/kosuke/turtlebot3_ws/src/build/turtlebot3_description': CMAKE_PREFIX_PATH=${CMAKE_PREFIX_PATH}:/home/kosuke/turtlebot3_ws/src/turtlebot3_control/install/turtlebot3_control:/home/kosuke/turtlebot3_ws/install/turtlebot3_teleop:/home/kosuke/turtlebot3_ws/install/turtlebot3_sensor_reader:/home/kosuke/turtlebot3_ws/install/turtlebot3_example:/opt/ros/humble /usr/bin/cmake --install /home/kosuke/turtlebot3_ws/src/build/turtlebot3_description
[1.824s] -- Install configuration: ""
[1.825s] -- Installing: /home/kosuke/turtlebot3_ws/src/install/turtlebot3_description/share/turtlebot3_description/meshes
[1.825s] -- Installing: /home/kosuke/turtlebot3_ws/src/install/turtlebot3_description/share/turtlebot3_description/meshes/sensors
[1.826s] -- Installing: /home/kosuke/turtlebot3_ws/src/install/turtlebot3_description/share/turtlebot3_description/meshes/sensors/r200.jpg
[1.827s] -- Installing: /home/kosuke/turtlebot3_ws/src/install/turtlebot3_description/share/turtlebot3_description/meshes/sensors/astra.dae
[1.875s] -- Installing: /home/kosuke/turtlebot3_ws/src/install/turtlebot3_description/share/turtlebot3_description/meshes/sensors/r200.dae
[1.889s] -- Installing: /home/kosuke/turtlebot3_ws/src/install/turtlebot3_description/share/turtlebot3_description/meshes/sensors/astra.jpg
[1.892s] -- Installing: /home/kosuke/turtlebot3_ws/src/install/turtlebot3_description/share/turtlebot3_description/meshes/sensors/lds.stl
[1.897s] -- Installing: /home/kosuke/turtlebot3_ws/src/install/turtlebot3_description/share/turtlebot3_description/meshes/bases
[1.898s] -- Installing: /home/kosuke/turtlebot3_ws/src/install/turtlebot3_description/share/turtlebot3_description/meshes/bases/burger_base.stl
[1.928s] -- Installing: /home/kosuke/turtlebot3_ws/src/install/turtlebot3_description/share/turtlebot3_description/meshes/bases/waffle_pi_base.stl
[1.971s] -- Installing: /home/kosuke/turtlebot3_ws/src/install/turtlebot3_description/share/turtlebot3_description/meshes/bases/waffle_base.stl
[2.074s] -- Installing: /home/kosuke/turtlebot3_ws/src/install/turtlebot3_description/share/turtlebot3_description/meshes/wheels
[2.080s] -- Installing: /home/kosuke/turtlebot3_ws/src/install/turtlebot3_description/share/turtlebot3_description/meshes/wheels/right_tire.stl
[2.090s] -- Installing: /home/kosuke/turtlebot3_ws/src/install/turtlebot3_description/share/turtlebot3_description/meshes/wheels/left_tire.stl
[2.093s] -- Installing: /home/kosuke/turtlebot3_ws/src/install/turtlebot3_description/share/turtlebot3_description/rviz
[2.098s] -- Installing: /home/kosuke/turtlebot3_ws/src/install/turtlebot3_description/share/turtlebot3_description/rviz/model.rviz
[2.098s] -- Installing: /home/kosuke/turtlebot3_ws/src/install/turtlebot3_description/share/turtlebot3_description/urdf
[2.099s] -- Installing: /home/kosuke/turtlebot3_ws/src/install/turtlebot3_description/share/turtlebot3_description/urdf/turtlebot3_waffle_pi.urdf
[2.099s] -- Installing: /home/kosuke/turtlebot3_ws/src/install/turtlebot3_description/share/turtlebot3_description/urdf/common_properties.urdf
[2.099s] -- Installing: /home/kosuke/turtlebot3_ws/src/install/turtlebot3_description/share/turtlebot3_description/urdf/turtlebot3_waffle.urdf
[2.100s] -- Installing: /home/kosuke/turtlebot3_ws/src/install/turtlebot3_description/share/turtlebot3_description/urdf/turtlebot3_burger.urdf
[2.101s] -- Installing: /home/kosuke/turtlebot3_ws/src/install/turtlebot3_description/share/ament_index/resource_index/package_run_dependencies/turtlebot3_description
[2.103s] -- Installing: /home/kosuke/turtlebot3_ws/src/install/turtlebot3_description/share/ament_index/resource_index/parent_prefix_path/turtlebot3_description
[2.103s] -- Installing: /home/kosuke/turtlebot3_ws/src/install/turtlebot3_description/share/turtlebot3_description/environment/ament_prefix_path.sh
[2.104s] -- Installing: /home/kosuke/turtlebot3_ws/src/install/turtlebot3_description/share/turtlebot3_description/environment/ament_prefix_path.dsv
[2.104s] -- Installing: /home/kosuke/turtlebot3_ws/src/install/turtlebot3_description/share/turtlebot3_description/environment/path.sh
[2.108s] -- Installing: /home/kosuke/turtlebot3_ws/src/install/turtlebot3_description/share/turtlebot3_description/environment/path.dsv
[2.108s] -- Installing: /home/kosuke/turtlebot3_ws/src/install/turtlebot3_description/share/turtlebot3_description/local_setup.bash
[2.108s] -- Installing: /home/kosuke/turtlebot3_ws/src/install/turtlebot3_description/share/turtlebot3_description/local_setup.sh
[2.108s] -- Installing: /home/kosuke/turtlebot3_ws/src/install/turtlebot3_description/share/turtlebot3_description/local_setup.zsh
[2.108s] -- Installing: /home/kosuke/turtlebot3_ws/src/install/turtlebot3_description/share/turtlebot3_description/local_setup.dsv
[2.108s] -- Installing: /home/kosuke/turtlebot3_ws/src/install/turtlebot3_description/share/turtlebot3_description/package.dsv
[2.109s] -- Installing: /home/kosuke/turtlebot3_ws/src/install/turtlebot3_description/share/ament_index/resource_index/packages/turtlebot3_description
[2.109s] -- Installing: /home/kosuke/turtlebot3_ws/src/install/turtlebot3_description/share/turtlebot3_description/cmake/turtlebot3_descriptionConfig.cmake
[2.109s] -- Installing: /home/kosuke/turtlebot3_ws/src/install/turtlebot3_description/share/turtlebot3_description/cmake/turtlebot3_descriptionConfig-version.cmake
[2.112s] -- Installing: /home/kosuke/turtlebot3_ws/src/install/turtlebot3_description/share/turtlebot3_description/package.xml
[2.120s] Invoked command in '/home/kosuke/turtlebot3_ws/src/build/turtlebot3_description' returned '0': CMAKE_PREFIX_PATH=${CMAKE_PREFIX_PATH}:/home/kosuke/turtlebot3_ws/src/turtlebot3_control/install/turtlebot3_control:/home/kosuke/turtlebot3_ws/install/turtlebot3_teleop:/home/kosuke/turtlebot3_ws/install/turtlebot3_sensor_reader:/home/kosuke/turtlebot3_ws/install/turtlebot3_example:/opt/ros/humble /usr/bin/cmake --install /home/kosuke/turtlebot3_ws/src/build/turtlebot3_description
