[0.018s] Invoking command in '/home/kosuke/turtlebot3_ws/build/turtlebot3_navigation2': CMAKE_PREFIX_PATH=${CMAKE_PREFIX_PATH}:/home/kosuke/turtlebot3_ws/install/turtlebot3_teleop:/home/kosuke/turtlebot3_ws/install/turtlebot3_sensor_reader:/home/kosuke/turtlebot3_ws/install/turtlebot3_example:/opt/ros/humble /usr/bin/cmake --build /home/kosuke/turtlebot3_ws/build/turtlebot3_navigation2 -- -j4 -l4
[0.118s] Invoked command in '/home/kosuke/turtlebot3_ws/build/turtlebot3_navigation2' returned '0': CMAKE_PREFIX_PATH=${CMAKE_PREFIX_PATH}:/home/kosuke/turtlebot3_ws/install/turtlebot3_teleop:/home/kosuke/turtlebot3_ws/install/turtlebot3_sensor_reader:/home/kosuke/turtlebot3_ws/install/turtlebot3_example:/opt/ros/humble /usr/bin/cmake --build /home/kosuke/turtlebot3_ws/build/turtlebot3_navigation2 -- -j4 -l4
[0.186s] Invoking command in '/home/kosuke/turtlebot3_ws/build/turtlebot3_navigation2': CMAKE_PREFIX_PATH=${CMAKE_PREFIX_PATH}:/home/kosuke/turtlebot3_ws/install/turtlebot3_teleop:/home/kosuke/turtlebot3_ws/install/turtlebot3_sensor_reader:/home/kosuke/turtlebot3_ws/install/turtlebot3_example:/opt/ros/humble /usr/bin/cmake --install /home/kosuke/turtlebot3_ws/build/turtlebot3_navigation2
[0.211s] -- Install configuration: ""
[0.211s] -- Execute custom install script
[0.213s] -- Up-to-date symlink: /home/kosuke/turtlebot3_ws/install/turtlebot3_navigation2/share/turtlebot3_navigation2/launch/navigation2.launch.py
[0.214s] -- Up-to-date symlink: /home/kosuke/turtlebot3_ws/install/turtlebot3_navigation2/share/turtlebot3_navigation2/map/map.pgm
[0.214s] -- Up-to-date symlink: /home/kosuke/turtlebot3_ws/install/turtlebot3_navigation2/share/turtlebot3_navigation2/map/map.yaml
[0.215s] -- Up-to-date symlink: /home/kosuke/turtlebot3_ws/install/turtlebot3_navigation2/share/turtlebot3_navigation2/param/burger.yaml
[0.216s] -- Up-to-date symlink: /home/kosuke/turtlebot3_ws/install/turtlebot3_navigation2/share/turtlebot3_navigation2/param/waffle.yaml
[0.216s] -- Up-to-date symlink: /home/kosuke/turtlebot3_ws/install/turtlebot3_navigation2/share/turtlebot3_navigation2/param/waffle_pi.yaml
[0.216s] -- Up-to-date symlink: /home/kosuke/turtlebot3_ws/install/turtlebot3_navigation2/share/turtlebot3_navigation2/rviz/tb3_navigation2.rviz
[0.217s] -- Up-to-date symlink: /home/kosuke/turtlebot3_ws/install/turtlebot3_navigation2/share/ament_index/resource_index/package_run_dependencies/turtlebot3_navigation2
[0.217s] -- Up-to-date symlink: /home/kosuke/turtlebot3_ws/install/turtlebot3_navigation2/share/ament_index/resource_index/parent_prefix_path/turtlebot3_navigation2
[0.218s] -- Up-to-date symlink: /home/kosuke/turtlebot3_ws/install/turtlebot3_navigation2/share/turtlebot3_navigation2/environment/ament_prefix_path.sh
[0.218s] -- Up-to-date symlink: /home/kosuke/turtlebot3_ws/install/turtlebot3_navigation2/share/turtlebot3_navigation2/environment/ament_prefix_path.dsv
[0.221s] -- Up-to-date symlink: /home/kosuke/turtlebot3_ws/install/turtlebot3_navigation2/share/turtlebot3_navigation2/environment/path.sh
[0.221s] -- Up-to-date symlink: /home/kosuke/turtlebot3_ws/install/turtlebot3_navigation2/share/turtlebot3_navigation2/environment/path.dsv
[0.223s] -- Up-to-date symlink: /home/kosuke/turtlebot3_ws/install/turtlebot3_navigation2/share/turtlebot3_navigation2/local_setup.bash
[0.224s] -- Up-to-date symlink: /home/kosuke/turtlebot3_ws/install/turtlebot3_navigation2/share/turtlebot3_navigation2/local_setup.sh
[0.224s] -- Up-to-date symlink: /home/kosuke/turtlebot3_ws/install/turtlebot3_navigation2/share/turtlebot3_navigation2/local_setup.zsh
[0.224s] -- Up-to-date symlink: /home/kosuke/turtlebot3_ws/install/turtlebot3_navigation2/share/turtlebot3_navigation2/local_setup.dsv
[0.224s] -- Symlinking: /home/kosuke/turtlebot3_ws/install/turtlebot3_navigation2/share/turtlebot3_navigation2/package.dsv
[0.245s] -- Up-to-date symlink: /home/kosuke/turtlebot3_ws/install/turtlebot3_navigation2/share/ament_index/resource_index/packages/turtlebot3_navigation2
[0.245s] -- Up-to-date symlink: /home/kosuke/turtlebot3_ws/install/turtlebot3_navigation2/share/turtlebot3_navigation2/cmake/turtlebot3_navigation2Config.cmake
[0.245s] -- Up-to-date symlink: /home/kosuke/turtlebot3_ws/install/turtlebot3_navigation2/share/turtlebot3_navigation2/cmake/turtlebot3_navigation2Config-version.cmake
[0.245s] -- Up-to-date symlink: /home/kosuke/turtlebot3_ws/install/turtlebot3_navigation2/share/turtlebot3_navigation2/package.xml
[0.280s] Invoked command in '/home/kosuke/turtlebot3_ws/build/turtlebot3_navigation2' returned '0': CMAKE_PREFIX_PATH=${CMAKE_PREFIX_PATH}:/home/kosuke/turtlebot3_ws/install/turtlebot3_teleop:/home/kosuke/turtlebot3_ws/install/turtlebot3_sensor_reader:/home/kosuke/turtlebot3_ws/install/turtlebot3_example:/opt/ros/humble /usr/bin/cmake --install /home/kosuke/turtlebot3_ws/build/turtlebot3_navigation2
