[0.575s] Invoking command in '/home/kosuke/turtlebot3_ws/src/turtlebot3_control': PYTHONPATH=/home/kosuke/turtlebot3_ws/src/turtlebot3_control/build/turtlebot3_control/prefix_override:/usr/lib/python3/dist-packages/colcon_core/task/python/colcon_distutils_commands:/home/kosuke/turtlebot3_ws/src/turtlebot3_control/install/turtlebot3_control/lib/python3.10/site-packages:${PYTHONPATH} /usr/bin/python3 -W ignore:setup.py install is deprecated setup.py egg_info --egg-base build/turtlebot3_control build --build-base /home/kosuke/turtlebot3_ws/src/turtlebot3_control/build/turtlebot3_control/build install --record /home/kosuke/turtlebot3_ws/src/turtlebot3_control/build/turtlebot3_control/install.log --single-version-externally-managed install_data
[0.793s] running egg_info
[0.793s] writing build/turtlebot3_control/turtlebot3_control.egg-info/PKG-INFO
[0.793s] writing dependency_links to build/turtlebot3_control/turtlebot3_control.egg-info/dependency_links.txt
[0.793s] writing entry points to build/turtlebot3_control/turtlebot3_control.egg-info/entry_points.txt
[0.793s] writing requirements to build/turtlebot3_control/turtlebot3_control.egg-info/requires.txt
[0.793s] writing top-level names to build/turtlebot3_control/turtlebot3_control.egg-info/top_level.txt
[0.794s] reading manifest file 'build/turtlebot3_control/turtlebot3_control.egg-info/SOURCES.txt'
[0.794s] writing manifest file 'build/turtlebot3_control/turtlebot3_control.egg-info/SOURCES.txt'
[0.795s] running build
[0.795s] running build_py
[0.795s] copying turtlebot3_control/turtlebot3_control.py -> /home/kosuke/turtlebot3_ws/src/turtlebot3_control/build/turtlebot3_control/build/lib/turtlebot3_control
[0.795s] running install
[0.795s] running install_lib
[0.798s] copying /home/kosuke/turtlebot3_ws/src/turtlebot3_control/build/turtlebot3_control/build/lib/turtlebot3_control/turtlebot3_control.py -> /home/kosuke/turtlebot3_ws/src/turtlebot3_control/install/turtlebot3_control/lib/python3.10/site-packages/turtlebot3_control
[0.798s] byte-compiling /home/kosuke/turtlebot3_ws/src/turtlebot3_control/install/turtlebot3_control/lib/python3.10/site-packages/turtlebot3_control/turtlebot3_control.py to turtlebot3_control.cpython-310.pyc
[0.798s] running install_data
[0.798s] running install_egg_info
[0.799s] removing '/home/kosuke/turtlebot3_ws/src/turtlebot3_control/install/turtlebot3_control/lib/python3.10/site-packages/turtlebot3_control-0.0.0-py3.10.egg-info' (and everything under it)
[0.799s] Copying build/turtlebot3_control/turtlebot3_control.egg-info to /home/kosuke/turtlebot3_ws/src/turtlebot3_control/install/turtlebot3_control/lib/python3.10/site-packages/turtlebot3_control-0.0.0-py3.10.egg-info
[0.800s] running install_scripts
[0.818s] Installing turtlebot3_control script to /home/kosuke/turtlebot3_ws/src/turtlebot3_control/install/turtlebot3_control/lib/turtlebot3_control
[0.818s] writing list of installed files to '/home/kosuke/turtlebot3_ws/src/turtlebot3_control/build/turtlebot3_control/install.log'
[0.841s] Invoked command in '/home/kosuke/turtlebot3_ws/src/turtlebot3_control' returned '0': PYTHONPATH=/home/kosuke/turtlebot3_ws/src/turtlebot3_control/build/turtlebot3_control/prefix_override:/usr/lib/python3/dist-packages/colcon_core/task/python/colcon_distutils_commands:/home/kosuke/turtlebot3_ws/src/turtlebot3_control/install/turtlebot3_control/lib/python3.10/site-packages:${PYTHONPATH} /usr/bin/python3 -W ignore:setup.py install is deprecated setup.py egg_info --egg-base build/turtlebot3_control build --build-base /home/kosuke/turtlebot3_ws/src/turtlebot3_control/build/turtlebot3_control/build install --record /home/kosuke/turtlebot3_ws/src/turtlebot3_control/build/turtlebot3_control/install.log --single-version-externally-managed install_data
