[0.010s] Invoking command in '/home/kosuke/turtlebot3_ws/build/turtlebot3': AMENT_PREFIX_PATH=/home/kosuke/turtlebot3_ws/install/turtlebot3_bringup:/home/kosuke/turtlebot3_ws/install/turtlebot3_teleop:/home/kosuke/turtlebot3_ws/install/turtlebot3_node:/home/kosuke/turtlebot3_ws/install/turtlebot3_navigation2:/home/kosuke/turtlebot3_ws/install/turtlebot3_example:/home/kosuke/turtlebot3_ws/install/turtlebot3_description:/home/kosuke/turtlebot3_ws/install/turtlebot3_cartographer:${AMENT_PREFIX_PATH} CMAKE_PREFIX_PATH=/home/kosuke/turtlebot3_ws/install/turtlebot3_bringup:/home/kosuke/turtlebot3_ws/install/turtlebot3_node:/home/kosuke/turtlebot3_ws/install/turtlebot3_navigation2:/home/kosuke/turtlebot3_ws/install/turtlebot3_description:/home/kosuke/turtlebot3_ws/install/turtlebot3_cartographer:/opt/ros/humble PYTHONPATH=/home/kosuke/turtlebot3_ws/build/turtlebot3_teleop:/home/kosuke/turtlebot3_ws/install/turtlebot3_teleop/lib/python3.10/site-packages:/home/kosuke/turtlebot3_ws/build/turtlebot3_example:/home/kosuke/turtlebot3_ws/install/turtlebot3_example/lib/python3.10/site-packages:${PYTHONPATH} /usr/bin/cmake /home/kosuke/turtlebot3_ws/src/turtlebot3/turtlebot3 -DAMENT_CMAKE_SYMLINK_INSTALL=1 -DCMAKE_INSTALL_PREFIX=/home/kosuke/turtlebot3_ws/install/turtlebot3
[0.061s] -- The C compiler identification is GNU 11.4.0
[0.113s] -- The CXX compiler identification is GNU 11.4.0
[0.120s] -- Detecting C compiler ABI info
[0.183s] -- Detecting C compiler ABI info - done
[0.190s] -- Check for working C compiler: /usr/bin/cc - skipped
[0.190s] -- Detecting C compile features
[0.191s] -- Detecting C compile features - done
[0.193s] -- Detecting CXX compiler ABI info
[0.267s] -- Detecting CXX compiler ABI info - done
[0.274s] -- Check for working CXX compiler: /usr/bin/c++ - skipped
[0.274s] -- Detecting CXX compile features
[0.274s] -- Detecting CXX compile features - done
[0.278s] -- Found ament_cmake: 1.3.10 (/opt/ros/humble/share/ament_cmake/cmake)
[0.408s] -- Found Python3: /usr/bin/python3 (found version "3.10.12") found components: Interpreter 
[0.458s] -- Override CMake install command with custom implementation using symlinks instead of copying resources
[0.545s] -- Configuring done
[0.547s] -- Generating done
[0.548s] -- Build files have been written to: /home/kosuke/turtlebot3_ws/build/turtlebot3
[0.552s] Invoked command in '/home/kosuke/turtlebot3_ws/build/turtlebot3' returned '0': AMENT_PREFIX_PATH=/home/kosuke/turtlebot3_ws/install/turtlebot3_bringup:/home/kosuke/turtlebot3_ws/install/turtlebot3_teleop:/home/kosuke/turtlebot3_ws/install/turtlebot3_node:/home/kosuke/turtlebot3_ws/install/turtlebot3_navigation2:/home/kosuke/turtlebot3_ws/install/turtlebot3_example:/home/kosuke/turtlebot3_ws/install/turtlebot3_description:/home/kosuke/turtlebot3_ws/install/turtlebot3_cartographer:${AMENT_PREFIX_PATH} CMAKE_PREFIX_PATH=/home/kosuke/turtlebot3_ws/install/turtlebot3_bringup:/home/kosuke/turtlebot3_ws/install/turtlebot3_node:/home/kosuke/turtlebot3_ws/install/turtlebot3_navigation2:/home/kosuke/turtlebot3_ws/install/turtlebot3_description:/home/kosuke/turtlebot3_ws/install/turtlebot3_cartographer:/opt/ros/humble PYTHONPATH=/home/kosuke/turtlebot3_ws/build/turtlebot3_teleop:/home/kosuke/turtlebot3_ws/install/turtlebot3_teleop/lib/python3.10/site-packages:/home/kosuke/turtlebot3_ws/build/turtlebot3_example:/home/kosuke/turtlebot3_ws/install/turtlebot3_example/lib/python3.10/site-packages:${PYTHONPATH} /usr/bin/cmake /home/kosuke/turtlebot3_ws/src/turtlebot3/turtlebot3 -DAMENT_CMAKE_SYMLINK_INSTALL=1 -DCMAKE_INSTALL_PREFIX=/home/kosuke/turtlebot3_ws/install/turtlebot3
[0.553s] Invoking command in '/home/kosuke/turtlebot3_ws/build/turtlebot3': AMENT_PREFIX_PATH=/home/kosuke/turtlebot3_ws/install/turtlebot3_bringup:/home/kosuke/turtlebot3_ws/install/turtlebot3_teleop:/home/kosuke/turtlebot3_ws/install/turtlebot3_node:/home/kosuke/turtlebot3_ws/install/turtlebot3_navigation2:/home/kosuke/turtlebot3_ws/install/turtlebot3_example:/home/kosuke/turtlebot3_ws/install/turtlebot3_description:/home/kosuke/turtlebot3_ws/install/turtlebot3_cartographer:${AMENT_PREFIX_PATH} CMAKE_PREFIX_PATH=/home/kosuke/turtlebot3_ws/install/turtlebot3_bringup:/home/kosuke/turtlebot3_ws/install/turtlebot3_node:/home/kosuke/turtlebot3_ws/install/turtlebot3_navigation2:/home/kosuke/turtlebot3_ws/install/turtlebot3_description:/home/kosuke/turtlebot3_ws/install/turtlebot3_cartographer:/opt/ros/humble PYTHONPATH=/home/kosuke/turtlebot3_ws/build/turtlebot3_teleop:/home/kosuke/turtlebot3_ws/install/turtlebot3_teleop/lib/python3.10/site-packages:/home/kosuke/turtlebot3_ws/build/turtlebot3_example:/home/kosuke/turtlebot3_ws/install/turtlebot3_example/lib/python3.10/site-packages:${PYTHONPATH} /usr/bin/cmake --build /home/kosuke/turtlebot3_ws/build/turtlebot3 -- -j4 -l4
[0.591s] Invoked command in '/home/kosuke/turtlebot3_ws/build/turtlebot3' returned '0': AMENT_PREFIX_PATH=/home/kosuke/turtlebot3_ws/install/turtlebot3_bringup:/home/kosuke/turtlebot3_ws/install/turtlebot3_teleop:/home/kosuke/turtlebot3_ws/install/turtlebot3_node:/home/kosuke/turtlebot3_ws/install/turtlebot3_navigation2:/home/kosuke/turtlebot3_ws/install/turtlebot3_example:/home/kosuke/turtlebot3_ws/install/turtlebot3_description:/home/kosuke/turtlebot3_ws/install/turtlebot3_cartographer:${AMENT_PREFIX_PATH} CMAKE_PREFIX_PATH=/home/kosuke/turtlebot3_ws/install/turtlebot3_bringup:/home/kosuke/turtlebot3_ws/install/turtlebot3_node:/home/kosuke/turtlebot3_ws/install/turtlebot3_navigation2:/home/kosuke/turtlebot3_ws/install/turtlebot3_description:/home/kosuke/turtlebot3_ws/install/turtlebot3_cartographer:/opt/ros/humble PYTHONPATH=/home/kosuke/turtlebot3_ws/build/turtlebot3_teleop:/home/kosuke/turtlebot3_ws/install/turtlebot3_teleop/lib/python3.10/site-packages:/home/kosuke/turtlebot3_ws/build/turtlebot3_example:/home/kosuke/turtlebot3_ws/install/turtlebot3_example/lib/python3.10/site-packages:${PYTHONPATH} /usr/bin/cmake --build /home/kosuke/turtlebot3_ws/build/turtlebot3 -- -j4 -l4
[0.613s] Invoking command in '/home/kosuke/turtlebot3_ws/build/turtlebot3': AMENT_PREFIX_PATH=/home/kosuke/turtlebot3_ws/install/turtlebot3_bringup:/home/kosuke/turtlebot3_ws/install/turtlebot3_teleop:/home/kosuke/turtlebot3_ws/install/turtlebot3_node:/home/kosuke/turtlebot3_ws/install/turtlebot3_navigation2:/home/kosuke/turtlebot3_ws/install/turtlebot3_example:/home/kosuke/turtlebot3_ws/install/turtlebot3_description:/home/kosuke/turtlebot3_ws/install/turtlebot3_cartographer:${AMENT_PREFIX_PATH} CMAKE_PREFIX_PATH=/home/kosuke/turtlebot3_ws/install/turtlebot3_bringup:/home/kosuke/turtlebot3_ws/install/turtlebot3_node:/home/kosuke/turtlebot3_ws/install/turtlebot3_navigation2:/home/kosuke/turtlebot3_ws/install/turtlebot3_description:/home/kosuke/turtlebot3_ws/install/turtlebot3_cartographer:/opt/ros/humble PYTHONPATH=/home/kosuke/turtlebot3_ws/build/turtlebot3_teleop:/home/kosuke/turtlebot3_ws/install/turtlebot3_teleop/lib/python3.10/site-packages:/home/kosuke/turtlebot3_ws/build/turtlebot3_example:/home/kosuke/turtlebot3_ws/install/turtlebot3_example/lib/python3.10/site-packages:${PYTHONPATH} /usr/bin/cmake --install /home/kosuke/turtlebot3_ws/build/turtlebot3
[0.619s] -- Install configuration: ""
[0.620s] -- Execute custom install script
[0.620s] -- Symlinking: /home/kosuke/turtlebot3_ws/install/turtlebot3/share/ament_index/resource_index/package_run_dependencies/turtlebot3
[0.630s] -- Symlinking: /home/kosuke/turtlebot3_ws/install/turtlebot3/share/ament_index/resource_index/parent_prefix_path/turtlebot3
[0.639s] -- Symlinking: /home/kosuke/turtlebot3_ws/install/turtlebot3/share/turtlebot3/environment/ament_prefix_path.sh
[0.647s] -- Symlinking: /home/kosuke/turtlebot3_ws/install/turtlebot3/share/turtlebot3/environment/ament_prefix_path.dsv
[0.656s] -- Symlinking: /home/kosuke/turtlebot3_ws/install/turtlebot3/share/turtlebot3/environment/path.sh
[0.664s] -- Symlinking: /home/kosuke/turtlebot3_ws/install/turtlebot3/share/turtlebot3/environment/path.dsv
[0.673s] -- Symlinking: /home/kosuke/turtlebot3_ws/install/turtlebot3/share/turtlebot3/local_setup.bash
[0.681s] -- Symlinking: /home/kosuke/turtlebot3_ws/install/turtlebot3/share/turtlebot3/local_setup.sh
[0.689s] -- Symlinking: /home/kosuke/turtlebot3_ws/install/turtlebot3/share/turtlebot3/local_setup.zsh
[0.697s] -- Symlinking: /home/kosuke/turtlebot3_ws/install/turtlebot3/share/turtlebot3/local_setup.dsv
[0.705s] -- Symlinking: /home/kosuke/turtlebot3_ws/install/turtlebot3/share/turtlebot3/package.dsv
[0.713s] -- Symlinking: /home/kosuke/turtlebot3_ws/install/turtlebot3/share/ament_index/resource_index/packages/turtlebot3
[0.722s] -- Symlinking: /home/kosuke/turtlebot3_ws/install/turtlebot3/share/turtlebot3/cmake/turtlebot3Config.cmake
[0.731s] -- Symlinking: /home/kosuke/turtlebot3_ws/install/turtlebot3/share/turtlebot3/cmake/turtlebot3Config-version.cmake
[0.743s] -- Symlinking: /home/kosuke/turtlebot3_ws/install/turtlebot3/share/turtlebot3/package.xml
[0.754s] Invoked command in '/home/kosuke/turtlebot3_ws/build/turtlebot3' returned '0': AMENT_PREFIX_PATH=/home/kosuke/turtlebot3_ws/install/turtlebot3_bringup:/home/kosuke/turtlebot3_ws/install/turtlebot3_teleop:/home/kosuke/turtlebot3_ws/install/turtlebot3_node:/home/kosuke/turtlebot3_ws/install/turtlebot3_navigation2:/home/kosuke/turtlebot3_ws/install/turtlebot3_example:/home/kosuke/turtlebot3_ws/install/turtlebot3_description:/home/kosuke/turtlebot3_ws/install/turtlebot3_cartographer:${AMENT_PREFIX_PATH} CMAKE_PREFIX_PATH=/home/kosuke/turtlebot3_ws/install/turtlebot3_bringup:/home/kosuke/turtlebot3_ws/install/turtlebot3_node:/home/kosuke/turtlebot3_ws/install/turtlebot3_navigation2:/home/kosuke/turtlebot3_ws/install/turtlebot3_description:/home/kosuke/turtlebot3_ws/install/turtlebot3_cartographer:/opt/ros/humble PYTHONPATH=/home/kosuke/turtlebot3_ws/build/turtlebot3_teleop:/home/kosuke/turtlebot3_ws/install/turtlebot3_teleop/lib/python3.10/site-packages:/home/kosuke/turtlebot3_ws/build/turtlebot3_example:/home/kosuke/turtlebot3_ws/install/turtlebot3_example/lib/python3.10/site-packages:${PYTHONPATH} /usr/bin/cmake --install /home/kosuke/turtlebot3_ws/build/turtlebot3
