[0.010s] Invoking command in '/home/kosuke/turtlebot3_ws/src/build/turtlebot3_navigation2': CMAKE_PREFIX_PATH=${CMAKE_PREFIX_PATH}:/home/kosuke/turtlebot3_ws/install/turtlebot3_teleop:/home/kosuke/turtlebot3_ws/install/turtlebot3_sensor_reader:/home/kosuke/turtlebot3_ws/install/turtlebot3_example:/opt/ros/humble /usr/bin/cmake --build /home/kosuke/turtlebot3_ws/src/build/turtlebot3_navigation2 -- -j4 -l4
[0.079s] Invoked command in '/home/kosuke/turtlebot3_ws/src/build/turtlebot3_navigation2' returned '0': CMAKE_PREFIX_PATH=${CMAKE_PREFIX_PATH}:/home/kosuke/turtlebot3_ws/install/turtlebot3_teleop:/home/kosuke/turtlebot3_ws/install/turtlebot3_sensor_reader:/home/kosuke/turtlebot3_ws/install/turtlebot3_example:/opt/ros/humble /usr/bin/cmake --build /home/kosuke/turtlebot3_ws/src/build/turtlebot3_navigation2 -- -j4 -l4
[0.107s] Invoking command in '/home/kosuke/turtlebot3_ws/src/build/turtlebot3_navigation2': CMAKE_PREFIX_PATH=${CMAKE_PREFIX_PATH}:/home/kosuke/turtlebot3_ws/install/turtlebot3_teleop:/home/kosuke/turtlebot3_ws/install/turtlebot3_sensor_reader:/home/kosuke/turtlebot3_ws/install/turtlebot3_example:/opt/ros/humble /usr/bin/cmake --install /home/kosuke/turtlebot3_ws/src/build/turtlebot3_navigation2
[0.118s] -- Install configuration: ""
[0.118s] -- Up-to-date: /home/kosuke/turtlebot3_ws/src/install/turtlebot3_navigation2/share/turtlebot3_navigation2/launch
[0.118s] -- Up-to-date: /home/kosuke/turtlebot3_ws/src/install/turtlebot3_navigation2/share/turtlebot3_navigation2/launch/navigation2.launch.py
[0.118s] -- Up-to-date: /home/kosuke/turtlebot3_ws/src/install/turtlebot3_navigation2/share/turtlebot3_navigation2/map
[0.118s] -- Up-to-date: /home/kosuke/turtlebot3_ws/src/install/turtlebot3_navigation2/share/turtlebot3_navigation2/map/map.yaml
[0.119s] -- Up-to-date: /home/kosuke/turtlebot3_ws/src/install/turtlebot3_navigation2/share/turtlebot3_navigation2/map/map.pgm
[0.119s] -- Up-to-date: /home/kosuke/turtlebot3_ws/src/install/turtlebot3_navigation2/share/turtlebot3_navigation2/param
[0.119s] -- Up-to-date: /home/kosuke/turtlebot3_ws/src/install/turtlebot3_navigation2/share/turtlebot3_navigation2/param/waffle.yaml
[0.119s] -- Up-to-date: /home/kosuke/turtlebot3_ws/src/install/turtlebot3_navigation2/share/turtlebot3_navigation2/param/waffle_pi.yaml
[0.119s] -- Up-to-date: /home/kosuke/turtlebot3_ws/src/install/turtlebot3_navigation2/share/turtlebot3_navigation2/param/burger.yaml
[0.119s] -- Up-to-date: /home/kosuke/turtlebot3_ws/src/install/turtlebot3_navigation2/share/turtlebot3_navigation2/rviz
[0.119s] -- Up-to-date: /home/kosuke/turtlebot3_ws/src/install/turtlebot3_navigation2/share/turtlebot3_navigation2/rviz/tb3_navigation2.rviz
[0.120s] -- Up-to-date: /home/kosuke/turtlebot3_ws/src/install/turtlebot3_navigation2/share/ament_index/resource_index/package_run_dependencies/turtlebot3_navigation2
[0.120s] -- Up-to-date: /home/kosuke/turtlebot3_ws/src/install/turtlebot3_navigation2/share/ament_index/resource_index/parent_prefix_path/turtlebot3_navigation2
[0.121s] -- Up-to-date: /home/kosuke/turtlebot3_ws/src/install/turtlebot3_navigation2/share/turtlebot3_navigation2/environment/ament_prefix_path.sh
[0.121s] -- Up-to-date: /home/kosuke/turtlebot3_ws/src/install/turtlebot3_navigation2/share/turtlebot3_navigation2/environment/ament_prefix_path.dsv
[0.121s] -- Up-to-date: /home/kosuke/turtlebot3_ws/src/install/turtlebot3_navigation2/share/turtlebot3_navigation2/environment/path.sh
[0.121s] -- Up-to-date: /home/kosuke/turtlebot3_ws/src/install/turtlebot3_navigation2/share/turtlebot3_navigation2/environment/path.dsv
[0.121s] -- Up-to-date: /home/kosuke/turtlebot3_ws/src/install/turtlebot3_navigation2/share/turtlebot3_navigation2/local_setup.bash
[0.121s] -- Up-to-date: /home/kosuke/turtlebot3_ws/src/install/turtlebot3_navigation2/share/turtlebot3_navigation2/local_setup.sh
[0.121s] -- Up-to-date: /home/kosuke/turtlebot3_ws/src/install/turtlebot3_navigation2/share/turtlebot3_navigation2/local_setup.zsh
[0.121s] -- Up-to-date: /home/kosuke/turtlebot3_ws/src/install/turtlebot3_navigation2/share/turtlebot3_navigation2/local_setup.dsv
[0.122s] -- Up-to-date: /home/kosuke/turtlebot3_ws/src/install/turtlebot3_navigation2/share/turtlebot3_navigation2/package.dsv
[0.122s] -- Up-to-date: /home/kosuke/turtlebot3_ws/src/install/turtlebot3_navigation2/share/ament_index/resource_index/packages/turtlebot3_navigation2
[0.122s] -- Up-to-date: /home/kosuke/turtlebot3_ws/src/install/turtlebot3_navigation2/share/turtlebot3_navigation2/cmake/turtlebot3_navigation2Config.cmake
[0.122s] -- Up-to-date: /home/kosuke/turtlebot3_ws/src/install/turtlebot3_navigation2/share/turtlebot3_navigation2/cmake/turtlebot3_navigation2Config-version.cmake
[0.122s] -- Up-to-date: /home/kosuke/turtlebot3_ws/src/install/turtlebot3_navigation2/share/turtlebot3_navigation2/package.xml
[0.125s] Invoked command in '/home/kosuke/turtlebot3_ws/src/build/turtlebot3_navigation2' returned '0': CMAKE_PREFIX_PATH=${CMAKE_PREFIX_PATH}:/home/kosuke/turtlebot3_ws/install/turtlebot3_teleop:/home/kosuke/turtlebot3_ws/install/turtlebot3_sensor_reader:/home/kosuke/turtlebot3_ws/install/turtlebot3_example:/opt/ros/humble /usr/bin/cmake --install /home/kosuke/turtlebot3_ws/src/build/turtlebot3_navigation2
