[0.562s] Invoking command in '/home/kosuke/turtlebot3_ws/build/turtlebot3_example': PYTHONPATH=/home/kosuke/turtlebot3_ws/build/turtlebot3_example/prefix_override:/usr/lib/python3/dist-packages/colcon_core/task/python/colcon_distutils_commands:/home/kosuke/turtlebot3_ws/install/turtlebot3_example/lib/python3.10/site-packages:${PYTHONPATH} /usr/bin/python3 -W ignore:setup.py install is deprecated setup.py develop --editable --build-directory /home/kosuke/turtlebot3_ws/build/turtlebot3_example/build --no-deps symlink_data
[0.772s] running develop
[0.772s] /usr/lib/python3/dist-packages/setuptools/command/easy_install.py:158: EasyInstallDeprecationWarning: easy_install command is deprecated. Use build and pip and other standards-based tools.
[0.772s]   warnings.warn(
[0.975s] running egg_info
[0.975s] writing turtlebot3_example.egg-info/PKG-INFO
[0.975s] writing dependency_links to turtlebot3_example.egg-info/dependency_links.txt
[0.975s] writing entry points to turtlebot3_example.egg-info/entry_points.txt
[0.975s] writing requirements to turtlebot3_example.egg-info/requires.txt
[0.976s] writing top-level names to turtlebot3_example.egg-info/top_level.txt
[0.981s] reading manifest file 'turtlebot3_example.egg-info/SOURCES.txt'
[0.981s] writing manifest file 'turtlebot3_example.egg-info/SOURCES.txt'
[0.981s] running build_ext
[0.981s] Creating /home/kosuke/turtlebot3_ws/install/turtlebot3_example/lib/python3.10/site-packages/turtlebot3-example.egg-link (link to .)
[0.981s] Installing turtlebot3_obstacle_detection script to /home/kosuke/turtlebot3_ws/install/turtlebot3_example/lib/turtlebot3_example
[0.981s] Installing turtlebot3_patrol_client script to /home/kosuke/turtlebot3_ws/install/turtlebot3_example/lib/turtlebot3_example
[0.981s] Installing turtlebot3_patrol_server script to /home/kosuke/turtlebot3_ws/install/turtlebot3_example/lib/turtlebot3_example
[0.981s] Installing turtlebot3_position_control script to /home/kosuke/turtlebot3_ws/install/turtlebot3_example/lib/turtlebot3_example
[0.981s] 
[0.981s] Installed /home/kosuke/turtlebot3_ws/build/turtlebot3_example
[0.981s] running symlink_data
[1.011s] Invoked command in '/home/kosuke/turtlebot3_ws/build/turtlebot3_example' returned '0': PYTHONPATH=/home/kosuke/turtlebot3_ws/build/turtlebot3_example/prefix_override:/usr/lib/python3/dist-packages/colcon_core/task/python/colcon_distutils_commands:/home/kosuke/turtlebot3_ws/install/turtlebot3_example/lib/python3.10/site-packages:${PYTHONPATH} /usr/bin/python3 -W ignore:setup.py install is deprecated setup.py develop --editable --build-directory /home/kosuke/turtlebot3_ws/build/turtlebot3_example/build --no-deps symlink_data
