[0.650s] Invoking command in '/home/kosuke/turtlebot3_ws/build/turtlebot3_teleop': PYTHONPATH=/home/kosuke/turtlebot3_ws/build/turtlebot3_teleop/prefix_override:/usr/lib/python3/dist-packages/colcon_core/task/python/colcon_distutils_commands:/home/kosuke/turtlebot3_ws/install/turtlebot3_teleop/lib/python3.10/site-packages:${PYTHONPATH} /usr/bin/python3 -W ignore:setup.py install is deprecated setup.py develop --uninstall --editable --build-directory /home/kosuke/turtlebot3_ws/build/turtlebot3_teleop/build
[0.885s] running develop
[0.885s] /usr/lib/python3/dist-packages/setuptools/command/easy_install.py:158: EasyInstallDeprecationWarning: easy_install command is deprecated. Use build and pip and other standards-based tools.
[0.885s]   warnings.warn(
[1.025s] Removing /home/kosuke/turtlebot3_ws/install/turtlebot3_teleop/lib/python3.10/site-packages/turtlebot3-teleop.egg-link (link to .)
[1.050s] Invoked command in '/home/kosuke/turtlebot3_ws/build/turtlebot3_teleop' returned '0': PYTHONPATH=/home/kosuke/turtlebot3_ws/build/turtlebot3_teleop/prefix_override:/usr/lib/python3/dist-packages/colcon_core/task/python/colcon_distutils_commands:/home/kosuke/turtlebot3_ws/install/turtlebot3_teleop/lib/python3.10/site-packages:${PYTHONPATH} /usr/bin/python3 -W ignore:setup.py install is deprecated setup.py develop --uninstall --editable --build-directory /home/kosuke/turtlebot3_ws/build/turtlebot3_teleop/build
[1.050s] Invoking command in '/home/kosuke/turtlebot3_ws/src/turtlebot3/turtlebot3_teleop': PYTHONPATH=/home/kosuke/turtlebot3_ws/build/turtlebot3_teleop/prefix_override:/usr/lib/python3/dist-packages/colcon_core/task/python/colcon_distutils_commands:/home/kosuke/turtlebot3_ws/install/turtlebot3_teleop/lib/python3.10/site-packages:${PYTHONPATH} /usr/bin/python3 -W ignore:setup.py install is deprecated setup.py egg_info --egg-base ../../../build/turtlebot3_teleop build --build-base /home/kosuke/turtlebot3_ws/build/turtlebot3_teleop/build install --record /home/kosuke/turtlebot3_ws/build/turtlebot3_teleop/install.log --single-version-externally-managed install_data --force
[1.242s] running egg_info
[1.243s] writing ../../../build/turtlebot3_teleop/turtlebot3_teleop.egg-info/PKG-INFO
[1.243s] writing dependency_links to ../../../build/turtlebot3_teleop/turtlebot3_teleop.egg-info/dependency_links.txt
[1.243s] writing entry points to ../../../build/turtlebot3_teleop/turtlebot3_teleop.egg-info/entry_points.txt
[1.243s] writing requirements to ../../../build/turtlebot3_teleop/turtlebot3_teleop.egg-info/requires.txt
[1.243s] writing top-level names to ../../../build/turtlebot3_teleop/turtlebot3_teleop.egg-info/top_level.txt
[1.245s] reading manifest file '../../../build/turtlebot3_teleop/turtlebot3_teleop.egg-info/SOURCES.txt'
[1.246s] writing manifest file '../../../build/turtlebot3_teleop/turtlebot3_teleop.egg-info/SOURCES.txt'
[1.246s] running build
[1.246s] running build_py
[1.246s] creating /home/kosuke/turtlebot3_ws/build/turtlebot3_teleop/build
[1.246s] creating /home/kosuke/turtlebot3_ws/build/turtlebot3_teleop/build/lib
[1.246s] creating /home/kosuke/turtlebot3_ws/build/turtlebot3_teleop/build/lib/turtlebot3_teleop
[1.246s] copying turtlebot3_teleop/__init__.py -> /home/kosuke/turtlebot3_ws/build/turtlebot3_teleop/build/lib/turtlebot3_teleop
[1.246s] creating /home/kosuke/turtlebot3_ws/build/turtlebot3_teleop/build/lib/turtlebot3_teleop/script
[1.247s] copying turtlebot3_teleop/script/teleop_keyboard.py -> /home/kosuke/turtlebot3_ws/build/turtlebot3_teleop/build/lib/turtlebot3_teleop/script
[1.247s] copying turtlebot3_teleop/script/__init__.py -> /home/kosuke/turtlebot3_ws/build/turtlebot3_teleop/build/lib/turtlebot3_teleop/script
[1.249s] running install
[1.249s] running install_lib
[1.249s] creating /home/kosuke/turtlebot3_ws/install/turtlebot3_teleop/lib/python3.10/site-packages/turtlebot3_teleop
[1.249s] creating /home/kosuke/turtlebot3_ws/install/turtlebot3_teleop/lib/python3.10/site-packages/turtlebot3_teleop/script
[1.249s] copying /home/kosuke/turtlebot3_ws/build/turtlebot3_teleop/build/lib/turtlebot3_teleop/script/teleop_keyboard.py -> /home/kosuke/turtlebot3_ws/install/turtlebot3_teleop/lib/python3.10/site-packages/turtlebot3_teleop/script
[1.249s] copying /home/kosuke/turtlebot3_ws/build/turtlebot3_teleop/build/lib/turtlebot3_teleop/script/__init__.py -> /home/kosuke/turtlebot3_ws/install/turtlebot3_teleop/lib/python3.10/site-packages/turtlebot3_teleop/script
[1.249s] copying /home/kosuke/turtlebot3_ws/build/turtlebot3_teleop/build/lib/turtlebot3_teleop/__init__.py -> /home/kosuke/turtlebot3_ws/install/turtlebot3_teleop/lib/python3.10/site-packages/turtlebot3_teleop
[1.249s] byte-compiling /home/kosuke/turtlebot3_ws/install/turtlebot3_teleop/lib/python3.10/site-packages/turtlebot3_teleop/script/teleop_keyboard.py to teleop_keyboard.cpython-310.pyc
[1.250s] byte-compiling /home/kosuke/turtlebot3_ws/install/turtlebot3_teleop/lib/python3.10/site-packages/turtlebot3_teleop/script/__init__.py to __init__.cpython-310.pyc
[1.252s] byte-compiling /home/kosuke/turtlebot3_ws/install/turtlebot3_teleop/lib/python3.10/site-packages/turtlebot3_teleop/__init__.py to __init__.cpython-310.pyc
[1.252s] running install_data
[1.252s] copying resource/turtlebot3_teleop -> /home/kosuke/turtlebot3_ws/install/turtlebot3_teleop/share/ament_index/resource_index/packages
[1.252s] copying package.xml -> /home/kosuke/turtlebot3_ws/install/turtlebot3_teleop/share/turtlebot3_teleop
[1.252s] running install_egg_info
[1.252s] Copying ../../../build/turtlebot3_teleop/turtlebot3_teleop.egg-info to /home/kosuke/turtlebot3_ws/install/turtlebot3_teleop/lib/python3.10/site-packages/turtlebot3_teleop-2.1.5-py3.10.egg-info
[1.253s] running install_scripts
[1.271s] Installing teleop_keyboard script to /home/kosuke/turtlebot3_ws/install/turtlebot3_teleop/lib/turtlebot3_teleop
[1.271s] writing list of installed files to '/home/kosuke/turtlebot3_ws/build/turtlebot3_teleop/install.log'
[1.296s] Invoked command in '/home/kosuke/turtlebot3_ws/src/turtlebot3/turtlebot3_teleop' returned '0': PYTHONPATH=/home/kosuke/turtlebot3_ws/build/turtlebot3_teleop/prefix_override:/usr/lib/python3/dist-packages/colcon_core/task/python/colcon_distutils_commands:/home/kosuke/turtlebot3_ws/install/turtlebot3_teleop/lib/python3.10/site-packages:${PYTHONPATH} /usr/bin/python3 -W ignore:setup.py install is deprecated setup.py egg_info --egg-base ../../../build/turtlebot3_teleop build --build-base /home/kosuke/turtlebot3_ws/build/turtlebot3_teleop/build install --record /home/kosuke/turtlebot3_ws/build/turtlebot3_teleop/install.log --single-version-externally-managed install_data --force
