[0.800s] Invoking command in '/home/kosuke/turtlebot3_ws/src/turtlebot3_sensor_reader': PYTHONPATH=/home/kosuke/turtlebot3_ws/build/turtlebot3_sensor_reader/prefix_override:/usr/lib/python3/dist-packages/colcon_core/task/python/colcon_distutils_commands:/home/kosuke/turtlebot3_ws/install/turtlebot3_sensor_reader/lib/python3.10/site-packages:${PYTHONPATH} /usr/bin/python3 -W ignore:setup.py install is deprecated setup.py egg_info --egg-base ../../build/turtlebot3_sensor_reader build --build-base /home/kosuke/turtlebot3_ws/build/turtlebot3_sensor_reader/build install --record /home/kosuke/turtlebot3_ws/build/turtlebot3_sensor_reader/install.log --single-version-externally-managed install_data
[1.007s] running egg_info
[1.008s] writing ../../build/turtlebot3_sensor_reader/turtlebot3_sensor_reader.egg-info/PKG-INFO
[1.008s] writing dependency_links to ../../build/turtlebot3_sensor_reader/turtlebot3_sensor_reader.egg-info/dependency_links.txt
[1.008s] writing entry points to ../../build/turtlebot3_sensor_reader/turtlebot3_sensor_reader.egg-info/entry_points.txt
[1.008s] writing requirements to ../../build/turtlebot3_sensor_reader/turtlebot3_sensor_reader.egg-info/requires.txt
[1.008s] writing top-level names to ../../build/turtlebot3_sensor_reader/turtlebot3_sensor_reader.egg-info/top_level.txt
[1.009s] reading manifest file '../../build/turtlebot3_sensor_reader/turtlebot3_sensor_reader.egg-info/SOURCES.txt'
[1.010s] writing manifest file '../../build/turtlebot3_sensor_reader/turtlebot3_sensor_reader.egg-info/SOURCES.txt'
[1.010s] running build
[1.010s] running build_py
[1.010s] running install
[1.010s] running install_lib
[1.011s] running install_data
[1.012s] running install_egg_info
[1.013s] removing '/home/kosuke/turtlebot3_ws/install/turtlebot3_sensor_reader/lib/python3.10/site-packages/turtlebot3_sensor_reader-0.0.0-py3.10.egg-info' (and everything under it)
[1.013s] Copying ../../build/turtlebot3_sensor_reader/turtlebot3_sensor_reader.egg-info to /home/kosuke/turtlebot3_ws/install/turtlebot3_sensor_reader/lib/python3.10/site-packages/turtlebot3_sensor_reader-0.0.0-py3.10.egg-info
[1.014s] running install_scripts
[1.031s] Installing turtlebot3_sensor_reader script to /home/kosuke/turtlebot3_ws/install/turtlebot3_sensor_reader/lib/turtlebot3_sensor_reader
[1.031s] writing list of installed files to '/home/kosuke/turtlebot3_ws/build/turtlebot3_sensor_reader/install.log'
[1.050s] Invoked command in '/home/kosuke/turtlebot3_ws/src/turtlebot3_sensor_reader' returned '0': PYTHONPATH=/home/kosuke/turtlebot3_ws/build/turtlebot3_sensor_reader/prefix_override:/usr/lib/python3/dist-packages/colcon_core/task/python/colcon_distutils_commands:/home/kosuke/turtlebot3_ws/install/turtlebot3_sensor_reader/lib/python3.10/site-packages:${PYTHONPATH} /usr/bin/python3 -W ignore:setup.py install is deprecated setup.py egg_info --egg-base ../../build/turtlebot3_sensor_reader build --build-base /home/kosuke/turtlebot3_ws/build/turtlebot3_sensor_reader/build install --record /home/kosuke/turtlebot3_ws/build/turtlebot3_sensor_reader/install.log --single-version-externally-managed install_data
