[0.549s] Invoking command in '/home/kosuke/turtlebot3_ws/src/turtlebot3_sensor_reader': PYTHONPATH=/home/kosuke/turtlebot3_ws/build/turtlebot3_sensor_reader/prefix_override:/usr/lib/python3/dist-packages/colcon_core/task/python/colcon_distutils_commands:/home/kosuke/turtlebot3_ws/install/turtlebot3_sensor_reader/lib/python3.10/site-packages:${PYTHONPATH} /usr/bin/python3 -W ignore:setup.py install is deprecated setup.py egg_info --egg-base ../../build/turtlebot3_sensor_reader build --build-base /home/kosuke/turtlebot3_ws/build/turtlebot3_sensor_reader/build install --record /home/kosuke/turtlebot3_ws/build/turtlebot3_sensor_reader/install.log --single-version-externally-managed install_data
[0.749s] running egg_info
[0.749s] writing ../../build/turtlebot3_sensor_reader/turtlebot3_sensor_reader.egg-info/PKG-INFO
[0.750s] writing dependency_links to ../../build/turtlebot3_sensor_reader/turtlebot3_sensor_reader.egg-info/dependency_links.txt
[0.750s] writing entry points to ../../build/turtlebot3_sensor_reader/turtlebot3_sensor_reader.egg-info/entry_points.txt
[0.750s] writing requirements to ../../build/turtlebot3_sensor_reader/turtlebot3_sensor_reader.egg-info/requires.txt
[0.750s] writing top-level names to ../../build/turtlebot3_sensor_reader/turtlebot3_sensor_reader.egg-info/top_level.txt
[0.751s] reading manifest file '../../build/turtlebot3_sensor_reader/turtlebot3_sensor_reader.egg-info/SOURCES.txt'
[0.752s] writing manifest file '../../build/turtlebot3_sensor_reader/turtlebot3_sensor_reader.egg-info/SOURCES.txt'
[0.752s] running build
[0.752s] running build_py
[0.752s] copying turtlebot3_sensor_reader/turtlebot3_sensor_reader.py -> /home/kosuke/turtlebot3_ws/build/turtlebot3_sensor_reader/build/lib/turtlebot3_sensor_reader
[0.752s] running install
[0.753s] running install_lib
[0.753s] copying /home/kosuke/turtlebot3_ws/build/turtlebot3_sensor_reader/build/lib/turtlebot3_sensor_reader/turtlebot3_sensor_reader.py -> /home/kosuke/turtlebot3_ws/install/turtlebot3_sensor_reader/lib/python3.10/site-packages/turtlebot3_sensor_reader
[0.754s] byte-compiling /home/kosuke/turtlebot3_ws/install/turtlebot3_sensor_reader/lib/python3.10/site-packages/turtlebot3_sensor_reader/turtlebot3_sensor_reader.py to turtlebot3_sensor_reader.cpython-310.pyc
[0.754s] running install_data
[0.754s] running install_egg_info
[0.756s] removing '/home/kosuke/turtlebot3_ws/install/turtlebot3_sensor_reader/lib/python3.10/site-packages/turtlebot3_sensor_reader-0.0.0-py3.10.egg-info' (and everything under it)
[0.756s] Copying ../../build/turtlebot3_sensor_reader/turtlebot3_sensor_reader.egg-info to /home/kosuke/turtlebot3_ws/install/turtlebot3_sensor_reader/lib/python3.10/site-packages/turtlebot3_sensor_reader-0.0.0-py3.10.egg-info
[0.757s] running install_scripts
[0.775s] Installing turtlebot3_sensor_reader script to /home/kosuke/turtlebot3_ws/install/turtlebot3_sensor_reader/lib/turtlebot3_sensor_reader
[0.775s] writing list of installed files to '/home/kosuke/turtlebot3_ws/build/turtlebot3_sensor_reader/install.log'
[0.796s] Invoked command in '/home/kosuke/turtlebot3_ws/src/turtlebot3_sensor_reader' returned '0': PYTHONPATH=/home/kosuke/turtlebot3_ws/build/turtlebot3_sensor_reader/prefix_override:/usr/lib/python3/dist-packages/colcon_core/task/python/colcon_distutils_commands:/home/kosuke/turtlebot3_ws/install/turtlebot3_sensor_reader/lib/python3.10/site-packages:${PYTHONPATH} /usr/bin/python3 -W ignore:setup.py install is deprecated setup.py egg_info --egg-base ../../build/turtlebot3_sensor_reader build --build-base /home/kosuke/turtlebot3_ws/build/turtlebot3_sensor_reader/build install --record /home/kosuke/turtlebot3_ws/build/turtlebot3_sensor_reader/install.log --single-version-externally-managed install_data
