[0.592s] Invoking command in '/home/kosuke/turtlebot3_ws/build/turtlebot3_example': PYTHONPATH=/home/kosuke/turtlebot3_ws/build/turtlebot3_example/prefix_override:/usr/lib/python3/dist-packages/colcon_core/task/python/colcon_distutils_commands:/home/kosuke/turtlebot3_ws/install/turtlebot3_example/lib/python3.10/site-packages:${PYTHONPATH} /usr/bin/python3 -W ignore:setup.py install is deprecated setup.py develop --editable --build-directory /home/kosuke/turtlebot3_ws/build/turtlebot3_example/build --no-deps symlink_data
[0.820s] running develop
[0.820s] /usr/lib/python3/dist-packages/setuptools/command/easy_install.py:158: EasyInstallDeprecationWarning: easy_install command is deprecated. Use build and pip and other standards-based tools.
[0.820s]   warnings.warn(
[0.962s] running egg_info
[0.962s] writing turtlebot3_example.egg-info/PKG-INFO
[0.963s] writing dependency_links to turtlebot3_example.egg-info/dependency_links.txt
[0.963s] writing entry points to turtlebot3_example.egg-info/entry_points.txt
[0.964s] writing requirements to turtlebot3_example.egg-info/requires.txt
[0.964s] writing top-level names to turtlebot3_example.egg-info/top_level.txt
[0.964s] reading manifest file 'turtlebot3_example.egg-info/SOURCES.txt'
[0.965s] writing manifest file 'turtlebot3_example.egg-info/SOURCES.txt'
[0.966s] running build_ext
[0.967s] Creating /home/kosuke/turtlebot3_ws/install/turtlebot3_example/lib/python3.10/site-packages/turtlebot3-example.egg-link (link to .)
[0.968s] Installing turtlebot3_obstacle_detection script to /home/kosuke/turtlebot3_ws/install/turtlebot3_example/lib/turtlebot3_example
[0.968s] Installing turtlebot3_patrol_client script to /home/kosuke/turtlebot3_ws/install/turtlebot3_example/lib/turtlebot3_example
[0.968s] Installing turtlebot3_patrol_server script to /home/kosuke/turtlebot3_ws/install/turtlebot3_example/lib/turtlebot3_example
[0.968s] Installing turtlebot3_position_control script to /home/kosuke/turtlebot3_ws/install/turtlebot3_example/lib/turtlebot3_example
[0.968s] 
[0.968s] Installed /home/kosuke/turtlebot3_ws/build/turtlebot3_example
[0.968s] running symlink_data
[0.997s] Invoked command in '/home/kosuke/turtlebot3_ws/build/turtlebot3_example' returned '0': PYTHONPATH=/home/kosuke/turtlebot3_ws/build/turtlebot3_example/prefix_override:/usr/lib/python3/dist-packages/colcon_core/task/python/colcon_distutils_commands:/home/kosuke/turtlebot3_ws/install/turtlebot3_example/lib/python3.10/site-packages:${PYTHONPATH} /usr/bin/python3 -W ignore:setup.py install is deprecated setup.py develop --editable --build-directory /home/kosuke/turtlebot3_ws/build/turtlebot3_example/build --no-deps symlink_data
