[0.090s] DEBUG:colcon:Command line arguments: ['/usr/bin/colcon', 'build']
[0.090s] DEBUG:colcon:Parsed command line arguments: Namespace(log_base=None, log_level=None, verb_name='build', build_base='build', install_base='install', merge_install=False, symlink_install=False, test_result_base=None, continue_on_error=False, executor='parallel', parallel_workers=4, event_handlers=None, ignore_user_meta=False, metas=['./colcon.meta'], base_paths=['.'], packages_ignore=None, packages_ignore_regex=None, paths=None, packages_up_to=None, packages_up_to_regex=None, packages_above=None, packages_above_and_dependencies=None, packages_above_depth=None, packages_select_by_dep=None, packages_skip_by_dep=None, packages_skip_up_to=None, packages_select_build_failed=False, packages_skip_build_finished=False, packages_select_test_failures=False, packages_skip_test_passed=False, packages_select=None, packages_skip=None, packages_select_regex=None, packages_skip_regex=None, packages_start=None, packages_end=None, allow_overriding=[], cmake_args=None, cmake_target=None, cmake_target_skip_unavailable=False, cmake_clean_cache=False, cmake_clean_first=False, cmake_force_configure=False, ament_cmake_args=None, catkin_cmake_args=None, catkin_skip_building_tests=False, verb_parser=<colcon_defaults.argument_parser.defaults.DefaultArgumentsDecorator object at 0x706cc8830250>, verb_extension=<colcon_core.verb.build.BuildVerb object at 0x706cc899dba0>, main=<bound method BuildVerb.main of <colcon_core.verb.build.BuildVerb object at 0x706cc899dba0>>)
[0.228s] Level 1:colcon.colcon_core.package_discovery:discover_packages(colcon_meta) check parameters
[0.228s] Level 1:colcon.colcon_core.package_discovery:discover_packages(recursive) check parameters
[0.229s] Level 1:colcon.colcon_core.package_discovery:discover_packages(ignore) check parameters
[0.229s] Level 1:colcon.colcon_core.package_discovery:discover_packages(path) check parameters
[0.229s] Level 1:colcon.colcon_core.package_discovery:discover_packages(colcon_meta) discover
[0.229s] Level 1:colcon.colcon_core.package_discovery:discover_packages(recursive) discover
[0.229s] INFO:colcon.colcon_core.package_discovery:Crawling recursively for packages in '/home/kosuke/turtlebot3_ws/src/turtlebot3_control'
[0.229s] Level 1:colcon.colcon_core.package_identification:_identify(.) by extensions ['ignore', 'ignore_ament_install']
[0.229s] Level 1:colcon.colcon_core.package_identification:_identify(.) by extension 'ignore'
[0.229s] Level 1:colcon.colcon_core.package_identification:_identify(.) by extension 'ignore_ament_install'
[0.229s] Level 1:colcon.colcon_core.package_identification:_identify(.) by extensions ['colcon_pkg']
[0.229s] Level 1:colcon.colcon_core.package_identification:_identify(.) by extension 'colcon_pkg'
[0.229s] Level 1:colcon.colcon_core.package_identification:_identify(.) by extensions ['colcon_meta']
[0.229s] Level 1:colcon.colcon_core.package_identification:_identify(.) by extension 'colcon_meta'
[0.229s] Level 1:colcon.colcon_core.package_identification:_identify(.) by extensions ['ros']
[0.229s] Level 1:colcon.colcon_core.package_identification:_identify(.) by extension 'ros'
[0.241s] DEBUG:colcon.colcon_core.package_identification:Package '.' with type 'ros.ament_python' and name 'turtlebot3_control'
[0.241s] Level 1:colcon.colcon_core.package_discovery:discover_packages(recursive) using defaults
[0.241s] Level 1:colcon.colcon_core.package_discovery:discover_packages(ignore) discover
[0.241s] Level 1:colcon.colcon_core.package_discovery:discover_packages(ignore) using defaults
[0.241s] Level 1:colcon.colcon_core.package_discovery:discover_packages(path) discover
[0.241s] Level 1:colcon.colcon_core.package_discovery:discover_packages(path) using defaults
[0.259s] Level 1:colcon.colcon_core.package_discovery:discover_packages(prefix_path) check parameters
[0.259s] Level 1:colcon.colcon_core.package_discovery:discover_packages(prefix_path) discover
[0.261s] DEBUG:colcon.colcon_installed_package_information.package_discovery:Found 1 installed packages in /home/kosuke/turtlebot3_ws/src/turtlebot3_control/install
[0.261s] DEBUG:colcon.colcon_installed_package_information.package_discovery:Found 13 installed packages in /home/kosuke/turtlebot3_ws/install
[0.263s] DEBUG:colcon.colcon_installed_package_information.package_discovery:Found 364 installed packages in /opt/ros/humble
[0.264s] Level 1:colcon.colcon_core.package_discovery:discover_packages(prefix_path) using defaults
[0.313s] Level 5:colcon.colcon_core.verb:set package 'turtlebot3_control' build argument 'cmake_args' from command line to 'None'
[0.313s] Level 5:colcon.colcon_core.verb:set package 'turtlebot3_control' build argument 'cmake_target' from command line to 'None'
[0.313s] Level 5:colcon.colcon_core.verb:set package 'turtlebot3_control' build argument 'cmake_target_skip_unavailable' from command line to 'False'
[0.313s] Level 5:colcon.colcon_core.verb:set package 'turtlebot3_control' build argument 'cmake_clean_cache' from command line to 'False'
[0.313s] Level 5:colcon.colcon_core.verb:set package 'turtlebot3_control' build argument 'cmake_clean_first' from command line to 'False'
[0.313s] Level 5:colcon.colcon_core.verb:set package 'turtlebot3_control' build argument 'cmake_force_configure' from command line to 'False'
[0.313s] Level 5:colcon.colcon_core.verb:set package 'turtlebot3_control' build argument 'ament_cmake_args' from command line to 'None'
[0.313s] Level 5:colcon.colcon_core.verb:set package 'turtlebot3_control' build argument 'catkin_cmake_args' from command line to 'None'
[0.313s] Level 5:colcon.colcon_core.verb:set package 'turtlebot3_control' build argument 'catkin_skip_building_tests' from command line to 'False'
[0.313s] DEBUG:colcon.colcon_core.verb:Building package 'turtlebot3_control' with the following arguments: {'ament_cmake_args': None, 'build_base': '/home/kosuke/turtlebot3_ws/src/turtlebot3_control/build/turtlebot3_control', 'catkin_cmake_args': None, 'catkin_skip_building_tests': False, 'cmake_args': None, 'cmake_clean_cache': False, 'cmake_clean_first': False, 'cmake_force_configure': False, 'cmake_target': None, 'cmake_target_skip_unavailable': False, 'install_base': '/home/kosuke/turtlebot3_ws/src/turtlebot3_control/install/turtlebot3_control', 'merge_install': False, 'path': '/home/kosuke/turtlebot3_ws/src/turtlebot3_control', 'symlink_install': False, 'test_result_base': None}
[0.313s] INFO:colcon.colcon_core.executor:Executing jobs using 'parallel' executor
[0.314s] DEBUG:colcon.colcon_parallel_executor.executor.parallel:run_until_complete
[0.314s] INFO:colcon.colcon_ros.task.ament_python.build:Building ROS package in '/home/kosuke/turtlebot3_ws/src/turtlebot3_control' with build type 'ament_python'
[0.314s] Level 1:colcon.colcon_core.shell:create_environment_hook('turtlebot3_control', 'ament_prefix_path')
[0.316s] INFO:colcon.colcon_core.plugin_system:Skipping extension 'colcon_core.shell.bat': Not used on non-Windows systems
[0.316s] INFO:colcon.colcon_core.shell:Creating environment hook '/home/kosuke/turtlebot3_ws/src/turtlebot3_control/install/turtlebot3_control/share/turtlebot3_control/hook/ament_prefix_path.ps1'
[0.316s] INFO:colcon.colcon_core.shell:Creating environment descriptor '/home/kosuke/turtlebot3_ws/src/turtlebot3_control/install/turtlebot3_control/share/turtlebot3_control/hook/ament_prefix_path.dsv'
[0.317s] INFO:colcon.colcon_core.shell:Creating environment hook '/home/kosuke/turtlebot3_ws/src/turtlebot3_control/install/turtlebot3_control/share/turtlebot3_control/hook/ament_prefix_path.sh'
[0.317s] INFO:colcon.colcon_core.shell:Skip shell extension 'powershell' for command environment: Not usable outside of PowerShell
[0.317s] DEBUG:colcon.colcon_core.shell:Skip shell extension 'dsv' for command environment
[0.556s] INFO:colcon.colcon_core.task.python.build:Building Python package in '/home/kosuke/turtlebot3_ws/src/turtlebot3_control'
[0.557s] INFO:colcon.colcon_core.shell:Skip shell extension 'powershell' for command environment: Not usable outside of PowerShell
[0.557s] DEBUG:colcon.colcon_core.shell:Skip shell extension 'dsv' for command environment
[0.874s] DEBUG:colcon.colcon_core.event_handler.log_command:Invoking command in '/home/kosuke/turtlebot3_ws/src/turtlebot3_control': PYTHONPATH=/home/kosuke/turtlebot3_ws/src/turtlebot3_control/build/turtlebot3_control/prefix_override:/usr/lib/python3/dist-packages/colcon_core/task/python/colcon_distutils_commands:/home/kosuke/turtlebot3_ws/src/turtlebot3_control/install/turtlebot3_control/lib/python3.10/site-packages:${PYTHONPATH} /usr/bin/python3 -W ignore:setup.py install is deprecated setup.py egg_info --egg-base build/turtlebot3_control build --build-base /home/kosuke/turtlebot3_ws/src/turtlebot3_control/build/turtlebot3_control/build install --record /home/kosuke/turtlebot3_ws/src/turtlebot3_control/build/turtlebot3_control/install.log --single-version-externally-managed install_data
[1.127s] DEBUG:colcon.colcon_core.event_handler.log_command:Invoked command in '/home/kosuke/turtlebot3_ws/src/turtlebot3_control' returned '0': PYTHONPATH=/home/kosuke/turtlebot3_ws/src/turtlebot3_control/build/turtlebot3_control/prefix_override:/usr/lib/python3/dist-packages/colcon_core/task/python/colcon_distutils_commands:/home/kosuke/turtlebot3_ws/src/turtlebot3_control/install/turtlebot3_control/lib/python3.10/site-packages:${PYTHONPATH} /usr/bin/python3 -W ignore:setup.py install is deprecated setup.py egg_info --egg-base build/turtlebot3_control build --build-base /home/kosuke/turtlebot3_ws/src/turtlebot3_control/build/turtlebot3_control/build install --record /home/kosuke/turtlebot3_ws/src/turtlebot3_control/build/turtlebot3_control/install.log --single-version-externally-managed install_data
[1.130s] Level 1:colcon.colcon_core.environment:checking '/home/kosuke/turtlebot3_ws/src/turtlebot3_control/install/turtlebot3_control' for CMake module files
[1.130s] Level 1:colcon.colcon_core.environment:checking '/home/kosuke/turtlebot3_ws/src/turtlebot3_control/install/turtlebot3_control' for CMake config files
[1.131s] Level 1:colcon.colcon_core.environment:checking '/home/kosuke/turtlebot3_ws/src/turtlebot3_control/install/turtlebot3_control/lib'
[1.131s] Level 1:colcon.colcon_core.environment:checking '/home/kosuke/turtlebot3_ws/src/turtlebot3_control/install/turtlebot3_control/bin'
[1.131s] Level 1:colcon.colcon_core.environment:checking '/home/kosuke/turtlebot3_ws/src/turtlebot3_control/install/turtlebot3_control/lib/pkgconfig/turtlebot3_control.pc'
[1.131s] Level 1:colcon.colcon_core.environment:checking '/home/kosuke/turtlebot3_ws/src/turtlebot3_control/install/turtlebot3_control/lib/python3.10/site-packages'
[1.131s] Level 1:colcon.colcon_core.shell:create_environment_hook('turtlebot3_control', 'pythonpath')
[1.132s] INFO:colcon.colcon_core.shell:Creating environment hook '/home/kosuke/turtlebot3_ws/src/turtlebot3_control/install/turtlebot3_control/share/turtlebot3_control/hook/pythonpath.ps1'
[1.133s] INFO:colcon.colcon_core.shell:Creating environment descriptor '/home/kosuke/turtlebot3_ws/src/turtlebot3_control/install/turtlebot3_control/share/turtlebot3_control/hook/pythonpath.dsv'
[1.133s] INFO:colcon.colcon_core.shell:Creating environment hook '/home/kosuke/turtlebot3_ws/src/turtlebot3_control/install/turtlebot3_control/share/turtlebot3_control/hook/pythonpath.sh'
[1.133s] Level 1:colcon.colcon_core.environment:checking '/home/kosuke/turtlebot3_ws/src/turtlebot3_control/install/turtlebot3_control/bin'
[1.133s] Level 1:colcon.colcon_core.environment:create_environment_scripts_only(turtlebot3_control)
[1.134s] INFO:colcon.colcon_core.shell:Creating package script '/home/kosuke/turtlebot3_ws/src/turtlebot3_control/install/turtlebot3_control/share/turtlebot3_control/package.ps1'
[1.134s] INFO:colcon.colcon_core.shell:Creating package descriptor '/home/kosuke/turtlebot3_ws/src/turtlebot3_control/install/turtlebot3_control/share/turtlebot3_control/package.dsv'
[1.135s] INFO:colcon.colcon_core.shell:Creating package script '/home/kosuke/turtlebot3_ws/src/turtlebot3_control/install/turtlebot3_control/share/turtlebot3_control/package.sh'
[1.137s] INFO:colcon.colcon_core.shell:Creating package script '/home/kosuke/turtlebot3_ws/src/turtlebot3_control/install/turtlebot3_control/share/turtlebot3_control/package.bash'
[1.137s] INFO:colcon.colcon_core.shell:Creating package script '/home/kosuke/turtlebot3_ws/src/turtlebot3_control/install/turtlebot3_control/share/turtlebot3_control/package.zsh'
[1.138s] Level 1:colcon.colcon_core.environment:create_file_with_runtime_dependencies(/home/kosuke/turtlebot3_ws/src/turtlebot3_control/install/turtlebot3_control/share/colcon-core/packages/turtlebot3_control)
[1.138s] DEBUG:colcon.colcon_parallel_executor.executor.parallel:closing loop
[1.140s] DEBUG:colcon.colcon_parallel_executor.executor.parallel:loop closed
[1.140s] DEBUG:colcon.colcon_parallel_executor.executor.parallel:run_until_complete finished with '0'
[1.140s] DEBUG:colcon.colcon_core.event_reactor:joining thread
[1.145s] INFO:colcon.colcon_core.plugin_system:Skipping extension 'colcon_notification.desktop_notification.terminal_notifier': Not used on non-Darwin systems
[1.145s] INFO:colcon.colcon_core.plugin_system:Skipping extension 'colcon_notification.desktop_notification.win32': Not used on non-Windows systems
[1.145s] INFO:colcon.colcon_notification.desktop_notification:Sending desktop notification using 'notify2'
[1.166s] DEBUG:colcon.colcon_core.event_reactor:joined thread
[1.167s] INFO:colcon.colcon_core.shell:Creating prefix script '/home/kosuke/turtlebot3_ws/src/turtlebot3_control/install/local_setup.ps1'
[1.167s] INFO:colcon.colcon_core.shell:Creating prefix util module '/home/kosuke/turtlebot3_ws/src/turtlebot3_control/install/_local_setup_util_ps1.py'
[1.168s] INFO:colcon.colcon_core.shell:Creating prefix chain script '/home/kosuke/turtlebot3_ws/src/turtlebot3_control/install/setup.ps1'
[1.171s] INFO:colcon.colcon_core.shell:Creating prefix script '/home/kosuke/turtlebot3_ws/src/turtlebot3_control/install/local_setup.sh'
[1.173s] INFO:colcon.colcon_core.shell:Creating prefix util module '/home/kosuke/turtlebot3_ws/src/turtlebot3_control/install/_local_setup_util_sh.py'
[1.173s] INFO:colcon.colcon_core.shell:Creating prefix chain script '/home/kosuke/turtlebot3_ws/src/turtlebot3_control/install/setup.sh'
[1.175s] INFO:colcon.colcon_core.shell:Creating prefix script '/home/kosuke/turtlebot3_ws/src/turtlebot3_control/install/local_setup.bash'
[1.175s] INFO:colcon.colcon_core.shell:Creating prefix chain script '/home/kosuke/turtlebot3_ws/src/turtlebot3_control/install/setup.bash'
[1.176s] INFO:colcon.colcon_core.shell:Creating prefix script '/home/kosuke/turtlebot3_ws/src/turtlebot3_control/install/local_setup.zsh'
[1.176s] INFO:colcon.colcon_core.shell:Creating prefix chain script '/home/kosuke/turtlebot3_ws/src/turtlebot3_control/install/setup.zsh'
