[0.585s] Invoking command in '/home/kosuke/turtlebot3_ws/src/turtlebot3/turtlebot3_example': PYTHONPATH=/home/kosuke/turtlebot3_ws/src/build/turtlebot3_example/prefix_override:/usr/lib/python3/dist-packages/colcon_core/task/python/colcon_distutils_commands:/home/kosuke/turtlebot3_ws/src/install/turtlebot3_example/lib/python3.10/site-packages:${PYTHONPATH} /usr/bin/python3 -W ignore:setup.py install is deprecated setup.py egg_info --egg-base ../../build/turtlebot3_example build --build-base /home/kosuke/turtlebot3_ws/src/build/turtlebot3_example/build install --record /home/kosuke/turtlebot3_ws/src/build/turtlebot3_example/install.log --single-version-externally-managed install_data
[0.788s] running egg_info
[0.788s] writing ../../build/turtlebot3_example/turtlebot3_example.egg-info/PKG-INFO
[0.789s] writing dependency_links to ../../build/turtlebot3_example/turtlebot3_example.egg-info/dependency_links.txt
[0.789s] writing entry points to ../../build/turtlebot3_example/turtlebot3_example.egg-info/entry_points.txt
[0.789s] writing requirements to ../../build/turtlebot3_example/turtlebot3_example.egg-info/requires.txt
[0.789s] writing top-level names to ../../build/turtlebot3_example/turtlebot3_example.egg-info/top_level.txt
[0.791s] reading manifest file '../../build/turtlebot3_example/turtlebot3_example.egg-info/SOURCES.txt'
[0.792s] writing manifest file '../../build/turtlebot3_example/turtlebot3_example.egg-info/SOURCES.txt'
[0.792s] running build
[0.793s] running build_py
[0.795s] running install
[0.795s] running install_lib
[0.799s] running install_data
[0.799s] running install_egg_info
[0.801s] removing '/home/kosuke/turtlebot3_ws/src/install/turtlebot3_example/lib/python3.10/site-packages/turtlebot3_example-2.1.5-py3.10.egg-info' (and everything under it)
[0.801s] Copying ../../build/turtlebot3_example/turtlebot3_example.egg-info to /home/kosuke/turtlebot3_ws/src/install/turtlebot3_example/lib/python3.10/site-packages/turtlebot3_example-2.1.5-py3.10.egg-info
[0.802s] running install_scripts
[0.820s] Installing turtlebot3_obstacle_detection script to /home/kosuke/turtlebot3_ws/src/install/turtlebot3_example/lib/turtlebot3_example
[0.820s] Installing turtlebot3_patrol_client script to /home/kosuke/turtlebot3_ws/src/install/turtlebot3_example/lib/turtlebot3_example
[0.821s] Installing turtlebot3_patrol_server script to /home/kosuke/turtlebot3_ws/src/install/turtlebot3_example/lib/turtlebot3_example
[0.821s] Installing turtlebot3_position_control script to /home/kosuke/turtlebot3_ws/src/install/turtlebot3_example/lib/turtlebot3_example
[0.824s] writing list of installed files to '/home/kosuke/turtlebot3_ws/src/build/turtlebot3_example/install.log'
[0.857s] Invoked command in '/home/kosuke/turtlebot3_ws/src/turtlebot3/turtlebot3_example' returned '0': PYTHONPATH=/home/kosuke/turtlebot3_ws/src/build/turtlebot3_example/prefix_override:/usr/lib/python3/dist-packages/colcon_core/task/python/colcon_distutils_commands:/home/kosuke/turtlebot3_ws/src/install/turtlebot3_example/lib/python3.10/site-packages:${PYTHONPATH} /usr/bin/python3 -W ignore:setup.py install is deprecated setup.py egg_info --egg-base ../../build/turtlebot3_example build --build-base /home/kosuke/turtlebot3_ws/src/build/turtlebot3_example/build install --record /home/kosuke/turtlebot3_ws/src/build/turtlebot3_example/install.log --single-version-externally-managed install_data
