[0.022s] Invoking command in '/home/kosuke/turtlebot3_ws/build/turtlebot3_fake_node': CMAKE_PREFIX_PATH=${CMAKE_PREFIX_PATH}:/home/kosuke/turtlebot3_ws/install/turtlebot3_teleop:/home/kosuke/turtlebot3_ws/install/turtlebot3_example:/opt/ros/humble /usr/bin/cmake --build /home/kosuke/turtlebot3_ws/build/turtlebot3_fake_node -- -j4 -l4
[0.075s] [35m[1mConsolidate compiler generated dependencies of target turtlebot3_fake_node[0m
[0.111s] [100%] Built target turtlebot3_fake_node
[0.138s] Invoked command in '/home/kosuke/turtlebot3_ws/build/turtlebot3_fake_node' returned '0': CMAKE_PREFIX_PATH=${CMAKE_PREFIX_PATH}:/home/kosuke/turtlebot3_ws/install/turtlebot3_teleop:/home/kosuke/turtlebot3_ws/install/turtlebot3_example:/opt/ros/humble /usr/bin/cmake --build /home/kosuke/turtlebot3_ws/build/turtlebot3_fake_node -- -j4 -l4
[0.191s] Invoking command in '/home/kosuke/turtlebot3_ws/build/turtlebot3_fake_node': CMAKE_PREFIX_PATH=${CMAKE_PREFIX_PATH}:/home/kosuke/turtlebot3_ws/install/turtlebot3_teleop:/home/kosuke/turtlebot3_ws/install/turtlebot3_example:/opt/ros/humble /usr/bin/cmake --install /home/kosuke/turtlebot3_ws/build/turtlebot3_fake_node
[0.198s] -- Install configuration: ""
[0.199s] -- Execute custom install script
[0.200s] -- Up-to-date symlink: /home/kosuke/turtlebot3_ws/install/turtlebot3_fake_node/lib/turtlebot3_fake_node/turtlebot3_fake_node
[0.200s] -- Up-to-date symlink: /home/kosuke/turtlebot3_ws/install/turtlebot3_fake_node/share/turtlebot3_fake_node/launch/rviz2.launch.py
[0.200s] -- Up-to-date symlink: /home/kosuke/turtlebot3_ws/install/turtlebot3_fake_node/share/turtlebot3_fake_node/launch/turtlebot3_fake_node.launch.py
[0.200s] -- Up-to-date symlink: /home/kosuke/turtlebot3_ws/install/turtlebot3_fake_node/share/turtlebot3_fake_node/param/burger.yaml
[0.201s] -- Up-to-date symlink: /home/kosuke/turtlebot3_ws/install/turtlebot3_fake_node/share/turtlebot3_fake_node/param/waffle.yaml
[0.201s] -- Up-to-date symlink: /home/kosuke/turtlebot3_ws/install/turtlebot3_fake_node/share/turtlebot3_fake_node/param/waffle_pi.yaml
[0.201s] -- Up-to-date symlink: /home/kosuke/turtlebot3_ws/install/turtlebot3_fake_node/include//turtlebot3_fake_node/turtlebot3_fake_node.hpp
[0.201s] -- Up-to-date symlink: /home/kosuke/turtlebot3_ws/install/turtlebot3_fake_node/share/ament_index/resource_index/package_run_dependencies/turtlebot3_fake_node
[0.202s] -- Up-to-date symlink: /home/kosuke/turtlebot3_ws/install/turtlebot3_fake_node/share/ament_index/resource_index/parent_prefix_path/turtlebot3_fake_node
[0.202s] -- Up-to-date symlink: /home/kosuke/turtlebot3_ws/install/turtlebot3_fake_node/share/turtlebot3_fake_node/environment/ament_prefix_path.sh
[0.202s] -- Up-to-date symlink: /home/kosuke/turtlebot3_ws/install/turtlebot3_fake_node/share/turtlebot3_fake_node/environment/ament_prefix_path.dsv
[0.202s] -- Up-to-date symlink: /home/kosuke/turtlebot3_ws/install/turtlebot3_fake_node/share/turtlebot3_fake_node/environment/path.sh
[0.203s] -- Up-to-date symlink: /home/kosuke/turtlebot3_ws/install/turtlebot3_fake_node/share/turtlebot3_fake_node/environment/path.dsv
[0.203s] -- Up-to-date symlink: /home/kosuke/turtlebot3_ws/install/turtlebot3_fake_node/share/turtlebot3_fake_node/local_setup.bash
[0.203s] -- Up-to-date symlink: /home/kosuke/turtlebot3_ws/install/turtlebot3_fake_node/share/turtlebot3_fake_node/local_setup.sh
[0.203s] -- Up-to-date symlink: /home/kosuke/turtlebot3_ws/install/turtlebot3_fake_node/share/turtlebot3_fake_node/local_setup.zsh
[0.204s] -- Up-to-date symlink: /home/kosuke/turtlebot3_ws/install/turtlebot3_fake_node/share/turtlebot3_fake_node/local_setup.dsv
[0.204s] -- Symlinking: /home/kosuke/turtlebot3_ws/install/turtlebot3_fake_node/share/turtlebot3_fake_node/package.dsv
[0.220s] -- Up-to-date symlink: /home/kosuke/turtlebot3_ws/install/turtlebot3_fake_node/share/ament_index/resource_index/packages/turtlebot3_fake_node
[0.220s] -- Up-to-date symlink: /home/kosuke/turtlebot3_ws/install/turtlebot3_fake_node/share/turtlebot3_fake_node/cmake/ament_cmake_export_include_directories-extras.cmake
[0.220s] -- Up-to-date symlink: /home/kosuke/turtlebot3_ws/install/turtlebot3_fake_node/share/turtlebot3_fake_node/cmake/ament_cmake_export_dependencies-extras.cmake
[0.220s] -- Up-to-date symlink: /home/kosuke/turtlebot3_ws/install/turtlebot3_fake_node/share/turtlebot3_fake_node/cmake/turtlebot3_fake_nodeConfig.cmake
[0.220s] -- Up-to-date symlink: /home/kosuke/turtlebot3_ws/install/turtlebot3_fake_node/share/turtlebot3_fake_node/cmake/turtlebot3_fake_nodeConfig-version.cmake
[0.220s] -- Up-to-date symlink: /home/kosuke/turtlebot3_ws/install/turtlebot3_fake_node/share/turtlebot3_fake_node/package.xml
[0.224s] Invoked command in '/home/kosuke/turtlebot3_ws/build/turtlebot3_fake_node' returned '0': CMAKE_PREFIX_PATH=${CMAKE_PREFIX_PATH}:/home/kosuke/turtlebot3_ws/install/turtlebot3_teleop:/home/kosuke/turtlebot3_ws/install/turtlebot3_example:/opt/ros/humble /usr/bin/cmake --install /home/kosuke/turtlebot3_ws/build/turtlebot3_fake_node
