[0.844s] Invoking command in '/home/kosuke/turtlebot3_ws/build/turtlebot3_example': PYTHONPATH=/home/kosuke/turtlebot3_ws/build/turtlebot3_example/prefix_override:/usr/lib/python3/dist-packages/colcon_core/task/python/colcon_distutils_commands:/home/kosuke/turtlebot3_ws/install/turtlebot3_example/lib/python3.10/site-packages:${PYTHONPATH} /usr/bin/python3 -W ignore:setup.py install is deprecated setup.py develop --editable --build-directory /home/kosuke/turtlebot3_ws/build/turtlebot3_example/build --no-deps symlink_data
[1.080s] running develop
[1.085s] /usr/lib/python3/dist-packages/setuptools/command/easy_install.py:158: EasyInstallDeprecationWarning: easy_install command is deprecated. Use build and pip and other standards-based tools.
[1.085s]   warnings.warn(
[1.234s] running egg_info
[1.234s] creating turtlebot3_example.egg-info
[1.236s] writing turtlebot3_example.egg-info/PKG-INFO
[1.236s] writing dependency_links to turtlebot3_example.egg-info/dependency_links.txt
[1.236s] writing entry points to turtlebot3_example.egg-info/entry_points.txt
[1.236s] writing requirements to turtlebot3_example.egg-info/requires.txt
[1.236s] writing top-level names to turtlebot3_example.egg-info/top_level.txt
[1.236s] writing manifest file 'turtlebot3_example.egg-info/SOURCES.txt'
[1.237s] reading manifest file 'turtlebot3_example.egg-info/SOURCES.txt'
[1.238s] writing manifest file 'turtlebot3_example.egg-info/SOURCES.txt'
[1.239s] running build_ext
[1.239s] Creating /home/kosuke/turtlebot3_ws/install/turtlebot3_example/lib/python3.10/site-packages/turtlebot3-example.egg-link (link to .)
[1.240s] Installing turtlebot3_obstacle_detection script to /home/kosuke/turtlebot3_ws/install/turtlebot3_example/lib/turtlebot3_example
[1.240s] Installing turtlebot3_patrol_client script to /home/kosuke/turtlebot3_ws/install/turtlebot3_example/lib/turtlebot3_example
[1.240s] Installing turtlebot3_patrol_server script to /home/kosuke/turtlebot3_ws/install/turtlebot3_example/lib/turtlebot3_example
[1.241s] Installing turtlebot3_position_control script to /home/kosuke/turtlebot3_ws/install/turtlebot3_example/lib/turtlebot3_example
[1.241s] 
[1.241s] Installed /home/kosuke/turtlebot3_ws/build/turtlebot3_example
[1.241s] running symlink_data
[1.241s] creating /home/kosuke/turtlebot3_ws/install/turtlebot3_example/share/ament_index
[1.241s] creating /home/kosuke/turtlebot3_ws/install/turtlebot3_example/share/ament_index/resource_index
[1.242s] creating /home/kosuke/turtlebot3_ws/install/turtlebot3_example/share/ament_index/resource_index/packages
[1.242s] symbolically linking /home/kosuke/turtlebot3_ws/build/turtlebot3_example/resource/turtlebot3_example -> /home/kosuke/turtlebot3_ws/install/turtlebot3_example/share/ament_index/resource_index/packages
[1.242s] symbolically linking /home/kosuke/turtlebot3_ws/build/turtlebot3_example/package.xml -> /home/kosuke/turtlebot3_ws/install/turtlebot3_example/share/turtlebot3_example
[1.267s] Invoked command in '/home/kosuke/turtlebot3_ws/build/turtlebot3_example' returned '0': PYTHONPATH=/home/kosuke/turtlebot3_ws/build/turtlebot3_example/prefix_override:/usr/lib/python3/dist-packages/colcon_core/task/python/colcon_distutils_commands:/home/kosuke/turtlebot3_ws/install/turtlebot3_example/lib/python3.10/site-packages:${PYTHONPATH} /usr/bin/python3 -W ignore:setup.py install is deprecated setup.py develop --editable --build-directory /home/kosuke/turtlebot3_ws/build/turtlebot3_example/build --no-deps symlink_data
