[0.009s] Invoking command in '/home/kosuke/turtlebot3_ws/build/turtlebot3_simulations': AMENT_PREFIX_PATH=/home/kosuke/turtlebot3_ws/install/turtlebot3_gazebo:/home/kosuke/turtlebot3_ws/install/turtlebot3_fake_node:${AMENT_PREFIX_PATH} CMAKE_PREFIX_PATH=/home/kosuke/turtlebot3_ws/install/turtlebot3_gazebo:/home/kosuke/turtlebot3_ws/install/turtlebot3_fake_node:/opt/ros/humble /usr/bin/cmake /home/kosuke/turtlebot3_ws/src/turtlebot3_simulations/turtlebot3_simulations -DAMENT_CMAKE_SYMLINK_INSTALL=1 -DCMAKE_INSTALL_PREFIX=/home/kosuke/turtlebot3_ws/install/turtlebot3_simulations
[0.061s] -- The C compiler identification is GNU 11.4.0
[0.117s] -- The CXX compiler identification is GNU 11.4.0
[0.124s] -- Detecting C compiler ABI info
[0.189s] -- Detecting C compiler ABI info - done
[0.195s] -- Check for working C compiler: /usr/bin/cc - skipped
[0.195s] -- Detecting C compile features
[0.196s] -- Detecting C compile features - done
[0.200s] -- Detecting CXX compiler ABI info
[0.278s] -- Detecting CXX compiler ABI info - done
[0.285s] -- Check for working CXX compiler: /usr/bin/c++ - skipped
[0.285s] -- Detecting CXX compile features
[0.285s] -- Detecting CXX compile features - done
[0.288s] -- Found ament_cmake: 1.3.10 (/opt/ros/humble/share/ament_cmake/cmake)
[0.419s] -- Found Python3: /usr/bin/python3 (found version "3.10.12") found components: Interpreter 
[0.468s] -- Override CMake install command with custom implementation using symlinks instead of copying resources
[0.550s] -- Configuring done
[0.552s] -- Generating done
[0.553s] -- Build files have been written to: /home/kosuke/turtlebot3_ws/build/turtlebot3_simulations
[0.557s] Invoked command in '/home/kosuke/turtlebot3_ws/build/turtlebot3_simulations' returned '0': AMENT_PREFIX_PATH=/home/kosuke/turtlebot3_ws/install/turtlebot3_gazebo:/home/kosuke/turtlebot3_ws/install/turtlebot3_fake_node:${AMENT_PREFIX_PATH} CMAKE_PREFIX_PATH=/home/kosuke/turtlebot3_ws/install/turtlebot3_gazebo:/home/kosuke/turtlebot3_ws/install/turtlebot3_fake_node:/opt/ros/humble /usr/bin/cmake /home/kosuke/turtlebot3_ws/src/turtlebot3_simulations/turtlebot3_simulations -DAMENT_CMAKE_SYMLINK_INSTALL=1 -DCMAKE_INSTALL_PREFIX=/home/kosuke/turtlebot3_ws/install/turtlebot3_simulations
[0.558s] Invoking command in '/home/kosuke/turtlebot3_ws/build/turtlebot3_simulations': AMENT_PREFIX_PATH=/home/kosuke/turtlebot3_ws/install/turtlebot3_gazebo:/home/kosuke/turtlebot3_ws/install/turtlebot3_fake_node:${AMENT_PREFIX_PATH} CMAKE_PREFIX_PATH=/home/kosuke/turtlebot3_ws/install/turtlebot3_gazebo:/home/kosuke/turtlebot3_ws/install/turtlebot3_fake_node:/opt/ros/humble /usr/bin/cmake --build /home/kosuke/turtlebot3_ws/build/turtlebot3_simulations -- -j4 -l4
[0.594s] Invoked command in '/home/kosuke/turtlebot3_ws/build/turtlebot3_simulations' returned '0': AMENT_PREFIX_PATH=/home/kosuke/turtlebot3_ws/install/turtlebot3_gazebo:/home/kosuke/turtlebot3_ws/install/turtlebot3_fake_node:${AMENT_PREFIX_PATH} CMAKE_PREFIX_PATH=/home/kosuke/turtlebot3_ws/install/turtlebot3_gazebo:/home/kosuke/turtlebot3_ws/install/turtlebot3_fake_node:/opt/ros/humble /usr/bin/cmake --build /home/kosuke/turtlebot3_ws/build/turtlebot3_simulations -- -j4 -l4
[0.618s] Invoking command in '/home/kosuke/turtlebot3_ws/build/turtlebot3_simulations': AMENT_PREFIX_PATH=/home/kosuke/turtlebot3_ws/install/turtlebot3_gazebo:/home/kosuke/turtlebot3_ws/install/turtlebot3_fake_node:${AMENT_PREFIX_PATH} CMAKE_PREFIX_PATH=/home/kosuke/turtlebot3_ws/install/turtlebot3_gazebo:/home/kosuke/turtlebot3_ws/install/turtlebot3_fake_node:/opt/ros/humble /usr/bin/cmake --install /home/kosuke/turtlebot3_ws/build/turtlebot3_simulations
[0.625s] -- Install configuration: ""
[0.626s] -- Execute custom install script
[0.626s] -- Symlinking: /home/kosuke/turtlebot3_ws/install/turtlebot3_simulations/share/ament_index/resource_index/package_run_dependencies/turtlebot3_simulations
[0.634s] -- Symlinking: /home/kosuke/turtlebot3_ws/install/turtlebot3_simulations/share/ament_index/resource_index/parent_prefix_path/turtlebot3_simulations
[0.643s] -- Symlinking: /home/kosuke/turtlebot3_ws/install/turtlebot3_simulations/share/turtlebot3_simulations/environment/ament_prefix_path.sh
[0.652s] -- Symlinking: /home/kosuke/turtlebot3_ws/install/turtlebot3_simulations/share/turtlebot3_simulations/environment/ament_prefix_path.dsv
[0.661s] -- Symlinking: /home/kosuke/turtlebot3_ws/install/turtlebot3_simulations/share/turtlebot3_simulations/environment/path.sh
[0.670s] -- Symlinking: /home/kosuke/turtlebot3_ws/install/turtlebot3_simulations/share/turtlebot3_simulations/environment/path.dsv
[0.678s] -- Symlinking: /home/kosuke/turtlebot3_ws/install/turtlebot3_simulations/share/turtlebot3_simulations/local_setup.bash
[0.687s] -- Symlinking: /home/kosuke/turtlebot3_ws/install/turtlebot3_simulations/share/turtlebot3_simulations/local_setup.sh
[0.696s] -- Symlinking: /home/kosuke/turtlebot3_ws/install/turtlebot3_simulations/share/turtlebot3_simulations/local_setup.zsh
[0.706s] -- Symlinking: /home/kosuke/turtlebot3_ws/install/turtlebot3_simulations/share/turtlebot3_simulations/local_setup.dsv
[0.714s] -- Symlinking: /home/kosuke/turtlebot3_ws/install/turtlebot3_simulations/share/turtlebot3_simulations/package.dsv
[0.724s] -- Symlinking: /home/kosuke/turtlebot3_ws/install/turtlebot3_simulations/share/ament_index/resource_index/packages/turtlebot3_simulations
[0.732s] -- Symlinking: /home/kosuke/turtlebot3_ws/install/turtlebot3_simulations/share/turtlebot3_simulations/cmake/turtlebot3_simulationsConfig.cmake
[0.741s] -- Symlinking: /home/kosuke/turtlebot3_ws/install/turtlebot3_simulations/share/turtlebot3_simulations/cmake/turtlebot3_simulationsConfig-version.cmake
[0.751s] -- Symlinking: /home/kosuke/turtlebot3_ws/install/turtlebot3_simulations/share/turtlebot3_simulations/package.xml
[0.762s] Invoked command in '/home/kosuke/turtlebot3_ws/build/turtlebot3_simulations' returned '0': AMENT_PREFIX_PATH=/home/kosuke/turtlebot3_ws/install/turtlebot3_gazebo:/home/kosuke/turtlebot3_ws/install/turtlebot3_fake_node:${AMENT_PREFIX_PATH} CMAKE_PREFIX_PATH=/home/kosuke/turtlebot3_ws/install/turtlebot3_gazebo:/home/kosuke/turtlebot3_ws/install/turtlebot3_fake_node:/opt/ros/humble /usr/bin/cmake --install /home/kosuke/turtlebot3_ws/build/turtlebot3_simulations
