[0.025s] Invoking command in '/home/kosuke/turtlebot3_ws/build/turtlebot3_description': CMAKE_PREFIX_PATH=/opt/ros/humble /usr/bin/cmake /home/kosuke/turtlebot3_ws/src/turtlebot3/turtlebot3_description -DAMENT_CMAKE_SYMLINK_INSTALL=1 -DCMAKE_INSTALL_PREFIX=/home/kosuke/turtlebot3_ws/install/turtlebot3_description
[0.190s] -- The C compiler identification is GNU 11.4.0
[0.331s] -- The CXX compiler identification is GNU 11.4.0
[0.348s] -- Detecting C compiler ABI info
[0.432s] -- Detecting C compiler ABI info - done
[0.440s] -- Check for working C compiler: /usr/bin/cc - skipped
[0.442s] -- Detecting C compile features
[0.442s] -- Detecting C compile features - done
[0.447s] -- Detecting CXX compiler ABI info
[0.554s] -- Detecting CXX compiler ABI info - done
[0.566s] -- Check for working CXX compiler: /usr/bin/c++ - skipped
[0.566s] -- Detecting CXX compile features
[0.566s] -- Detecting CXX compile features - done
[0.577s] -- Found ament_cmake: 1.3.10 (/opt/ros/humble/share/ament_cmake/cmake)
[0.742s] -- Found Python3: /usr/bin/python3 (found version "3.10.12") found components: Interpreter 
[0.819s] -- Override CMake install command with custom implementation using symlinks instead of copying resources
[0.878s] -- Found urdf: 2.6.0 (/opt/ros/humble/share/urdf/cmake)
[1.029s] -- Configuring done
[1.031s] -- Generating done
[1.033s] -- Build files have been written to: /home/kosuke/turtlebot3_ws/build/turtlebot3_description
[1.043s] Invoked command in '/home/kosuke/turtlebot3_ws/build/turtlebot3_description' returned '0': CMAKE_PREFIX_PATH=/opt/ros/humble /usr/bin/cmake /home/kosuke/turtlebot3_ws/src/turtlebot3/turtlebot3_description -DAMENT_CMAKE_SYMLINK_INSTALL=1 -DCMAKE_INSTALL_PREFIX=/home/kosuke/turtlebot3_ws/install/turtlebot3_description
[1.044s] Invoking command in '/home/kosuke/turtlebot3_ws/build/turtlebot3_description': CMAKE_PREFIX_PATH=/opt/ros/humble /usr/bin/cmake --build /home/kosuke/turtlebot3_ws/build/turtlebot3_description -- -j4 -l4
[1.088s] Invoked command in '/home/kosuke/turtlebot3_ws/build/turtlebot3_description' returned '0': CMAKE_PREFIX_PATH=/opt/ros/humble /usr/bin/cmake --build /home/kosuke/turtlebot3_ws/build/turtlebot3_description -- -j4 -l4
[1.119s] Invoking command in '/home/kosuke/turtlebot3_ws/build/turtlebot3_description': CMAKE_PREFIX_PATH=/opt/ros/humble /usr/bin/cmake --install /home/kosuke/turtlebot3_ws/build/turtlebot3_description
[1.128s] -- Install configuration: ""
[1.128s] -- Execute custom install script
[1.129s] -- Symlinking: /home/kosuke/turtlebot3_ws/install/turtlebot3_description/share/turtlebot3_description/meshes/bases/burger_base.stl
[1.142s] -- Symlinking: /home/kosuke/turtlebot3_ws/install/turtlebot3_description/share/turtlebot3_description/meshes/bases/waffle_base.stl
[1.155s] -- Symlinking: /home/kosuke/turtlebot3_ws/install/turtlebot3_description/share/turtlebot3_description/meshes/bases/waffle_pi_base.stl
[1.170s] -- Symlinking: /home/kosuke/turtlebot3_ws/install/turtlebot3_description/share/turtlebot3_description/meshes/sensors/astra.dae
[1.182s] -- Symlinking: /home/kosuke/turtlebot3_ws/install/turtlebot3_description/share/turtlebot3_description/meshes/sensors/astra.jpg
[1.193s] -- Symlinking: /home/kosuke/turtlebot3_ws/install/turtlebot3_description/share/turtlebot3_description/meshes/sensors/lds.stl
[1.206s] -- Symlinking: /home/kosuke/turtlebot3_ws/install/turtlebot3_description/share/turtlebot3_description/meshes/sensors/r200.dae
[1.215s] -- Symlinking: /home/kosuke/turtlebot3_ws/install/turtlebot3_description/share/turtlebot3_description/meshes/sensors/r200.jpg
[1.225s] -- Symlinking: /home/kosuke/turtlebot3_ws/install/turtlebot3_description/share/turtlebot3_description/meshes/wheels/left_tire.stl
[1.241s] -- Symlinking: /home/kosuke/turtlebot3_ws/install/turtlebot3_description/share/turtlebot3_description/meshes/wheels/right_tire.stl
[1.251s] -- Symlinking: /home/kosuke/turtlebot3_ws/install/turtlebot3_description/share/turtlebot3_description/rviz/model.rviz
[1.260s] -- Symlinking: /home/kosuke/turtlebot3_ws/install/turtlebot3_description/share/turtlebot3_description/urdf/common_properties.urdf
[1.271s] -- Symlinking: /home/kosuke/turtlebot3_ws/install/turtlebot3_description/share/turtlebot3_description/urdf/turtlebot3_burger.urdf
[1.279s] -- Symlinking: /home/kosuke/turtlebot3_ws/install/turtlebot3_description/share/turtlebot3_description/urdf/turtlebot3_waffle.urdf
[1.289s] -- Symlinking: /home/kosuke/turtlebot3_ws/install/turtlebot3_description/share/turtlebot3_description/urdf/turtlebot3_waffle_pi.urdf
[1.301s] -- Symlinking: /home/kosuke/turtlebot3_ws/install/turtlebot3_description/share/ament_index/resource_index/package_run_dependencies/turtlebot3_description
[1.311s] -- Symlinking: /home/kosuke/turtlebot3_ws/install/turtlebot3_description/share/ament_index/resource_index/parent_prefix_path/turtlebot3_description
[1.323s] -- Symlinking: /home/kosuke/turtlebot3_ws/install/turtlebot3_description/share/turtlebot3_description/environment/ament_prefix_path.sh
[1.339s] -- Symlinking: /home/kosuke/turtlebot3_ws/install/turtlebot3_description/share/turtlebot3_description/environment/ament_prefix_path.dsv
[1.352s] -- Symlinking: /home/kosuke/turtlebot3_ws/install/turtlebot3_description/share/turtlebot3_description/environment/path.sh
[1.368s] -- Symlinking: /home/kosuke/turtlebot3_ws/install/turtlebot3_description/share/turtlebot3_description/environment/path.dsv
[1.384s] -- Symlinking: /home/kosuke/turtlebot3_ws/install/turtlebot3_description/share/turtlebot3_description/local_setup.bash
[1.396s] -- Symlinking: /home/kosuke/turtlebot3_ws/install/turtlebot3_description/share/turtlebot3_description/local_setup.sh
[1.408s] -- Symlinking: /home/kosuke/turtlebot3_ws/install/turtlebot3_description/share/turtlebot3_description/local_setup.zsh
[1.426s] -- Symlinking: /home/kosuke/turtlebot3_ws/install/turtlebot3_description/share/turtlebot3_description/local_setup.dsv
[1.439s] -- Symlinking: /home/kosuke/turtlebot3_ws/install/turtlebot3_description/share/turtlebot3_description/package.dsv
[1.453s] -- Symlinking: /home/kosuke/turtlebot3_ws/install/turtlebot3_description/share/ament_index/resource_index/packages/turtlebot3_description
[1.462s] -- Symlinking: /home/kosuke/turtlebot3_ws/install/turtlebot3_description/share/turtlebot3_description/cmake/turtlebot3_descriptionConfig.cmake
[1.474s] -- Symlinking: /home/kosuke/turtlebot3_ws/install/turtlebot3_description/share/turtlebot3_description/cmake/turtlebot3_descriptionConfig-version.cmake
[1.481s] -- Symlinking: /home/kosuke/turtlebot3_ws/install/turtlebot3_description/share/turtlebot3_description/package.xml
[1.505s] Invoked command in '/home/kosuke/turtlebot3_ws/build/turtlebot3_description' returned '0': CMAKE_PREFIX_PATH=/opt/ros/humble /usr/bin/cmake --install /home/kosuke/turtlebot3_ws/build/turtlebot3_description
