[0.716s] Invoking command in '/home/kosuke/turtlebot3_ws/src/turtlebot3/turtlebot3_teleop': PYTHONPATH=/home/kosuke/turtlebot3_ws/src/build/turtlebot3_teleop/prefix_override:/usr/lib/python3/dist-packages/colcon_core/task/python/colcon_distutils_commands:/home/kosuke/turtlebot3_ws/src/install/turtlebot3_teleop/lib/python3.10/site-packages:${PYTHONPATH} /usr/bin/python3 -W ignore:setup.py install is deprecated setup.py egg_info --egg-base ../../build/turtlebot3_teleop build --build-base /home/kosuke/turtlebot3_ws/src/build/turtlebot3_teleop/build install --record /home/kosuke/turtlebot3_ws/src/build/turtlebot3_teleop/install.log --single-version-externally-managed install_data
[0.915s] running egg_info
[0.915s] writing ../../build/turtlebot3_teleop/turtlebot3_teleop.egg-info/PKG-INFO
[0.916s] writing dependency_links to ../../build/turtlebot3_teleop/turtlebot3_teleop.egg-info/dependency_links.txt
[0.917s] writing entry points to ../../build/turtlebot3_teleop/turtlebot3_teleop.egg-info/entry_points.txt
[0.918s] writing requirements to ../../build/turtlebot3_teleop/turtlebot3_teleop.egg-info/requires.txt
[0.918s] writing top-level names to ../../build/turtlebot3_teleop/turtlebot3_teleop.egg-info/top_level.txt
[0.918s] reading manifest file '../../build/turtlebot3_teleop/turtlebot3_teleop.egg-info/SOURCES.txt'
[0.919s] writing manifest file '../../build/turtlebot3_teleop/turtlebot3_teleop.egg-info/SOURCES.txt'
[0.919s] running build
[0.919s] running build_py
[0.921s] running install
[0.921s] running install_lib
[0.922s] running install_data
[0.924s] running install_egg_info
[0.924s] removing '/home/kosuke/turtlebot3_ws/src/install/turtlebot3_teleop/lib/python3.10/site-packages/turtlebot3_teleop-2.1.5-py3.10.egg-info' (and everything under it)
[0.925s] Copying ../../build/turtlebot3_teleop/turtlebot3_teleop.egg-info to /home/kosuke/turtlebot3_ws/src/install/turtlebot3_teleop/lib/python3.10/site-packages/turtlebot3_teleop-2.1.5-py3.10.egg-info
[0.926s] running install_scripts
[0.943s] Installing teleop_keyboard script to /home/kosuke/turtlebot3_ws/src/install/turtlebot3_teleop/lib/turtlebot3_teleop
[0.943s] writing list of installed files to '/home/kosuke/turtlebot3_ws/src/build/turtlebot3_teleop/install.log'
[1.027s] Invoked command in '/home/kosuke/turtlebot3_ws/src/turtlebot3/turtlebot3_teleop' returned '0': PYTHONPATH=/home/kosuke/turtlebot3_ws/src/build/turtlebot3_teleop/prefix_override:/usr/lib/python3/dist-packages/colcon_core/task/python/colcon_distutils_commands:/home/kosuke/turtlebot3_ws/src/install/turtlebot3_teleop/lib/python3.10/site-packages:${PYTHONPATH} /usr/bin/python3 -W ignore:setup.py install is deprecated setup.py egg_info --egg-base ../../build/turtlebot3_teleop build --build-base /home/kosuke/turtlebot3_ws/src/build/turtlebot3_teleop/build install --record /home/kosuke/turtlebot3_ws/src/build/turtlebot3_teleop/install.log --single-version-externally-managed install_data
