running egg_info
writing build/turtlebot3_autonomous_control/turtlebot3_autonomous_control.egg-info/PKG-INFO
writing dependency_links to build/turtlebot3_autonomous_control/turtlebot3_autonomous_control.egg-info/dependency_links.txt
writing entry points to build/turtlebot3_autonomous_control/turtlebot3_autonomous_control.egg-info/entry_points.txt
writing requirements to build/turtlebot3_autonomous_control/turtlebot3_autonomous_control.egg-info/requires.txt
writing top-level names to build/turtlebot3_autonomous_control/turtlebot3_autonomous_control.egg-info/top_level.txt
reading manifest file 'build/turtlebot3_autonomous_control/turtlebot3_autonomous_control.egg-info/SOURCES.txt'
writing manifest file 'build/turtlebot3_autonomous_control/turtlebot3_autonomous_control.egg-info/SOURCES.txt'
running build
running build_py
copying turtlebot3_autonomous_control/turtlebot3_autonomous_control.py -> /home/kosuke/turtlebot3_ws/src/turtlebot3_autonomous_control/build/turtlebot3_autonomous_control/build/lib/turtlebot3_autonomous_control
running install
running install_lib
copying /home/kosuke/turtlebot3_ws/src/turtlebot3_autonomous_control/build/turtlebot3_autonomous_control/build/lib/turtlebot3_autonomous_control/turtlebot3_autonomous_control.py -> /home/kosuke/turtlebot3_ws/src/turtlebot3_autonomous_control/install/turtlebot3_autonomous_control/lib/python3.10/site-packages/turtlebot3_autonomous_control
byte-compiling /home/kosuke/turtlebot3_ws/src/turtlebot3_autonomous_control/install/turtlebot3_autonomous_control/lib/python3.10/site-packages/turtlebot3_autonomous_control/turtlebot3_autonomous_control.py to turtlebot3_autonomous_control.cpython-310.pyc
running install_data
running install_egg_info
removing '/home/kosuke/turtlebot3_ws/src/turtlebot3_autonomous_control/install/turtlebot3_autonomous_control/lib/python3.10/site-packages/turtlebot3_autonomous_control-0.0.0-py3.10.egg-info' (and everything under it)
Copying build/turtlebot3_autonomous_control/turtlebot3_autonomous_control.egg-info to /home/kosuke/turtlebot3_ws/src/turtlebot3_autonomous_control/install/turtlebot3_autonomous_control/lib/python3.10/site-packages/turtlebot3_autonomous_control-0.0.0-py3.10.egg-info
running install_scripts
Installing turtlebot3_autonomous_control script to /home/kosuke/turtlebot3_ws/src/turtlebot3_autonomous_control/install/turtlebot3_autonomous_control/lib/turtlebot3_autonomous_control
writing list of installed files to '/home/kosuke/turtlebot3_ws/src/turtlebot3_autonomous_control/build/turtlebot3_autonomous_control/install.log'
