[0.743s] Invoking command in '/home/kosuke/turtlebot3_ws/src/turtlebot3_autonomous_control': PYTHONPATH=/home/kosuke/turtlebot3_ws/build/turtlebot3_autonomous_control/prefix_override:/usr/lib/python3/dist-packages/colcon_core/task/python/colcon_distutils_commands:/home/kosuke/turtlebot3_ws/install/turtlebot3_autonomous_control/lib/python3.10/site-packages:${PYTHONPATH} /usr/bin/python3 -W ignore:setup.py install is deprecated setup.py egg_info --egg-base ../../build/turtlebot3_autonomous_control build --build-base /home/kosuke/turtlebot3_ws/build/turtlebot3_autonomous_control/build install --record /home/kosuke/turtlebot3_ws/build/turtlebot3_autonomous_control/install.log --single-version-externally-managed install_data
[1.195s] running egg_info
[1.195s] creating ../../build/turtlebot3_autonomous_control/turtlebot3_autonomous_control.egg-info
[1.196s] writing ../../build/turtlebot3_autonomous_control/turtlebot3_autonomous_control.egg-info/PKG-INFO
[1.196s] writing dependency_links to ../../build/turtlebot3_autonomous_control/turtlebot3_autonomous_control.egg-info/dependency_links.txt
[1.196s] writing entry points to ../../build/turtlebot3_autonomous_control/turtlebot3_autonomous_control.egg-info/entry_points.txt
[1.196s] writing requirements to ../../build/turtlebot3_autonomous_control/turtlebot3_autonomous_control.egg-info/requires.txt
[1.196s] writing top-level names to ../../build/turtlebot3_autonomous_control/turtlebot3_autonomous_control.egg-info/top_level.txt
[1.196s] writing manifest file '../../build/turtlebot3_autonomous_control/turtlebot3_autonomous_control.egg-info/SOURCES.txt'
[1.197s] reading manifest file '../../build/turtlebot3_autonomous_control/turtlebot3_autonomous_control.egg-info/SOURCES.txt'
[1.198s] writing manifest file '../../build/turtlebot3_autonomous_control/turtlebot3_autonomous_control.egg-info/SOURCES.txt'
[1.198s] running build
[1.198s] running build_py
[1.199s] creating /home/kosuke/turtlebot3_ws/build/turtlebot3_autonomous_control/build
[1.199s] creating /home/kosuke/turtlebot3_ws/build/turtlebot3_autonomous_control/build/lib
[1.199s] creating /home/kosuke/turtlebot3_ws/build/turtlebot3_autonomous_control/build/lib/turtlebot3_autonomous_control
[1.199s] copying turtlebot3_autonomous_control/turtlebot3_autonomous_control.py -> /home/kosuke/turtlebot3_ws/build/turtlebot3_autonomous_control/build/lib/turtlebot3_autonomous_control
[1.199s] copying turtlebot3_autonomous_control/__init__.py -> /home/kosuke/turtlebot3_ws/build/turtlebot3_autonomous_control/build/lib/turtlebot3_autonomous_control
[1.199s] running install
[1.201s] running install_lib
[1.201s] creating /home/kosuke/turtlebot3_ws/install/turtlebot3_autonomous_control/lib/python3.10/site-packages/turtlebot3_autonomous_control
[1.201s] copying /home/kosuke/turtlebot3_ws/build/turtlebot3_autonomous_control/build/lib/turtlebot3_autonomous_control/turtlebot3_autonomous_control.py -> /home/kosuke/turtlebot3_ws/install/turtlebot3_autonomous_control/lib/python3.10/site-packages/turtlebot3_autonomous_control
[1.202s] copying /home/kosuke/turtlebot3_ws/build/turtlebot3_autonomous_control/build/lib/turtlebot3_autonomous_control/__init__.py -> /home/kosuke/turtlebot3_ws/install/turtlebot3_autonomous_control/lib/python3.10/site-packages/turtlebot3_autonomous_control
[1.202s] byte-compiling /home/kosuke/turtlebot3_ws/install/turtlebot3_autonomous_control/lib/python3.10/site-packages/turtlebot3_autonomous_control/turtlebot3_autonomous_control.py to turtlebot3_autonomous_control.cpython-310.pyc
[1.203s] byte-compiling /home/kosuke/turtlebot3_ws/install/turtlebot3_autonomous_control/lib/python3.10/site-packages/turtlebot3_autonomous_control/__init__.py to __init__.cpython-310.pyc
[1.203s] running install_data
[1.204s] creating /home/kosuke/turtlebot3_ws/install/turtlebot3_autonomous_control/share/ament_index
[1.204s] creating /home/kosuke/turtlebot3_ws/install/turtlebot3_autonomous_control/share/ament_index/resource_index
[1.204s] creating /home/kosuke/turtlebot3_ws/install/turtlebot3_autonomous_control/share/ament_index/resource_index/packages
[1.204s] copying resource/turtlebot3_autonomous_control -> /home/kosuke/turtlebot3_ws/install/turtlebot3_autonomous_control/share/ament_index/resource_index/packages
[1.204s] copying package.xml -> /home/kosuke/turtlebot3_ws/install/turtlebot3_autonomous_control/share/turtlebot3_autonomous_control
[1.204s] running install_egg_info
[1.208s] Copying ../../build/turtlebot3_autonomous_control/turtlebot3_autonomous_control.egg-info to /home/kosuke/turtlebot3_ws/install/turtlebot3_autonomous_control/lib/python3.10/site-packages/turtlebot3_autonomous_control-0.0.0-py3.10.egg-info
[1.209s] running install_scripts
[1.231s] Installing turtlebot3_autonomous_control script to /home/kosuke/turtlebot3_ws/install/turtlebot3_autonomous_control/lib/turtlebot3_autonomous_control
[1.231s] writing list of installed files to '/home/kosuke/turtlebot3_ws/build/turtlebot3_autonomous_control/install.log'
[1.271s] Invoked command in '/home/kosuke/turtlebot3_ws/src/turtlebot3_autonomous_control' returned '0': PYTHONPATH=/home/kosuke/turtlebot3_ws/build/turtlebot3_autonomous_control/prefix_override:/usr/lib/python3/dist-packages/colcon_core/task/python/colcon_distutils_commands:/home/kosuke/turtlebot3_ws/install/turtlebot3_autonomous_control/lib/python3.10/site-packages:${PYTHONPATH} /usr/bin/python3 -W ignore:setup.py install is deprecated setup.py egg_info --egg-base ../../build/turtlebot3_autonomous_control build --build-base /home/kosuke/turtlebot3_ws/build/turtlebot3_autonomous_control/build install --record /home/kosuke/turtlebot3_ws/build/turtlebot3_autonomous_control/install.log --single-version-externally-managed install_data
