[0.775s] Invoking command in '/home/kosuke/turtlebot3_ws/build/turtlebot3_teleop': PYTHONPATH=/home/kosuke/turtlebot3_ws/build/turtlebot3_teleop/prefix_override:/usr/lib/python3/dist-packages/colcon_core/task/python/colcon_distutils_commands:/home/kosuke/turtlebot3_ws/install/turtlebot3_teleop/lib/python3.10/site-packages:${PYTHONPATH} /usr/bin/python3 -W ignore:setup.py install is deprecated setup.py develop --editable --build-directory /home/kosuke/turtlebot3_ws/build/turtlebot3_teleop/build --no-deps symlink_data
[1.178s] /usr/lib/python3/dist-packages/setuptools/command/easy_install.py:158: EasyInstallDeprecationWarning: easy_install command is deprecated. Use build and pip and other standards-based tools.
[1.179s]   warnings.warn(
[1.181s] running develop
[1.338s] running egg_info
[1.338s] creating turtlebot3_teleop.egg-info
[1.340s] writing turtlebot3_teleop.egg-info/PKG-INFO
[1.341s] writing dependency_links to turtlebot3_teleop.egg-info/dependency_links.txt
[1.341s] writing entry points to turtlebot3_teleop.egg-info/entry_points.txt
[1.344s] writing requirements to turtlebot3_teleop.egg-info/requires.txt
[1.344s] writing top-level names to turtlebot3_teleop.egg-info/top_level.txt
[1.344s] writing manifest file 'turtlebot3_teleop.egg-info/SOURCES.txt'
[1.348s] reading manifest file 'turtlebot3_teleop.egg-info/SOURCES.txt'
[1.348s] writing manifest file 'turtlebot3_teleop.egg-info/SOURCES.txt'
[1.350s] running build_ext
[1.350s] Creating /home/kosuke/turtlebot3_ws/install/turtlebot3_teleop/lib/python3.10/site-packages/turtlebot3-teleop.egg-link (link to .)
[1.351s] Installing teleop_keyboard script to /home/kosuke/turtlebot3_ws/install/turtlebot3_teleop/lib/turtlebot3_teleop
[1.353s] 
[1.353s] Installed /home/kosuke/turtlebot3_ws/build/turtlebot3_teleop
[1.353s] running symlink_data
[1.353s] creating /home/kosuke/turtlebot3_ws/install/turtlebot3_teleop/share/ament_index
[1.353s] creating /home/kosuke/turtlebot3_ws/install/turtlebot3_teleop/share/ament_index/resource_index
[1.353s] creating /home/kosuke/turtlebot3_ws/install/turtlebot3_teleop/share/ament_index/resource_index/packages
[1.353s] symbolically linking /home/kosuke/turtlebot3_ws/build/turtlebot3_teleop/resource/turtlebot3_teleop -> /home/kosuke/turtlebot3_ws/install/turtlebot3_teleop/share/ament_index/resource_index/packages
[1.353s] symbolically linking /home/kosuke/turtlebot3_ws/build/turtlebot3_teleop/package.xml -> /home/kosuke/turtlebot3_ws/install/turtlebot3_teleop/share/turtlebot3_teleop
[1.394s] Invoked command in '/home/kosuke/turtlebot3_ws/build/turtlebot3_teleop' returned '0': PYTHONPATH=/home/kosuke/turtlebot3_ws/build/turtlebot3_teleop/prefix_override:/usr/lib/python3/dist-packages/colcon_core/task/python/colcon_distutils_commands:/home/kosuke/turtlebot3_ws/install/turtlebot3_teleop/lib/python3.10/site-packages:${PYTHONPATH} /usr/bin/python3 -W ignore:setup.py install is deprecated setup.py develop --editable --build-directory /home/kosuke/turtlebot3_ws/build/turtlebot3_teleop/build --no-deps symlink_data
