[0.571s] Invoking command in '/home/kosuke/turtlebot3_ws/src/turtlebot3_sensor_reader': PYTHONPATH=/home/kosuke/turtlebot3_ws/src/turtlebot3_sensor_reader/build/turtlebot3_sensor_reader/prefix_override:/usr/lib/python3/dist-packages/colcon_core/task/python/colcon_distutils_commands:/home/kosuke/turtlebot3_ws/src/turtlebot3_sensor_reader/install/turtlebot3_sensor_reader/lib/python3.10/site-packages:${PYTHONPATH} /usr/bin/python3 -W ignore:setup.py install is deprecated setup.py egg_info --egg-base build/turtlebot3_sensor_reader build --build-base /home/kosuke/turtlebot3_ws/src/turtlebot3_sensor_reader/build/turtlebot3_sensor_reader/build install --record /home/kosuke/turtlebot3_ws/src/turtlebot3_sensor_reader/build/turtlebot3_sensor_reader/install.log --single-version-externally-managed install_data
[0.792s] running egg_info
[0.792s] creating build/turtlebot3_sensor_reader/turtlebot3_sensor_reader.egg-info
[0.792s] writing build/turtlebot3_sensor_reader/turtlebot3_sensor_reader.egg-info/PKG-INFO
[0.792s] writing dependency_links to build/turtlebot3_sensor_reader/turtlebot3_sensor_reader.egg-info/dependency_links.txt
[0.792s] writing entry points to build/turtlebot3_sensor_reader/turtlebot3_sensor_reader.egg-info/entry_points.txt
[0.792s] writing requirements to build/turtlebot3_sensor_reader/turtlebot3_sensor_reader.egg-info/requires.txt
[0.792s] writing top-level names to build/turtlebot3_sensor_reader/turtlebot3_sensor_reader.egg-info/top_level.txt
[0.792s] writing manifest file 'build/turtlebot3_sensor_reader/turtlebot3_sensor_reader.egg-info/SOURCES.txt'
[0.793s] reading manifest file 'build/turtlebot3_sensor_reader/turtlebot3_sensor_reader.egg-info/SOURCES.txt'
[0.793s] writing manifest file 'build/turtlebot3_sensor_reader/turtlebot3_sensor_reader.egg-info/SOURCES.txt'
[0.796s] running build
[0.796s] running build_py
[0.796s] creating /home/kosuke/turtlebot3_ws/src/turtlebot3_sensor_reader/build/turtlebot3_sensor_reader/build
[0.796s] creating /home/kosuke/turtlebot3_ws/src/turtlebot3_sensor_reader/build/turtlebot3_sensor_reader/build/lib
[0.796s] creating /home/kosuke/turtlebot3_ws/src/turtlebot3_sensor_reader/build/turtlebot3_sensor_reader/build/lib/turtlebot3_sensor_reader
[0.796s] copying turtlebot3_sensor_reader/turtlebot3_sensor_reader.py -> /home/kosuke/turtlebot3_ws/src/turtlebot3_sensor_reader/build/turtlebot3_sensor_reader/build/lib/turtlebot3_sensor_reader
[0.796s] copying turtlebot3_sensor_reader/__init__.py -> /home/kosuke/turtlebot3_ws/src/turtlebot3_sensor_reader/build/turtlebot3_sensor_reader/build/lib/turtlebot3_sensor_reader
[0.796s] running install
[0.796s] running install_lib
[0.796s] creating /home/kosuke/turtlebot3_ws/src/turtlebot3_sensor_reader/install/turtlebot3_sensor_reader/lib/python3.10/site-packages/turtlebot3_sensor_reader
[0.796s] copying /home/kosuke/turtlebot3_ws/src/turtlebot3_sensor_reader/build/turtlebot3_sensor_reader/build/lib/turtlebot3_sensor_reader/turtlebot3_sensor_reader.py -> /home/kosuke/turtlebot3_ws/src/turtlebot3_sensor_reader/install/turtlebot3_sensor_reader/lib/python3.10/site-packages/turtlebot3_sensor_reader
[0.797s] copying /home/kosuke/turtlebot3_ws/src/turtlebot3_sensor_reader/build/turtlebot3_sensor_reader/build/lib/turtlebot3_sensor_reader/__init__.py -> /home/kosuke/turtlebot3_ws/src/turtlebot3_sensor_reader/install/turtlebot3_sensor_reader/lib/python3.10/site-packages/turtlebot3_sensor_reader
[0.797s] byte-compiling /home/kosuke/turtlebot3_ws/src/turtlebot3_sensor_reader/install/turtlebot3_sensor_reader/lib/python3.10/site-packages/turtlebot3_sensor_reader/turtlebot3_sensor_reader.py to turtlebot3_sensor_reader.cpython-310.pyc
[0.797s] byte-compiling /home/kosuke/turtlebot3_ws/src/turtlebot3_sensor_reader/install/turtlebot3_sensor_reader/lib/python3.10/site-packages/turtlebot3_sensor_reader/__init__.py to __init__.cpython-310.pyc
[0.797s] running install_data
[0.797s] creating /home/kosuke/turtlebot3_ws/src/turtlebot3_sensor_reader/install/turtlebot3_sensor_reader/share/ament_index
[0.797s] creating /home/kosuke/turtlebot3_ws/src/turtlebot3_sensor_reader/install/turtlebot3_sensor_reader/share/ament_index/resource_index
[0.797s] creating /home/kosuke/turtlebot3_ws/src/turtlebot3_sensor_reader/install/turtlebot3_sensor_reader/share/ament_index/resource_index/packages
[0.797s] copying resource/turtlebot3_sensor_reader -> /home/kosuke/turtlebot3_ws/src/turtlebot3_sensor_reader/install/turtlebot3_sensor_reader/share/ament_index/resource_index/packages
[0.798s] copying package.xml -> /home/kosuke/turtlebot3_ws/src/turtlebot3_sensor_reader/install/turtlebot3_sensor_reader/share/turtlebot3_sensor_reader
[0.798s] running install_egg_info
[0.799s] Copying build/turtlebot3_sensor_reader/turtlebot3_sensor_reader.egg-info to /home/kosuke/turtlebot3_ws/src/turtlebot3_sensor_reader/install/turtlebot3_sensor_reader/lib/python3.10/site-packages/turtlebot3_sensor_reader-0.0.0-py3.10.egg-info
[0.800s] running install_scripts
[0.819s] Installing turtlebot3_sensor_reader script to /home/kosuke/turtlebot3_ws/src/turtlebot3_sensor_reader/install/turtlebot3_sensor_reader/lib/turtlebot3_sensor_reader
[0.819s] writing list of installed files to '/home/kosuke/turtlebot3_ws/src/turtlebot3_sensor_reader/build/turtlebot3_sensor_reader/install.log'
[0.841s] Invoked command in '/home/kosuke/turtlebot3_ws/src/turtlebot3_sensor_reader' returned '0': PYTHONPATH=/home/kosuke/turtlebot3_ws/src/turtlebot3_sensor_reader/build/turtlebot3_sensor_reader/prefix_override:/usr/lib/python3/dist-packages/colcon_core/task/python/colcon_distutils_commands:/home/kosuke/turtlebot3_ws/src/turtlebot3_sensor_reader/install/turtlebot3_sensor_reader/lib/python3.10/site-packages:${PYTHONPATH} /usr/bin/python3 -W ignore:setup.py install is deprecated setup.py egg_info --egg-base build/turtlebot3_sensor_reader build --build-base /home/kosuke/turtlebot3_ws/src/turtlebot3_sensor_reader/build/turtlebot3_sensor_reader/build install --record /home/kosuke/turtlebot3_ws/src/turtlebot3_sensor_reader/build/turtlebot3_sensor_reader/install.log --single-version-externally-managed install_data
