[0.006s] Invoking command in '/home/kosuke/turtlebot3_ws/build/turtlebot3_gazebo': CMAKE_PREFIX_PATH=/opt/ros/humble /usr/bin/cmake /home/kosuke/turtlebot3_ws/src/turtlebot3_simulations/turtlebot3_gazebo -DAMENT_CMAKE_SYMLINK_INSTALL=1 -DCMAKE_INSTALL_PREFIX=/home/kosuke/turtlebot3_ws/install/turtlebot3_gazebo
[0.065s] -- The C compiler identification is GNU 11.4.0
[0.129s] -- The CXX compiler identification is GNU 11.4.0
[0.137s] -- Detecting C compiler ABI info
[0.225s] -- Detecting C compiler ABI info - done
[0.232s] -- Check for working C compiler: /usr/bin/cc - skipped
[0.232s] -- Detecting C compile features
[0.233s] -- Detecting C compile features - done
[0.236s] -- Detecting CXX compiler ABI info
[0.329s] -- Detecting CXX compiler ABI info - done
[0.339s] -- Check for working CXX compiler: /usr/bin/c++ - skipped
[0.340s] -- Detecting CXX compile features
[0.340s] -- Detecting CXX compile features - done
[0.343s] -- Found ament_cmake: 1.3.10 (/opt/ros/humble/share/ament_cmake/cmake)
[0.489s] -- Found Python3: /usr/bin/python3 (found version "3.10.12") found components: Interpreter 
[0.544s] -- Override CMake install command with custom implementation using symlinks instead of copying resources
[0.591s] [33mCMake Warning (dev) at /usr/share/cmake-3.22/Modules/FindPackageHandleStandardArgs.cmake:438 (message):
[0.591s]   The package name passed to `find_package_handle_standard_args` (PkgConfig)
[0.591s]   does not match the name of the calling package (gazebo).  This can lead to
[0.591s]   problems in calling code that expects `find_package` result variables
[0.591s]   (e.g., `_FOUND`) to follow a certain pattern.
[0.592s] Call Stack (most recent call first):
[0.592s]   /usr/share/cmake-3.22/Modules/FindPkgConfig.cmake:99 (find_package_handle_standard_args)
[0.592s]   /usr/lib/x86_64-linux-gnu/cmake/gazebo/gazebo-config.cmake:72 (include)
[0.592s]   CMakeLists.txt:23 (find_package)
[0.592s] This warning is for project developers.  Use -Wno-dev to suppress it.
[0.592s] [0m
[0.592s] -- Found PkgConfig: /usr/bin/pkg-config (found version "0.29.2") 
[0.595s] -- Checking for module 'bullet>=2.82'
[0.610s] --   Found bullet, version 3.05
[0.763s] -- Found fcl: /usr/include (found suitable version "0.7.0", minimum required is "0.5.0") 
[0.852s] -- Found assimp: /usr/include (found version "5.2.0") 
[0.944s] -- Found DART: /usr/include (Required is at least version "6.6") found components: dart 
[1.287s] -- Found Boost: /usr/lib/x86_64-linux-gnu/cmake/Boost-1.74.0/BoostConfig.cmake (found suitable version "1.74.0", minimum required is "1.40.0") found components: thread system filesystem program_options regex iostreams date_time 
[1.341s] -- Found Protobuf: /usr/lib/x86_64-linux-gnu/libprotobuf.so (found version "3.12.4") 
[1.350s] -- Looking for ignition-math6 -- found version 6.15.1
[1.374s] -- Searching for dependencies of ignition-math6
[1.380s] -- Looking for OGRE...
[1.380s] -- OGRE_PREFIX_WATCH changed.
[1.389s] -- Checking for module 'OGRE'
[1.411s] --   Found OGRE, version 1.9.0
[1.465s] -- Found Ogre Ghadamon (1.9.0)
[1.485s] -- Found OGRE: optimized;/usr/lib/x86_64-linux-gnu/libOgreMain.so;debug;/usr/lib/x86_64-linux-gnu/libOgreMain.so
[1.500s] -- Looking for OGRE_Paging...
[1.516s] -- Found OGRE_Paging: optimized;/usr/lib/x86_64-linux-gnu/libOgrePaging.so;debug;/usr/lib/x86_64-linux-gnu/libOgrePaging.so
[1.516s] -- Looking for OGRE_Terrain...
[1.522s] -- Found OGRE_Terrain: optimized;/usr/lib/x86_64-linux-gnu/libOgreTerrain.so;debug;/usr/lib/x86_64-linux-gnu/libOgreTerrain.so
[1.522s] -- Looking for OGRE_Property...
[1.526s] -- Found OGRE_Property: optimized;/usr/lib/x86_64-linux-gnu/libOgreProperty.so;debug;/usr/lib/x86_64-linux-gnu/libOgreProperty.so
[1.526s] -- Looking for OGRE_RTShaderSystem...
[1.530s] -- Found OGRE_RTShaderSystem: optimized;/usr/lib/x86_64-linux-gnu/libOgreRTShaderSystem.so;debug;/usr/lib/x86_64-linux-gnu/libOgreRTShaderSystem.so
[1.530s] -- Looking for OGRE_Volume...
[1.541s] -- Found OGRE_Volume: optimized;/usr/lib/x86_64-linux-gnu/libOgreVolume.so;debug;/usr/lib/x86_64-linux-gnu/libOgreVolume.so
[1.541s] -- Looking for OGRE_Overlay...
[1.547s] -- Found OGRE_Overlay: optimized;/usr/lib/x86_64-linux-gnu/libOgreOverlay.so;debug;/usr/lib/x86_64-linux-gnu/libOgreOverlay.so
[1.727s] -- Looking for ignition-math6 -- found version 6.15.1
[1.731s] -- Looking for ignition-transport8 -- found version 8.2.1
[1.732s] -- Searching for dependencies of ignition-transport8
[1.763s] -- Found Protobuf: /usr/lib/x86_64-linux-gnu/libprotobuf.so (found suitable version "3.12.4", minimum required is "3") 
[1.780s] -- Config-file not installed for ZeroMQ -- checking for pkg-config
[1.786s] -- Checking for module 'libzmq >= 4'
[1.822s] --   Found libzmq , version 4.3.4
[1.914s] -- Found ZeroMQ: TRUE (Required is at least version "4") 
[1.928s] -- Checking for module 'uuid'
[1.960s] --   Found uuid, version 2.37.2
[2.040s] -- Found UUID: TRUE  
[2.045s] -- Looking for ignition-msgs5 -- found version 5.8.1
[2.046s] -- Searching for dependencies of ignition-msgs5
[2.086s] -- Looking for ignition-math6 -- found version 6.15.1
[2.098s] -- Checking for module 'tinyxml2'
[2.144s] --   Found tinyxml2, version 9.0.0
[2.225s] -- Looking for ignition-msgs5 -- found version 5.8.1
[2.232s] -- Looking for ignition-common3 -- found version 3.14.0
[2.235s] -- Searching for dependencies of ignition-common3
[2.235s] -- Looking for dlfcn.h - found
[2.235s] -- Looking for libdl - found
[2.237s] -- Found DL: TRUE  
[2.261s] -- Found tinyobjloader: /usr/lib/x86_64-linux-gnu/cmake/tinyobjloader/tinyobjloader-config.cmake (found version "2.0.0") 
[2.262s] -- Searching for <ignition-common3> component [graphics]
[2.272s] -- Looking for ignition-common3-graphics -- found version 3.14.0
[2.272s] -- Searching for dependencies of ignition-common3-graphics
[2.272s] -- Looking for ignition-math6 -- found version 6.15.1
[2.278s] -- Looking for ignition-fuel_tools4 -- found version 4.4.0
[2.279s] -- Searching for dependencies of ignition-fuel_tools4
[2.454s] -- Found CURL: /usr/lib/x86_64-linux-gnu/libcurl.so (found version "7.81.0")  
[2.476s] -- Checking for module 'jsoncpp'
[2.505s] --   Found jsoncpp, version 1.9.5
[2.587s] -- Found JSONCPP: TRUE  
[2.601s] -- Checking for module 'libzip'
[2.647s] --   Found libzip, version 1.7.3
[2.737s] -- Found ZIP: TRUE  
[2.738s] -- Looking for ignition-common3 -- found version 3.14.0
[2.739s] -- Looking for ignition-math6 -- found version 6.15.1
[2.743s] -- Looking for ignition-msgs5 -- found version 5.8.1
[2.757s] -- Found gazebo_ros_pkgs: 3.7.0 (/opt/ros/humble/share/gazebo_ros_pkgs/cmake)
[2.758s] -- Found geometry_msgs: 4.2.4 (/opt/ros/humble/share/geometry_msgs/cmake)
[2.825s] -- Found rosidl_generator_c: 3.1.5 (/opt/ros/humble/share/rosidl_generator_c/cmake)
[2.837s] -- Found rosidl_adapter: 3.1.5 (/opt/ros/humble/share/rosidl_adapter/cmake)
[2.855s] -- Found rosidl_generator_cpp: 3.1.5 (/opt/ros/humble/share/rosidl_generator_cpp/cmake)
[2.879s] -- Using all available rosidl_typesupport_c: rosidl_typesupport_fastrtps_c;rosidl_typesupport_introspection_c
[2.915s] -- Using all available rosidl_typesupport_cpp: rosidl_typesupport_fastrtps_cpp;rosidl_typesupport_introspection_cpp
[2.996s] -- Found nav_msgs: 4.2.4 (/opt/ros/humble/share/nav_msgs/cmake)
[3.034s] -- Found rclcpp: 16.0.10 (/opt/ros/humble/share/rclcpp/cmake)
[3.111s] -- Found rmw_implementation_cmake: 6.1.2 (/opt/ros/humble/share/rmw_implementation_cmake/cmake)
[3.116s] -- Found rmw_fastrtps_cpp: 6.2.7 (/opt/ros/humble/share/rmw_fastrtps_cpp/cmake)
[3.318s] -- Found OpenSSL: /usr/lib/x86_64-linux-gnu/libcrypto.so (found version "3.0.2")  
[3.374s] -- Found FastRTPS: /opt/ros/humble/include  
[3.470s] -- Using RMW implementation 'rmw_fastrtps_cpp' as default
[3.488s] -- Found Threads: TRUE  
[3.568s] -- Found sensor_msgs: 4.2.4 (/opt/ros/humble/share/sensor_msgs/cmake)
[3.607s] -- Found tf2: 0.25.7 (/opt/ros/humble/share/tf2/cmake)
[3.766s] -- Configuring done
[3.880s] -- Generating done
[3.889s] -- Build files have been written to: /home/kosuke/turtlebot3_ws/build/turtlebot3_gazebo
[3.923s] Invoked command in '/home/kosuke/turtlebot3_ws/build/turtlebot3_gazebo' returned '0': CMAKE_PREFIX_PATH=/opt/ros/humble /usr/bin/cmake /home/kosuke/turtlebot3_ws/src/turtlebot3_simulations/turtlebot3_gazebo -DAMENT_CMAKE_SYMLINK_INSTALL=1 -DCMAKE_INSTALL_PREFIX=/home/kosuke/turtlebot3_ws/install/turtlebot3_gazebo
[3.924s] Invoking command in '/home/kosuke/turtlebot3_ws/build/turtlebot3_gazebo': CMAKE_PREFIX_PATH=/opt/ros/humble /usr/bin/cmake --build /home/kosuke/turtlebot3_ws/build/turtlebot3_gazebo -- -j4 -l4
[4.045s] [ 12%] [32mBuilding CXX object CMakeFiles/obstacle2.dir/models/turtlebot3_dqn_world/obstacle_plugin/obstacle2.cc.o[0m
[4.046s] [ 25%] [32mBuilding CXX object CMakeFiles/turtlebot3_drive.dir/src/turtlebot3_drive.cpp.o[0m
[4.069s] [ 37%] [32mBuilding CXX object CMakeFiles/obstacle1.dir/models/turtlebot3_dqn_world/obstacle_plugin/obstacle1.cc.o[0m
[4.069s] [ 50%] [32mBuilding CXX object CMakeFiles/obstacles.dir/models/turtlebot3_dqn_world/obstacle_plugin/obstacles.cc.o[0m
[28.775s] [ 62%] [32m[1mLinking CXX executable turtlebot3_drive[0m
[29.507s] [ 62%] Built target turtlebot3_drive
[29.653s] [ 75%] [32m[1mLinking CXX shared library libobstacles.so[0m
[29.721s] [ 87%] [32m[1mLinking CXX shared library libobstacle1.so[0m
[30.091s] [ 87%] Built target obstacle1
[30.095s] [ 87%] Built target obstacles
[30.456s] [100%] [32m[1mLinking CXX shared library libobstacle2.so[0m
[30.646s] [100%] Built target obstacle2
[30.658s] Invoked command in '/home/kosuke/turtlebot3_ws/build/turtlebot3_gazebo' returned '0': CMAKE_PREFIX_PATH=/opt/ros/humble /usr/bin/cmake --build /home/kosuke/turtlebot3_ws/build/turtlebot3_gazebo -- -j4 -l4
[30.698s] Invoking command in '/home/kosuke/turtlebot3_ws/build/turtlebot3_gazebo': CMAKE_PREFIX_PATH=/opt/ros/humble /usr/bin/cmake --install /home/kosuke/turtlebot3_ws/build/turtlebot3_gazebo
[30.706s] -- Install configuration: ""
[30.707s] -- Execute custom install script
[30.707s] -- Symlinking: /home/kosuke/turtlebot3_ws/install/turtlebot3_gazebo/lib/turtlebot3_gazebo/turtlebot3_drive
[30.717s] -- Symlinking: /home/kosuke/turtlebot3_ws/install/turtlebot3_gazebo/share/turtlebot3_gazebo//launch/empty_world.launch.py
[30.725s] -- Symlinking: /home/kosuke/turtlebot3_ws/install/turtlebot3_gazebo/share/turtlebot3_gazebo//launch/robot_state_publisher.launch.py
[30.735s] -- Symlinking: /home/kosuke/turtlebot3_ws/install/turtlebot3_gazebo/share/turtlebot3_gazebo//launch/spawn_turtlebot3.launch.py
[30.743s] -- Symlinking: /home/kosuke/turtlebot3_ws/install/turtlebot3_gazebo/share/turtlebot3_gazebo//launch/turtlebot3_dqn_stage1.launch.py
[30.753s] -- Symlinking: /home/kosuke/turtlebot3_ws/install/turtlebot3_gazebo/share/turtlebot3_gazebo//launch/turtlebot3_dqn_stage2.launch.py
[30.762s] -- Symlinking: /home/kosuke/turtlebot3_ws/install/turtlebot3_gazebo/share/turtlebot3_gazebo//launch/turtlebot3_dqn_stage3.launch.py
[30.771s] -- Symlinking: /home/kosuke/turtlebot3_ws/install/turtlebot3_gazebo/share/turtlebot3_gazebo//launch/turtlebot3_dqn_stage4.launch.py
[30.780s] -- Symlinking: /home/kosuke/turtlebot3_ws/install/turtlebot3_gazebo/share/turtlebot3_gazebo//launch/turtlebot3_house.launch.py
[30.790s] -- Symlinking: /home/kosuke/turtlebot3_ws/install/turtlebot3_gazebo/share/turtlebot3_gazebo//launch/turtlebot3_world.launch.py
[30.800s] -- Symlinking: /home/kosuke/turtlebot3_ws/install/turtlebot3_gazebo/share/turtlebot3_gazebo//models/turtlebot3_burger/model-1_4.sdf
[30.809s] -- Symlinking: /home/kosuke/turtlebot3_ws/install/turtlebot3_gazebo/share/turtlebot3_gazebo//models/turtlebot3_burger/model.config
[30.818s] -- Symlinking: /home/kosuke/turtlebot3_ws/install/turtlebot3_gazebo/share/turtlebot3_gazebo//models/turtlebot3_burger/model.sdf
[30.827s] -- Symlinking: /home/kosuke/turtlebot3_ws/install/turtlebot3_gazebo/share/turtlebot3_gazebo//models/turtlebot3_common/meshes/burger_base.dae
[30.836s] -- Symlinking: /home/kosuke/turtlebot3_ws/install/turtlebot3_gazebo/share/turtlebot3_gazebo//models/turtlebot3_common/meshes/lds.dae
[30.846s] -- Symlinking: /home/kosuke/turtlebot3_ws/install/turtlebot3_gazebo/share/turtlebot3_gazebo//models/turtlebot3_common/meshes/r200.dae
[30.856s] -- Symlinking: /home/kosuke/turtlebot3_ws/install/turtlebot3_gazebo/share/turtlebot3_gazebo//models/turtlebot3_common/meshes/tire.dae
[30.866s] -- Symlinking: /home/kosuke/turtlebot3_ws/install/turtlebot3_gazebo/share/turtlebot3_gazebo//models/turtlebot3_common/meshes/waffle_base.dae
[30.875s] -- Symlinking: /home/kosuke/turtlebot3_ws/install/turtlebot3_gazebo/share/turtlebot3_gazebo//models/turtlebot3_common/meshes/waffle_pi_base.dae
[30.884s] -- Symlinking: /home/kosuke/turtlebot3_ws/install/turtlebot3_gazebo/share/turtlebot3_gazebo//models/turtlebot3_common/model.config
[30.893s] -- Symlinking: /home/kosuke/turtlebot3_ws/install/turtlebot3_gazebo/share/turtlebot3_gazebo//models/turtlebot3_dqn_world/goal_box/model.config
[30.901s] -- Symlinking: /home/kosuke/turtlebot3_ws/install/turtlebot3_gazebo/share/turtlebot3_gazebo//models/turtlebot3_dqn_world/goal_box/model.sdf
[30.910s] -- Symlinking: /home/kosuke/turtlebot3_ws/install/turtlebot3_gazebo/share/turtlebot3_gazebo//models/turtlebot3_dqn_world/inner_walls/model.config
[30.919s] -- Symlinking: /home/kosuke/turtlebot3_ws/install/turtlebot3_gazebo/share/turtlebot3_gazebo//models/turtlebot3_dqn_world/inner_walls/model.sdf
[30.927s] -- Symlinking: /home/kosuke/turtlebot3_ws/install/turtlebot3_gazebo/share/turtlebot3_gazebo//models/turtlebot3_dqn_world/model.config
[30.936s] -- Symlinking: /home/kosuke/turtlebot3_ws/install/turtlebot3_gazebo/share/turtlebot3_gazebo//models/turtlebot3_dqn_world/model.sdf
[30.945s] -- Symlinking: /home/kosuke/turtlebot3_ws/install/turtlebot3_gazebo/share/turtlebot3_gazebo//models/turtlebot3_dqn_world/obstacle1/model.config
[30.954s] -- Symlinking: /home/kosuke/turtlebot3_ws/install/turtlebot3_gazebo/share/turtlebot3_gazebo//models/turtlebot3_dqn_world/obstacle1/model.sdf
[30.962s] -- Symlinking: /home/kosuke/turtlebot3_ws/install/turtlebot3_gazebo/share/turtlebot3_gazebo//models/turtlebot3_dqn_world/obstacle2/model.config
[30.971s] -- Symlinking: /home/kosuke/turtlebot3_ws/install/turtlebot3_gazebo/share/turtlebot3_gazebo//models/turtlebot3_dqn_world/obstacle2/model.sdf
[30.981s] -- Symlinking: /home/kosuke/turtlebot3_ws/install/turtlebot3_gazebo/share/turtlebot3_gazebo//models/turtlebot3_dqn_world/obstacle_plugin/CMakeLists.txt
[30.990s] -- Symlinking: /home/kosuke/turtlebot3_ws/install/turtlebot3_gazebo/share/turtlebot3_gazebo//models/turtlebot3_dqn_world/obstacle_plugin/obstacle1.cc
[31.001s] -- Symlinking: /home/kosuke/turtlebot3_ws/install/turtlebot3_gazebo/share/turtlebot3_gazebo//models/turtlebot3_dqn_world/obstacle_plugin/obstacle2.cc
[31.010s] -- Symlinking: /home/kosuke/turtlebot3_ws/install/turtlebot3_gazebo/share/turtlebot3_gazebo//models/turtlebot3_dqn_world/obstacle_plugin/obstacles.cc
[31.019s] -- Symlinking: /home/kosuke/turtlebot3_ws/install/turtlebot3_gazebo/share/turtlebot3_gazebo//models/turtlebot3_dqn_world/obstacles/model.config
[31.028s] -- Symlinking: /home/kosuke/turtlebot3_ws/install/turtlebot3_gazebo/share/turtlebot3_gazebo//models/turtlebot3_dqn_world/obstacles/model.sdf
[31.036s] -- Symlinking: /home/kosuke/turtlebot3_ws/install/turtlebot3_gazebo/share/turtlebot3_gazebo//models/turtlebot3_house/model.config
[31.045s] -- Symlinking: /home/kosuke/turtlebot3_ws/install/turtlebot3_gazebo/share/turtlebot3_gazebo//models/turtlebot3_house/model.sdf
[31.054s] -- Symlinking: /home/kosuke/turtlebot3_ws/install/turtlebot3_gazebo/share/turtlebot3_gazebo//models/turtlebot3_waffle/model-1_4.sdf
[31.063s] -- Symlinking: /home/kosuke/turtlebot3_ws/install/turtlebot3_gazebo/share/turtlebot3_gazebo//models/turtlebot3_waffle/model.config
[31.071s] -- Symlinking: /home/kosuke/turtlebot3_ws/install/turtlebot3_gazebo/share/turtlebot3_gazebo//models/turtlebot3_waffle/model.sdf
[31.081s] -- Symlinking: /home/kosuke/turtlebot3_ws/install/turtlebot3_gazebo/share/turtlebot3_gazebo//models/turtlebot3_waffle_pi/model-1_4_.sdf
[31.090s] -- Symlinking: /home/kosuke/turtlebot3_ws/install/turtlebot3_gazebo/share/turtlebot3_gazebo//models/turtlebot3_waffle_pi/model.config
[31.099s] -- Symlinking: /home/kosuke/turtlebot3_ws/install/turtlebot3_gazebo/share/turtlebot3_gazebo//models/turtlebot3_waffle_pi/model.sdf
[31.108s] -- Symlinking: /home/kosuke/turtlebot3_ws/install/turtlebot3_gazebo/share/turtlebot3_gazebo//models/turtlebot3_world/meshes/hexagon.dae
[31.116s] -- Symlinking: /home/kosuke/turtlebot3_ws/install/turtlebot3_gazebo/share/turtlebot3_gazebo//models/turtlebot3_world/meshes/wall.dae
[31.125s] -- Symlinking: /home/kosuke/turtlebot3_ws/install/turtlebot3_gazebo/share/turtlebot3_gazebo//models/turtlebot3_world/model-1_4.sdf
[31.134s] -- Symlinking: /home/kosuke/turtlebot3_ws/install/turtlebot3_gazebo/share/turtlebot3_gazebo//models/turtlebot3_world/model.config
[31.142s] -- Symlinking: /home/kosuke/turtlebot3_ws/install/turtlebot3_gazebo/share/turtlebot3_gazebo//models/turtlebot3_world/model.sdf
[31.151s] -- Symlinking: /home/kosuke/turtlebot3_ws/install/turtlebot3_gazebo/share/turtlebot3_gazebo//rviz/tb3_gazebo.rviz
[31.160s] -- Symlinking: /home/kosuke/turtlebot3_ws/install/turtlebot3_gazebo/share/turtlebot3_gazebo//urdf/common_properties.urdf
[31.170s] -- Symlinking: /home/kosuke/turtlebot3_ws/install/turtlebot3_gazebo/share/turtlebot3_gazebo//urdf/turtlebot3_burger.urdf
[31.180s] -- Symlinking: /home/kosuke/turtlebot3_ws/install/turtlebot3_gazebo/share/turtlebot3_gazebo//urdf/turtlebot3_waffle.urdf
[31.189s] -- Symlinking: /home/kosuke/turtlebot3_ws/install/turtlebot3_gazebo/share/turtlebot3_gazebo//urdf/turtlebot3_waffle_pi.urdf
[31.198s] -- Symlinking: /home/kosuke/turtlebot3_ws/install/turtlebot3_gazebo/share/turtlebot3_gazebo//worlds/empty_world.world
[31.206s] -- Symlinking: /home/kosuke/turtlebot3_ws/install/turtlebot3_gazebo/share/turtlebot3_gazebo//worlds/turtlebot3_dqn_stage1.world
[31.215s] -- Symlinking: /home/kosuke/turtlebot3_ws/install/turtlebot3_gazebo/share/turtlebot3_gazebo//worlds/turtlebot3_dqn_stage2.world
[31.224s] -- Symlinking: /home/kosuke/turtlebot3_ws/install/turtlebot3_gazebo/share/turtlebot3_gazebo//worlds/turtlebot3_dqn_stage3.world
[31.233s] -- Symlinking: /home/kosuke/turtlebot3_ws/install/turtlebot3_gazebo/share/turtlebot3_gazebo//worlds/turtlebot3_dqn_stage4.world
[31.241s] -- Symlinking: /home/kosuke/turtlebot3_ws/install/turtlebot3_gazebo/share/turtlebot3_gazebo//worlds/turtlebot3_house.world
[31.250s] -- Symlinking: /home/kosuke/turtlebot3_ws/install/turtlebot3_gazebo/share/turtlebot3_gazebo//worlds/turtlebot3_world.world
[31.260s] -- Symlinking: /home/kosuke/turtlebot3_ws/install/turtlebot3_gazebo/include//turtlebot3_gazebo/turtlebot3_drive.hpp
[31.269s] -- Symlinking: /home/kosuke/turtlebot3_ws/install/turtlebot3_gazebo/share/ament_index/resource_index/package_run_dependencies/turtlebot3_gazebo
[31.280s] -- Symlinking: /home/kosuke/turtlebot3_ws/install/turtlebot3_gazebo/share/ament_index/resource_index/parent_prefix_path/turtlebot3_gazebo
[31.289s] -- Symlinking: /home/kosuke/turtlebot3_ws/install/turtlebot3_gazebo/share/turtlebot3_gazebo/environment/ament_prefix_path.sh
[31.298s] -- Symlinking: /home/kosuke/turtlebot3_ws/install/turtlebot3_gazebo/share/turtlebot3_gazebo/environment/ament_prefix_path.dsv
[31.307s] -- Symlinking: /home/kosuke/turtlebot3_ws/install/turtlebot3_gazebo/share/turtlebot3_gazebo/environment/path.sh
[31.315s] -- Symlinking: /home/kosuke/turtlebot3_ws/install/turtlebot3_gazebo/share/turtlebot3_gazebo/environment/path.dsv
[31.324s] -- Symlinking: /home/kosuke/turtlebot3_ws/install/turtlebot3_gazebo/share/turtlebot3_gazebo/local_setup.bash
[31.333s] -- Symlinking: /home/kosuke/turtlebot3_ws/install/turtlebot3_gazebo/share/turtlebot3_gazebo/local_setup.sh
[31.342s] -- Symlinking: /home/kosuke/turtlebot3_ws/install/turtlebot3_gazebo/share/turtlebot3_gazebo/local_setup.zsh
[31.351s] -- Symlinking: /home/kosuke/turtlebot3_ws/install/turtlebot3_gazebo/share/turtlebot3_gazebo/local_setup.dsv
[31.360s] -- Symlinking: /home/kosuke/turtlebot3_ws/install/turtlebot3_gazebo/share/turtlebot3_gazebo/package.dsv
[31.370s] -- Symlinking: /home/kosuke/turtlebot3_ws/install/turtlebot3_gazebo/share/ament_index/resource_index/packages/turtlebot3_gazebo
[31.379s] -- Symlinking: /home/kosuke/turtlebot3_ws/install/turtlebot3_gazebo/share/turtlebot3_gazebo/cmake/ament_cmake_export_include_directories-extras.cmake
[31.388s] -- Symlinking: /home/kosuke/turtlebot3_ws/install/turtlebot3_gazebo/share/turtlebot3_gazebo/cmake/ament_cmake_export_dependencies-extras.cmake
[31.397s] -- Symlinking: /home/kosuke/turtlebot3_ws/install/turtlebot3_gazebo/share/turtlebot3_gazebo/cmake/turtlebot3_gazeboConfig.cmake
[31.406s] -- Symlinking: /home/kosuke/turtlebot3_ws/install/turtlebot3_gazebo/share/turtlebot3_gazebo/cmake/turtlebot3_gazeboConfig-version.cmake
[31.415s] -- Symlinking: /home/kosuke/turtlebot3_ws/install/turtlebot3_gazebo/share/turtlebot3_gazebo/package.xml
[31.426s] Invoked command in '/home/kosuke/turtlebot3_ws/build/turtlebot3_gazebo' returned '0': CMAKE_PREFIX_PATH=/opt/ros/humble /usr/bin/cmake --install /home/kosuke/turtlebot3_ws/build/turtlebot3_gazebo
