[0.330s] Invoking command in '/home/kosuke/turtlebot3_ws/build/turtlebot3_simulations': CMAKE_PREFIX_PATH=/home/kosuke/turtlebot3_ws/install/turtlebot3_gazebo:/home/kosuke/turtlebot3_ws/install/turtlebot3_fake_node:/home/kosuke/turtlebot3_ws/install/turtlebot3:/home/kosuke/turtlebot3_ws/install/turtlebot3_simulations:/home/kosuke/turtlebot3_ws/install/turtlebot3_bringup:/home/kosuke/turtlebot3_ws/install/turtlebot3_node:/home/kosuke/turtlebot3_ws/install/turtlebot3_navigation2:/home/kosuke/turtlebot3_ws/install/turtlebot3_description:/home/kosuke/turtlebot3_ws/install/turtlebot3_cartographer:/home/kosuke/turtlebot3_ws/install/turtlebot3_control:/home/kosuke/turtlebot3_ws/install/turtlebot3_autonomous_control:/home/kosuke/turtlebot3_ws/install/turtlebot3_teleop:/home/kosuke/turtlebot3_ws/install/turtlebot3_sensor_reader:/home/kosuke/turtlebot3_ws/install/turtlebot3_example:/opt/ros/humble /usr/bin/cmake --build /home/kosuke/turtlebot3_ws/build/turtlebot3_simulations -- -j4 -l4
[0.444s] Invoked command in '/home/kosuke/turtlebot3_ws/build/turtlebot3_simulations' returned '0': CMAKE_PREFIX_PATH=/home/kosuke/turtlebot3_ws/install/turtlebot3_gazebo:/home/kosuke/turtlebot3_ws/install/turtlebot3_fake_node:/home/kosuke/turtlebot3_ws/install/turtlebot3:/home/kosuke/turtlebot3_ws/install/turtlebot3_simulations:/home/kosuke/turtlebot3_ws/install/turtlebot3_bringup:/home/kosuke/turtlebot3_ws/install/turtlebot3_node:/home/kosuke/turtlebot3_ws/install/turtlebot3_navigation2:/home/kosuke/turtlebot3_ws/install/turtlebot3_description:/home/kosuke/turtlebot3_ws/install/turtlebot3_cartographer:/home/kosuke/turtlebot3_ws/install/turtlebot3_control:/home/kosuke/turtlebot3_ws/install/turtlebot3_autonomous_control:/home/kosuke/turtlebot3_ws/install/turtlebot3_teleop:/home/kosuke/turtlebot3_ws/install/turtlebot3_sensor_reader:/home/kosuke/turtlebot3_ws/install/turtlebot3_example:/opt/ros/humble /usr/bin/cmake --build /home/kosuke/turtlebot3_ws/build/turtlebot3_simulations -- -j4 -l4
[0.501s] Invoking command in '/home/kosuke/turtlebot3_ws/build/turtlebot3_simulations': CMAKE_PREFIX_PATH=/home/kosuke/turtlebot3_ws/install/turtlebot3_gazebo:/home/kosuke/turtlebot3_ws/install/turtlebot3_fake_node:/home/kosuke/turtlebot3_ws/install/turtlebot3:/home/kosuke/turtlebot3_ws/install/turtlebot3_simulations:/home/kosuke/turtlebot3_ws/install/turtlebot3_bringup:/home/kosuke/turtlebot3_ws/install/turtlebot3_node:/home/kosuke/turtlebot3_ws/install/turtlebot3_navigation2:/home/kosuke/turtlebot3_ws/install/turtlebot3_description:/home/kosuke/turtlebot3_ws/install/turtlebot3_cartographer:/home/kosuke/turtlebot3_ws/install/turtlebot3_control:/home/kosuke/turtlebot3_ws/install/turtlebot3_autonomous_control:/home/kosuke/turtlebot3_ws/install/turtlebot3_teleop:/home/kosuke/turtlebot3_ws/install/turtlebot3_sensor_reader:/home/kosuke/turtlebot3_ws/install/turtlebot3_example:/opt/ros/humble /usr/bin/cmake --install /home/kosuke/turtlebot3_ws/build/turtlebot3_simulations
[0.518s] -- Install configuration: ""
[0.518s] -- Execute custom install script
[0.520s] -- Up-to-date symlink: /home/kosuke/turtlebot3_ws/install/turtlebot3_simulations/share/ament_index/resource_index/package_run_dependencies/turtlebot3_simulations
[0.521s] -- Up-to-date symlink: /home/kosuke/turtlebot3_ws/install/turtlebot3_simulations/share/ament_index/resource_index/parent_prefix_path/turtlebot3_simulations
[0.521s] -- Up-to-date symlink: /home/kosuke/turtlebot3_ws/install/turtlebot3_simulations/share/turtlebot3_simulations/environment/ament_prefix_path.sh
[0.521s] -- Up-to-date symlink: /home/kosuke/turtlebot3_ws/install/turtlebot3_simulations/share/turtlebot3_simulations/environment/ament_prefix_path.dsv
[0.521s] -- Up-to-date symlink: /home/kosuke/turtlebot3_ws/install/turtlebot3_simulations/share/turtlebot3_simulations/environment/path.sh
[0.521s] -- Up-to-date symlink: /home/kosuke/turtlebot3_ws/install/turtlebot3_simulations/share/turtlebot3_simulations/environment/path.dsv
[0.521s] -- Up-to-date symlink: /home/kosuke/turtlebot3_ws/install/turtlebot3_simulations/share/turtlebot3_simulations/local_setup.bash
[0.522s] -- Up-to-date symlink: /home/kosuke/turtlebot3_ws/install/turtlebot3_simulations/share/turtlebot3_simulations/local_setup.sh
[0.522s] -- Up-to-date symlink: /home/kosuke/turtlebot3_ws/install/turtlebot3_simulations/share/turtlebot3_simulations/local_setup.zsh
[0.523s] -- Up-to-date symlink: /home/kosuke/turtlebot3_ws/install/turtlebot3_simulations/share/turtlebot3_simulations/local_setup.dsv
[0.525s] -- Symlinking: /home/kosuke/turtlebot3_ws/install/turtlebot3_simulations/share/turtlebot3_simulations/package.dsv
[0.565s] -- Up-to-date symlink: /home/kosuke/turtlebot3_ws/install/turtlebot3_simulations/share/ament_index/resource_index/packages/turtlebot3_simulations
[0.565s] -- Up-to-date symlink: /home/kosuke/turtlebot3_ws/install/turtlebot3_simulations/share/turtlebot3_simulations/cmake/turtlebot3_simulationsConfig.cmake
[0.565s] -- Up-to-date symlink: /home/kosuke/turtlebot3_ws/install/turtlebot3_simulations/share/turtlebot3_simulations/cmake/turtlebot3_simulationsConfig-version.cmake
[0.565s] -- Up-to-date symlink: /home/kosuke/turtlebot3_ws/install/turtlebot3_simulations/share/turtlebot3_simulations/package.xml
[0.577s] Invoked command in '/home/kosuke/turtlebot3_ws/build/turtlebot3_simulations' returned '0': CMAKE_PREFIX_PATH=/home/kosuke/turtlebot3_ws/install/turtlebot3_gazebo:/home/kosuke/turtlebot3_ws/install/turtlebot3_fake_node:/home/kosuke/turtlebot3_ws/install/turtlebot3:/home/kosuke/turtlebot3_ws/install/turtlebot3_simulations:/home/kosuke/turtlebot3_ws/install/turtlebot3_bringup:/home/kosuke/turtlebot3_ws/install/turtlebot3_node:/home/kosuke/turtlebot3_ws/install/turtlebot3_navigation2:/home/kosuke/turtlebot3_ws/install/turtlebot3_description:/home/kosuke/turtlebot3_ws/install/turtlebot3_cartographer:/home/kosuke/turtlebot3_ws/install/turtlebot3_control:/home/kosuke/turtlebot3_ws/install/turtlebot3_autonomous_control:/home/kosuke/turtlebot3_ws/install/turtlebot3_teleop:/home/kosuke/turtlebot3_ws/install/turtlebot3_sensor_reader:/home/kosuke/turtlebot3_ws/install/turtlebot3_example:/opt/ros/humble /usr/bin/cmake --install /home/kosuke/turtlebot3_ws/build/turtlebot3_simulations
