[1.255s] Invoking command in '/home/kosuke/turtlebot3_ws/src/turtlebot3/turtlebot3_example': PYTHONPATH=/home/kosuke/turtlebot3_ws/build/turtlebot3_example/prefix_override:/usr/lib/python3/dist-packages/colcon_core/task/python/colcon_distutils_commands:/home/kosuke/turtlebot3_ws/install/turtlebot3_example/lib/python3.10/site-packages:${PYTHONPATH} /usr/bin/python3 -W ignore:setup.py install is deprecated setup.py egg_info --egg-base ../../../build/turtlebot3_example build --build-base /home/kosuke/turtlebot3_ws/build/turtlebot3_example/build install --record /home/kosuke/turtlebot3_ws/build/turtlebot3_example/install.log --single-version-externally-managed install_data
[1.568s] running egg_info
[1.569s] writing ../../../build/turtlebot3_example/turtlebot3_example.egg-info/PKG-INFO
[1.569s] writing dependency_links to ../../../build/turtlebot3_example/turtlebot3_example.egg-info/dependency_links.txt
[1.569s] writing entry points to ../../../build/turtlebot3_example/turtlebot3_example.egg-info/entry_points.txt
[1.570s] writing requirements to ../../../build/turtlebot3_example/turtlebot3_example.egg-info/requires.txt
[1.570s] writing top-level names to ../../../build/turtlebot3_example/turtlebot3_example.egg-info/top_level.txt
[1.573s] reading manifest file '../../../build/turtlebot3_example/turtlebot3_example.egg-info/SOURCES.txt'
[1.573s] writing manifest file '../../../build/turtlebot3_example/turtlebot3_example.egg-info/SOURCES.txt'
[1.573s] running build
[1.573s] running build_py
[1.574s] running install
[1.574s] running install_lib
[1.577s] running install_data
[1.577s] running install_egg_info
[1.577s] removing '/home/kosuke/turtlebot3_ws/install/turtlebot3_example/lib/python3.10/site-packages/turtlebot3_example-2.1.5-py3.10.egg-info' (and everything under it)
[1.577s] Copying ../../../build/turtlebot3_example/turtlebot3_example.egg-info to /home/kosuke/turtlebot3_ws/install/turtlebot3_example/lib/python3.10/site-packages/turtlebot3_example-2.1.5-py3.10.egg-info
[1.579s] running install_scripts
[1.611s] Installing turtlebot3_obstacle_detection script to /home/kosuke/turtlebot3_ws/install/turtlebot3_example/lib/turtlebot3_example
[1.612s] Installing turtlebot3_patrol_client script to /home/kosuke/turtlebot3_ws/install/turtlebot3_example/lib/turtlebot3_example
[1.612s] Installing turtlebot3_patrol_server script to /home/kosuke/turtlebot3_ws/install/turtlebot3_example/lib/turtlebot3_example
[1.612s] Installing turtlebot3_position_control script to /home/kosuke/turtlebot3_ws/install/turtlebot3_example/lib/turtlebot3_example
[1.612s] writing list of installed files to '/home/kosuke/turtlebot3_ws/build/turtlebot3_example/install.log'
[1.673s] Invoked command in '/home/kosuke/turtlebot3_ws/src/turtlebot3/turtlebot3_example' returned '0': PYTHONPATH=/home/kosuke/turtlebot3_ws/build/turtlebot3_example/prefix_override:/usr/lib/python3/dist-packages/colcon_core/task/python/colcon_distutils_commands:/home/kosuke/turtlebot3_ws/install/turtlebot3_example/lib/python3.10/site-packages:${PYTHONPATH} /usr/bin/python3 -W ignore:setup.py install is deprecated setup.py egg_info --egg-base ../../../build/turtlebot3_example build --build-base /home/kosuke/turtlebot3_ws/build/turtlebot3_example/build install --record /home/kosuke/turtlebot3_ws/build/turtlebot3_example/install.log --single-version-externally-managed install_data
