[0.812s] Invoking command in '/home/kosuke/turtlebot3_ws/src/turtlebot3/turtlebot3_example': PYTHONPATH=/home/kosuke/turtlebot3_ws/src/build/turtlebot3_example/prefix_override:/usr/lib/python3/dist-packages/colcon_core/task/python/colcon_distutils_commands:/home/kosuke/turtlebot3_ws/src/install/turtlebot3_example/lib/python3.10/site-packages:${PYTHONPATH} /usr/bin/python3 -W ignore:setup.py install is deprecated setup.py egg_info --egg-base ../../build/turtlebot3_example build --build-base /home/kosuke/turtlebot3_ws/src/build/turtlebot3_example/build install --record /home/kosuke/turtlebot3_ws/src/build/turtlebot3_example/install.log --single-version-externally-managed install_data
[1.024s] running egg_info
[1.024s] writing ../../build/turtlebot3_example/turtlebot3_example.egg-info/PKG-INFO
[1.027s] writing dependency_links to ../../build/turtlebot3_example/turtlebot3_example.egg-info/dependency_links.txt
[1.027s] writing entry points to ../../build/turtlebot3_example/turtlebot3_example.egg-info/entry_points.txt
[1.027s] writing requirements to ../../build/turtlebot3_example/turtlebot3_example.egg-info/requires.txt
[1.027s] writing top-level names to ../../build/turtlebot3_example/turtlebot3_example.egg-info/top_level.txt
[1.028s] reading manifest file '../../build/turtlebot3_example/turtlebot3_example.egg-info/SOURCES.txt'
[1.030s] writing manifest file '../../build/turtlebot3_example/turtlebot3_example.egg-info/SOURCES.txt'
[1.030s] running build
[1.030s] running build_py
[1.034s] running install
[1.034s] running install_lib
[1.037s] running install_data
[1.038s] running install_egg_info
[1.039s] removing '/home/kosuke/turtlebot3_ws/src/install/turtlebot3_example/lib/python3.10/site-packages/turtlebot3_example-2.1.5-py3.10.egg-info' (and everything under it)
[1.040s] Copying ../../build/turtlebot3_example/turtlebot3_example.egg-info to /home/kosuke/turtlebot3_ws/src/install/turtlebot3_example/lib/python3.10/site-packages/turtlebot3_example-2.1.5-py3.10.egg-info
[1.041s] running install_scripts
[1.058s] Installing turtlebot3_obstacle_detection script to /home/kosuke/turtlebot3_ws/src/install/turtlebot3_example/lib/turtlebot3_example
[1.058s] Installing turtlebot3_patrol_client script to /home/kosuke/turtlebot3_ws/src/install/turtlebot3_example/lib/turtlebot3_example
[1.059s] Installing turtlebot3_patrol_server script to /home/kosuke/turtlebot3_ws/src/install/turtlebot3_example/lib/turtlebot3_example
[1.059s] Installing turtlebot3_position_control script to /home/kosuke/turtlebot3_ws/src/install/turtlebot3_example/lib/turtlebot3_example
[1.059s] writing list of installed files to '/home/kosuke/turtlebot3_ws/src/build/turtlebot3_example/install.log'
[1.179s] Invoked command in '/home/kosuke/turtlebot3_ws/src/turtlebot3/turtlebot3_example' returned '0': PYTHONPATH=/home/kosuke/turtlebot3_ws/src/build/turtlebot3_example/prefix_override:/usr/lib/python3/dist-packages/colcon_core/task/python/colcon_distutils_commands:/home/kosuke/turtlebot3_ws/src/install/turtlebot3_example/lib/python3.10/site-packages:${PYTHONPATH} /usr/bin/python3 -W ignore:setup.py install is deprecated setup.py egg_info --egg-base ../../build/turtlebot3_example build --build-base /home/kosuke/turtlebot3_ws/src/build/turtlebot3_example/build install --record /home/kosuke/turtlebot3_ws/src/build/turtlebot3_example/install.log --single-version-externally-managed install_data
