running egg_info
writing ../../build/turtlebot3_sensor_reader/turtlebot3_sensor_reader.egg-info/PKG-INFO
writing dependency_links to ../../build/turtlebot3_sensor_reader/turtlebot3_sensor_reader.egg-info/dependency_links.txt
writing entry points to ../../build/turtlebot3_sensor_reader/turtlebot3_sensor_reader.egg-info/entry_points.txt
writing requirements to ../../build/turtlebot3_sensor_reader/turtlebot3_sensor_reader.egg-info/requires.txt
writing top-level names to ../../build/turtlebot3_sensor_reader/turtlebot3_sensor_reader.egg-info/top_level.txt
reading manifest file '../../build/turtlebot3_sensor_reader/turtlebot3_sensor_reader.egg-info/SOURCES.txt'
writing manifest file '../../build/turtlebot3_sensor_reader/turtlebot3_sensor_reader.egg-info/SOURCES.txt'
running build
running build_py
copying turtlebot3_sensor_reader/turtlebot3_sensor_reader.py -> /home/kosuke/turtlebot3_ws/build/turtlebot3_sensor_reader/build/lib/turtlebot3_sensor_reader
running install
running install_lib
copying /home/kosuke/turtlebot3_ws/build/turtlebot3_sensor_reader/build/lib/turtlebot3_sensor_reader/turtlebot3_sensor_reader.py -> /home/kosuke/turtlebot3_ws/install/turtlebot3_sensor_reader/lib/python3.10/site-packages/turtlebot3_sensor_reader
byte-compiling /home/kosuke/turtlebot3_ws/install/turtlebot3_sensor_reader/lib/python3.10/site-packages/turtlebot3_sensor_reader/turtlebot3_sensor_reader.py to turtlebot3_sensor_reader.cpython-310.pyc
running install_data
running install_egg_info
removing '/home/kosuke/turtlebot3_ws/install/turtlebot3_sensor_reader/lib/python3.10/site-packages/turtlebot3_sensor_reader-0.0.0-py3.10.egg-info' (and everything under it)
Copying ../../build/turtlebot3_sensor_reader/turtlebot3_sensor_reader.egg-info to /home/kosuke/turtlebot3_ws/install/turtlebot3_sensor_reader/lib/python3.10/site-packages/turtlebot3_sensor_reader-0.0.0-py3.10.egg-info
running install_scripts
Installing turtlebot3_sensor_reader script to /home/kosuke/turtlebot3_ws/install/turtlebot3_sensor_reader/lib/turtlebot3_sensor_reader
writing list of installed files to '/home/kosuke/turtlebot3_ws/build/turtlebot3_sensor_reader/install.log'
