[0.914s] Invoking command in '/home/kosuke/turtlebot3_ws/src/turtlebot3_sensor_reader': PYTHONPATH=/home/kosuke/turtlebot3_ws/build/turtlebot3_sensor_reader/prefix_override:/usr/lib/python3/dist-packages/colcon_core/task/python/colcon_distutils_commands:/home/kosuke/turtlebot3_ws/install/turtlebot3_sensor_reader/lib/python3.10/site-packages:${PYTHONPATH} /usr/bin/python3 -W ignore:setup.py install is deprecated setup.py egg_info --egg-base ../../build/turtlebot3_sensor_reader build --build-base /home/kosuke/turtlebot3_ws/build/turtlebot3_sensor_reader/build install --record /home/kosuke/turtlebot3_ws/build/turtlebot3_sensor_reader/install.log --single-version-externally-managed install_data
[1.147s] running egg_info
[1.147s] writing ../../build/turtlebot3_sensor_reader/turtlebot3_sensor_reader.egg-info/PKG-INFO
[1.148s] writing dependency_links to ../../build/turtlebot3_sensor_reader/turtlebot3_sensor_reader.egg-info/dependency_links.txt
[1.148s] writing entry points to ../../build/turtlebot3_sensor_reader/turtlebot3_sensor_reader.egg-info/entry_points.txt
[1.148s] writing requirements to ../../build/turtlebot3_sensor_reader/turtlebot3_sensor_reader.egg-info/requires.txt
[1.148s] writing top-level names to ../../build/turtlebot3_sensor_reader/turtlebot3_sensor_reader.egg-info/top_level.txt
[1.150s] reading manifest file '../../build/turtlebot3_sensor_reader/turtlebot3_sensor_reader.egg-info/SOURCES.txt'
[1.151s] writing manifest file '../../build/turtlebot3_sensor_reader/turtlebot3_sensor_reader.egg-info/SOURCES.txt'
[1.151s] running build
[1.151s] running build_py
[1.151s] copying turtlebot3_sensor_reader/turtlebot3_sensor_reader.py -> /home/kosuke/turtlebot3_ws/build/turtlebot3_sensor_reader/build/lib/turtlebot3_sensor_reader
[1.151s] running install
[1.151s] running install_lib
[1.152s] copying /home/kosuke/turtlebot3_ws/build/turtlebot3_sensor_reader/build/lib/turtlebot3_sensor_reader/turtlebot3_sensor_reader.py -> /home/kosuke/turtlebot3_ws/install/turtlebot3_sensor_reader/lib/python3.10/site-packages/turtlebot3_sensor_reader
[1.153s] byte-compiling /home/kosuke/turtlebot3_ws/install/turtlebot3_sensor_reader/lib/python3.10/site-packages/turtlebot3_sensor_reader/turtlebot3_sensor_reader.py to turtlebot3_sensor_reader.cpython-310.pyc
[1.153s] running install_data
[1.154s] running install_egg_info
[1.155s] removing '/home/kosuke/turtlebot3_ws/install/turtlebot3_sensor_reader/lib/python3.10/site-packages/turtlebot3_sensor_reader-0.0.0-py3.10.egg-info' (and everything under it)
[1.155s] Copying ../../build/turtlebot3_sensor_reader/turtlebot3_sensor_reader.egg-info to /home/kosuke/turtlebot3_ws/install/turtlebot3_sensor_reader/lib/python3.10/site-packages/turtlebot3_sensor_reader-0.0.0-py3.10.egg-info
[1.157s] running install_scripts
[1.178s] Installing turtlebot3_sensor_reader script to /home/kosuke/turtlebot3_ws/install/turtlebot3_sensor_reader/lib/turtlebot3_sensor_reader
[1.178s] writing list of installed files to '/home/kosuke/turtlebot3_ws/build/turtlebot3_sensor_reader/install.log'
[1.206s] Invoked command in '/home/kosuke/turtlebot3_ws/src/turtlebot3_sensor_reader' returned '0': PYTHONPATH=/home/kosuke/turtlebot3_ws/build/turtlebot3_sensor_reader/prefix_override:/usr/lib/python3/dist-packages/colcon_core/task/python/colcon_distutils_commands:/home/kosuke/turtlebot3_ws/install/turtlebot3_sensor_reader/lib/python3.10/site-packages:${PYTHONPATH} /usr/bin/python3 -W ignore:setup.py install is deprecated setup.py egg_info --egg-base ../../build/turtlebot3_sensor_reader build --build-base /home/kosuke/turtlebot3_ws/build/turtlebot3_sensor_reader/build install --record /home/kosuke/turtlebot3_ws/build/turtlebot3_sensor_reader/install.log --single-version-externally-managed install_data
