[0.685s] Invoking command in '/home/kosuke/turtlebot3_ws/src/turtlebot3_autonomous_control': PYTHONPATH=/home/kosuke/turtlebot3_ws/src/build/turtlebot3_autonomous_control/prefix_override:/usr/lib/python3/dist-packages/colcon_core/task/python/colcon_distutils_commands:/home/kosuke/turtlebot3_ws/src/install/turtlebot3_autonomous_control/lib/python3.10/site-packages:${PYTHONPATH} /usr/bin/python3 -W ignore:setup.py install is deprecated setup.py egg_info --egg-base ../build/turtlebot3_autonomous_control build --build-base /home/kosuke/turtlebot3_ws/src/build/turtlebot3_autonomous_control/build install --record /home/kosuke/turtlebot3_ws/src/build/turtlebot3_autonomous_control/install.log --single-version-externally-managed install_data
[0.916s] running egg_info
[0.916s] creating ../build/turtlebot3_autonomous_control/turtlebot3_autonomous_control.egg-info
[0.916s] writing ../build/turtlebot3_autonomous_control/turtlebot3_autonomous_control.egg-info/PKG-INFO
[0.916s] writing dependency_links to ../build/turtlebot3_autonomous_control/turtlebot3_autonomous_control.egg-info/dependency_links.txt
[0.916s] writing entry points to ../build/turtlebot3_autonomous_control/turtlebot3_autonomous_control.egg-info/entry_points.txt
[0.916s] writing requirements to ../build/turtlebot3_autonomous_control/turtlebot3_autonomous_control.egg-info/requires.txt
[0.916s] writing top-level names to ../build/turtlebot3_autonomous_control/turtlebot3_autonomous_control.egg-info/top_level.txt
[0.916s] writing manifest file '../build/turtlebot3_autonomous_control/turtlebot3_autonomous_control.egg-info/SOURCES.txt'
[0.916s] reading manifest file '../build/turtlebot3_autonomous_control/turtlebot3_autonomous_control.egg-info/SOURCES.txt'
[0.917s] writing manifest file '../build/turtlebot3_autonomous_control/turtlebot3_autonomous_control.egg-info/SOURCES.txt'
[0.917s] running build
[0.917s] running build_py
[0.919s] creating /home/kosuke/turtlebot3_ws/src/build/turtlebot3_autonomous_control/build
[0.919s] creating /home/kosuke/turtlebot3_ws/src/build/turtlebot3_autonomous_control/build/lib
[0.919s] creating /home/kosuke/turtlebot3_ws/src/build/turtlebot3_autonomous_control/build/lib/turtlebot3_autonomous_control
[0.919s] copying turtlebot3_autonomous_control/turtlebot3_autonomous_control.py -> /home/kosuke/turtlebot3_ws/src/build/turtlebot3_autonomous_control/build/lib/turtlebot3_autonomous_control
[0.919s] copying turtlebot3_autonomous_control/__init__.py -> /home/kosuke/turtlebot3_ws/src/build/turtlebot3_autonomous_control/build/lib/turtlebot3_autonomous_control
[0.919s] running install
[0.922s] running install_lib
[0.922s] creating /home/kosuke/turtlebot3_ws/src/install/turtlebot3_autonomous_control/lib/python3.10/site-packages/turtlebot3_autonomous_control
[0.922s] copying /home/kosuke/turtlebot3_ws/src/build/turtlebot3_autonomous_control/build/lib/turtlebot3_autonomous_control/turtlebot3_autonomous_control.py -> /home/kosuke/turtlebot3_ws/src/install/turtlebot3_autonomous_control/lib/python3.10/site-packages/turtlebot3_autonomous_control
[0.922s] copying /home/kosuke/turtlebot3_ws/src/build/turtlebot3_autonomous_control/build/lib/turtlebot3_autonomous_control/__init__.py -> /home/kosuke/turtlebot3_ws/src/install/turtlebot3_autonomous_control/lib/python3.10/site-packages/turtlebot3_autonomous_control
[0.922s] byte-compiling /home/kosuke/turtlebot3_ws/src/install/turtlebot3_autonomous_control/lib/python3.10/site-packages/turtlebot3_autonomous_control/turtlebot3_autonomous_control.py to turtlebot3_autonomous_control.cpython-310.pyc
[0.922s] byte-compiling /home/kosuke/turtlebot3_ws/src/install/turtlebot3_autonomous_control/lib/python3.10/site-packages/turtlebot3_autonomous_control/__init__.py to __init__.cpython-310.pyc
[0.922s] running install_data
[0.922s] creating /home/kosuke/turtlebot3_ws/src/install/turtlebot3_autonomous_control/share/ament_index
[0.923s] creating /home/kosuke/turtlebot3_ws/src/install/turtlebot3_autonomous_control/share/ament_index/resource_index
[0.923s] creating /home/kosuke/turtlebot3_ws/src/install/turtlebot3_autonomous_control/share/ament_index/resource_index/packages
[0.923s] copying resource/turtlebot3_autonomous_control -> /home/kosuke/turtlebot3_ws/src/install/turtlebot3_autonomous_control/share/ament_index/resource_index/packages
[0.923s] copying package.xml -> /home/kosuke/turtlebot3_ws/src/install/turtlebot3_autonomous_control/share/turtlebot3_autonomous_control
[0.925s] running install_egg_info
[0.925s] Copying ../build/turtlebot3_autonomous_control/turtlebot3_autonomous_control.egg-info to /home/kosuke/turtlebot3_ws/src/install/turtlebot3_autonomous_control/lib/python3.10/site-packages/turtlebot3_autonomous_control-0.0.0-py3.10.egg-info
[0.926s] running install_scripts
[0.944s] Installing turtlebot3_autonomous_control script to /home/kosuke/turtlebot3_ws/src/install/turtlebot3_autonomous_control/lib/turtlebot3_autonomous_control
[0.944s] writing list of installed files to '/home/kosuke/turtlebot3_ws/src/build/turtlebot3_autonomous_control/install.log'
[0.970s] Invoked command in '/home/kosuke/turtlebot3_ws/src/turtlebot3_autonomous_control' returned '0': PYTHONPATH=/home/kosuke/turtlebot3_ws/src/build/turtlebot3_autonomous_control/prefix_override:/usr/lib/python3/dist-packages/colcon_core/task/python/colcon_distutils_commands:/home/kosuke/turtlebot3_ws/src/install/turtlebot3_autonomous_control/lib/python3.10/site-packages:${PYTHONPATH} /usr/bin/python3 -W ignore:setup.py install is deprecated setup.py egg_info --egg-base ../build/turtlebot3_autonomous_control build --build-base /home/kosuke/turtlebot3_ws/src/build/turtlebot3_autonomous_control/build install --record /home/kosuke/turtlebot3_ws/src/build/turtlebot3_autonomous_control/install.log --single-version-externally-managed install_data
