[0.013s] Invoking command in '/home/kosuke/turtlebot3_ws/build/turtlebot3_simulations': CMAKE_PREFIX_PATH=/home/kosuke/turtlebot3_ws/install/turtlebot3_gazebo:/home/kosuke/turtlebot3_ws/install/turtlebot3_fake_node:/home/kosuke/turtlebot3_ws/install/turtlebot3:/home/kosuke/turtlebot3_ws/install/turtlebot3_simulations:/home/kosuke/turtlebot3_ws/install/turtlebot3_bringup:/home/kosuke/turtlebot3_ws/install/turtlebot3_node:/home/kosuke/turtlebot3_ws/install/turtlebot3_navigation2:/home/kosuke/turtlebot3_ws/install/turtlebot3_description:/home/kosuke/turtlebot3_ws/install/turtlebot3_cartographer:/home/kosuke/turtlebot3_ws/install/turtlebot3_teleop:/home/kosuke/turtlebot3_ws/install/turtlebot3_example:/opt/ros/humble /usr/bin/cmake --build /home/kosuke/turtlebot3_ws/build/turtlebot3_simulations -- -j4 -l4
[0.035s] -- Found ament_cmake: 1.3.10 (/opt/ros/humble/share/ament_cmake/cmake)
[0.153s] -- Override CMake install command with custom implementation using symlinks instead of copying resources
[0.217s] -- Configuring done
[0.220s] -- Generating done
[0.221s] -- Build files have been written to: /home/kosuke/turtlebot3_ws/build/turtlebot3_simulations
[0.245s] Invoked command in '/home/kosuke/turtlebot3_ws/build/turtlebot3_simulations' returned '0': CMAKE_PREFIX_PATH=/home/kosuke/turtlebot3_ws/install/turtlebot3_gazebo:/home/kosuke/turtlebot3_ws/install/turtlebot3_fake_node:/home/kosuke/turtlebot3_ws/install/turtlebot3:/home/kosuke/turtlebot3_ws/install/turtlebot3_simulations:/home/kosuke/turtlebot3_ws/install/turtlebot3_bringup:/home/kosuke/turtlebot3_ws/install/turtlebot3_node:/home/kosuke/turtlebot3_ws/install/turtlebot3_navigation2:/home/kosuke/turtlebot3_ws/install/turtlebot3_description:/home/kosuke/turtlebot3_ws/install/turtlebot3_cartographer:/home/kosuke/turtlebot3_ws/install/turtlebot3_teleop:/home/kosuke/turtlebot3_ws/install/turtlebot3_example:/opt/ros/humble /usr/bin/cmake --build /home/kosuke/turtlebot3_ws/build/turtlebot3_simulations -- -j4 -l4
[0.269s] Invoking command in '/home/kosuke/turtlebot3_ws/build/turtlebot3_simulations': CMAKE_PREFIX_PATH=/home/kosuke/turtlebot3_ws/install/turtlebot3_gazebo:/home/kosuke/turtlebot3_ws/install/turtlebot3_fake_node:/home/kosuke/turtlebot3_ws/install/turtlebot3:/home/kosuke/turtlebot3_ws/install/turtlebot3_simulations:/home/kosuke/turtlebot3_ws/install/turtlebot3_bringup:/home/kosuke/turtlebot3_ws/install/turtlebot3_node:/home/kosuke/turtlebot3_ws/install/turtlebot3_navigation2:/home/kosuke/turtlebot3_ws/install/turtlebot3_description:/home/kosuke/turtlebot3_ws/install/turtlebot3_cartographer:/home/kosuke/turtlebot3_ws/install/turtlebot3_teleop:/home/kosuke/turtlebot3_ws/install/turtlebot3_example:/opt/ros/humble /usr/bin/cmake --install /home/kosuke/turtlebot3_ws/build/turtlebot3_simulations
[0.276s] -- Install configuration: ""
[0.276s] -- Execute custom install script
[0.277s] -- Up-to-date symlink: /home/kosuke/turtlebot3_ws/install/turtlebot3_simulations/share/ament_index/resource_index/package_run_dependencies/turtlebot3_simulations
[0.277s] -- Up-to-date symlink: /home/kosuke/turtlebot3_ws/install/turtlebot3_simulations/share/ament_index/resource_index/parent_prefix_path/turtlebot3_simulations
[0.277s] -- Up-to-date symlink: /home/kosuke/turtlebot3_ws/install/turtlebot3_simulations/share/turtlebot3_simulations/environment/ament_prefix_path.sh
[0.277s] -- Up-to-date symlink: /home/kosuke/turtlebot3_ws/install/turtlebot3_simulations/share/turtlebot3_simulations/environment/ament_prefix_path.dsv
[0.278s] -- Up-to-date symlink: /home/kosuke/turtlebot3_ws/install/turtlebot3_simulations/share/turtlebot3_simulations/environment/path.sh
[0.278s] -- Up-to-date symlink: /home/kosuke/turtlebot3_ws/install/turtlebot3_simulations/share/turtlebot3_simulations/environment/path.dsv
[0.278s] -- Up-to-date symlink: /home/kosuke/turtlebot3_ws/install/turtlebot3_simulations/share/turtlebot3_simulations/local_setup.bash
[0.278s] -- Up-to-date symlink: /home/kosuke/turtlebot3_ws/install/turtlebot3_simulations/share/turtlebot3_simulations/local_setup.sh
[0.278s] -- Up-to-date symlink: /home/kosuke/turtlebot3_ws/install/turtlebot3_simulations/share/turtlebot3_simulations/local_setup.zsh
[0.279s] -- Up-to-date symlink: /home/kosuke/turtlebot3_ws/install/turtlebot3_simulations/share/turtlebot3_simulations/local_setup.dsv
[0.279s] -- Symlinking: /home/kosuke/turtlebot3_ws/install/turtlebot3_simulations/share/turtlebot3_simulations/package.dsv
[0.291s] -- Up-to-date symlink: /home/kosuke/turtlebot3_ws/install/turtlebot3_simulations/share/ament_index/resource_index/packages/turtlebot3_simulations
[0.292s] -- Up-to-date symlink: /home/kosuke/turtlebot3_ws/install/turtlebot3_simulations/share/turtlebot3_simulations/cmake/turtlebot3_simulationsConfig.cmake
[0.292s] -- Up-to-date symlink: /home/kosuke/turtlebot3_ws/install/turtlebot3_simulations/share/turtlebot3_simulations/cmake/turtlebot3_simulationsConfig-version.cmake
[0.293s] -- Up-to-date symlink: /home/kosuke/turtlebot3_ws/install/turtlebot3_simulations/share/turtlebot3_simulations/package.xml
[0.293s] Invoked command in '/home/kosuke/turtlebot3_ws/build/turtlebot3_simulations' returned '0': CMAKE_PREFIX_PATH=/home/kosuke/turtlebot3_ws/install/turtlebot3_gazebo:/home/kosuke/turtlebot3_ws/install/turtlebot3_fake_node:/home/kosuke/turtlebot3_ws/install/turtlebot3:/home/kosuke/turtlebot3_ws/install/turtlebot3_simulations:/home/kosuke/turtlebot3_ws/install/turtlebot3_bringup:/home/kosuke/turtlebot3_ws/install/turtlebot3_node:/home/kosuke/turtlebot3_ws/install/turtlebot3_navigation2:/home/kosuke/turtlebot3_ws/install/turtlebot3_description:/home/kosuke/turtlebot3_ws/install/turtlebot3_cartographer:/home/kosuke/turtlebot3_ws/install/turtlebot3_teleop:/home/kosuke/turtlebot3_ws/install/turtlebot3_example:/opt/ros/humble /usr/bin/cmake --install /home/kosuke/turtlebot3_ws/build/turtlebot3_simulations
