[0.789s] Invoking command in '/home/kosuke/turtlebot3_ws/src/turtlebot3_control': PYTHONPATH=/home/kosuke/turtlebot3_ws/build/turtlebot3_control/prefix_override:/usr/lib/python3/dist-packages/colcon_core/task/python/colcon_distutils_commands:/home/kosuke/turtlebot3_ws/install/turtlebot3_control/lib/python3.10/site-packages:${PYTHONPATH} /usr/bin/python3 -W ignore:setup.py install is deprecated setup.py egg_info --egg-base ../../build/turtlebot3_control build --build-base /home/kosuke/turtlebot3_ws/build/turtlebot3_control/build install --record /home/kosuke/turtlebot3_ws/build/turtlebot3_control/install.log --single-version-externally-managed install_data
[1.131s] running egg_info
[1.132s] writing ../../build/turtlebot3_control/turtlebot3_control.egg-info/PKG-INFO
[1.132s] writing dependency_links to ../../build/turtlebot3_control/turtlebot3_control.egg-info/dependency_links.txt
[1.132s] writing entry points to ../../build/turtlebot3_control/turtlebot3_control.egg-info/entry_points.txt
[1.132s] writing requirements to ../../build/turtlebot3_control/turtlebot3_control.egg-info/requires.txt
[1.132s] writing top-level names to ../../build/turtlebot3_control/turtlebot3_control.egg-info/top_level.txt
[1.136s] reading manifest file '../../build/turtlebot3_control/turtlebot3_control.egg-info/SOURCES.txt'
[1.137s] writing manifest file '../../build/turtlebot3_control/turtlebot3_control.egg-info/SOURCES.txt'
[1.140s] running build
[1.140s] running build_py
[1.140s] copying turtlebot3_control/turtlebot3_control.py -> /home/kosuke/turtlebot3_ws/build/turtlebot3_control/build/lib/turtlebot3_control
[1.140s] running install
[1.140s] running install_lib
[1.143s] copying /home/kosuke/turtlebot3_ws/build/turtlebot3_control/build/lib/turtlebot3_control/turtlebot3_control.py -> /home/kosuke/turtlebot3_ws/install/turtlebot3_control/lib/python3.10/site-packages/turtlebot3_control
[1.143s] byte-compiling /home/kosuke/turtlebot3_ws/install/turtlebot3_control/lib/python3.10/site-packages/turtlebot3_control/turtlebot3_control.py to turtlebot3_control.cpython-310.pyc
[1.144s] running install_data
[1.144s] running install_egg_info
[1.145s] removing '/home/kosuke/turtlebot3_ws/install/turtlebot3_control/lib/python3.10/site-packages/turtlebot3_control-0.0.0-py3.10.egg-info' (and everything under it)
[1.146s] Copying ../../build/turtlebot3_control/turtlebot3_control.egg-info to /home/kosuke/turtlebot3_ws/install/turtlebot3_control/lib/python3.10/site-packages/turtlebot3_control-0.0.0-py3.10.egg-info
[1.146s] running install_scripts
[1.166s] Installing turtlebot3_control script to /home/kosuke/turtlebot3_ws/install/turtlebot3_control/lib/turtlebot3_control
[1.166s] writing list of installed files to '/home/kosuke/turtlebot3_ws/build/turtlebot3_control/install.log'
[1.188s] Invoked command in '/home/kosuke/turtlebot3_ws/src/turtlebot3_control' returned '0': PYTHONPATH=/home/kosuke/turtlebot3_ws/build/turtlebot3_control/prefix_override:/usr/lib/python3/dist-packages/colcon_core/task/python/colcon_distutils_commands:/home/kosuke/turtlebot3_ws/install/turtlebot3_control/lib/python3.10/site-packages:${PYTHONPATH} /usr/bin/python3 -W ignore:setup.py install is deprecated setup.py egg_info --egg-base ../../build/turtlebot3_control build --build-base /home/kosuke/turtlebot3_ws/build/turtlebot3_control/build install --record /home/kosuke/turtlebot3_ws/build/turtlebot3_control/install.log --single-version-externally-managed install_data
