[0.019s] Invoking command in '/home/kosuke/turtlebot3_ws/build/turtlebot3_fake': /usr/bin/cmake /home/kosuke/turtlebot3_ws/src/turtlebot3_simulations/turtlebot3_fake -DCATKIN_INSTALL_INTO_PREFIX_ROOT=0 -DCATKIN_SYMLINK_INSTALL=ON -DCMAKE_INSTALL_PREFIX=/home/kosuke/turtlebot3_ws/install/turtlebot3_fake
[0.078s] -- The C compiler identification is GNU 11.4.0
[0.137s] -- The CXX compiler identification is GNU 11.4.0
[0.145s] -- Detecting C compiler ABI info
[0.220s] -- Detecting C compiler ABI info - done
[0.228s] -- Check for working C compiler: /usr/bin/cc - skipped
[0.228s] -- Detecting C compile features
[0.228s] -- Detecting C compile features - done
[0.231s] -- Detecting CXX compiler ABI info
[0.314s] -- Detecting CXX compiler ABI info - done
[0.331s] -- Check for working CXX compiler: /usr/bin/c++ - skipped
[0.331s] -- Detecting CXX compile features
[0.332s] -- Detecting CXX compile features - done
[0.347s] [31mCMake Error at CMakeLists.txt:11 (find_package):
[0.348s]   By not providing "Findcatkin.cmake" in CMAKE_MODULE_PATH this project has
[0.348s]   asked CMake to find a package configuration file provided by "catkin", but
[0.348s]   CMake did not find one.
[0.348s] 
[0.348s]   Could not find a package configuration file provided by "catkin" with any
[0.348s]   of the following names:
[0.348s] 
[0.348s]     catkinConfig.cmake
[0.349s]     catkin-config.cmake
[0.349s] 
[0.349s]   Add the installation prefix of "catkin" to CMAKE_PREFIX_PATH or set
[0.349s]   "catkin_DIR" to a directory containing one of the above files.  If "catkin"
[0.349s]   provides a separate development package or SDK, be sure it has been
[0.349s]   installed.
[0.349s] 
[0.349s] [0m
[0.349s] -- Configuring incomplete, errors occurred!
[0.350s] See also "/home/kosuke/turtlebot3_ws/build/turtlebot3_fake/CMakeFiles/CMakeOutput.log".
[0.354s] Invoked command in '/home/kosuke/turtlebot3_ws/build/turtlebot3_fake' returned '1': /usr/bin/cmake /home/kosuke/turtlebot3_ws/src/turtlebot3_simulations/turtlebot3_fake -DCATKIN_INSTALL_INTO_PREFIX_ROOT=0 -DCATKIN_SYMLINK_INSTALL=ON -DCMAKE_INSTALL_PREFIX=/home/kosuke/turtlebot3_ws/install/turtlebot3_fake
