[0.010s] Invoking command in '/home/kosuke/turtlebot3_ws/src/build/turtlebot3_simulations': AMENT_PREFIX_PATH=/home/kosuke/turtlebot3_ws/src/install/turtlebot3_gazebo:/home/kosuke/turtlebot3_ws/src/install/turtlebot3_fake_node:${AMENT_PREFIX_PATH} CMAKE_PREFIX_PATH=/home/kosuke/turtlebot3_ws/src/install/turtlebot3_gazebo:/home/kosuke/turtlebot3_ws/src/install/turtlebot3_fake_node:/home/kosuke/turtlebot3_ws/install/turtlebot3:/home/kosuke/turtlebot3_ws/install/turtlebot3_simulations:/home/kosuke/turtlebot3_ws/install/turtlebot3_bringup:/home/kosuke/turtlebot3_ws/install/turtlebot3_node:/home/kosuke/turtlebot3_ws/install/turtlebot3_navigation2:/home/kosuke/turtlebot3_ws/install/turtlebot3_gazebo:/home/kosuke/turtlebot3_ws/install/turtlebot3_fake_node:/home/kosuke/turtlebot3_ws/install/turtlebot3_description:/home/kosuke/turtlebot3_ws/install/turtlebot3_cartographer:/home/kosuke/turtlebot3_ws/src/turtlebot3_control/install/turtlebot3_control:/home/kosuke/turtlebot3_ws/install/turtlebot3_teleop:/home/kosuke/turtlebot3_ws/install/turtlebot3_sensor_reader:/home/kosuke/turtlebot3_ws/install/turtlebot3_example:/opt/ros/humble /usr/bin/cmake /home/kosuke/turtlebot3_ws/src/turtlebot3_simulations/turtlebot3_simulations -DCMAKE_INSTALL_PREFIX=/home/kosuke/turtlebot3_ws/src/install/turtlebot3_simulations
[0.074s] -- The C compiler identification is GNU 11.4.0
[0.158s] -- The CXX compiler identification is GNU 11.4.0
[0.164s] -- Detecting C compiler ABI info
[0.260s] -- Detecting C compiler ABI info - done
[0.267s] -- Check for working C compiler: /usr/bin/cc - skipped
[0.268s] -- Detecting C compile features
[0.269s] -- Detecting C compile features - done
[0.273s] -- Detecting CXX compiler ABI info
[0.364s] -- Detecting CXX compiler ABI info - done
[0.371s] -- Check for working CXX compiler: /usr/bin/c++ - skipped
[0.372s] -- Detecting CXX compile features
[0.373s] -- Detecting CXX compile features - done
[0.377s] -- Found ament_cmake: 1.3.10 (/opt/ros/humble/share/ament_cmake/cmake)
[0.531s] -- Found Python3: /usr/bin/python3 (found version "3.10.12") found components: Interpreter 
[0.693s] -- Configuring done
[0.699s] -- Generating done
[0.699s] -- Build files have been written to: /home/kosuke/turtlebot3_ws/src/build/turtlebot3_simulations
[0.703s] Invoked command in '/home/kosuke/turtlebot3_ws/src/build/turtlebot3_simulations' returned '0': AMENT_PREFIX_PATH=/home/kosuke/turtlebot3_ws/src/install/turtlebot3_gazebo:/home/kosuke/turtlebot3_ws/src/install/turtlebot3_fake_node:${AMENT_PREFIX_PATH} CMAKE_PREFIX_PATH=/home/kosuke/turtlebot3_ws/src/install/turtlebot3_gazebo:/home/kosuke/turtlebot3_ws/src/install/turtlebot3_fake_node:/home/kosuke/turtlebot3_ws/install/turtlebot3:/home/kosuke/turtlebot3_ws/install/turtlebot3_simulations:/home/kosuke/turtlebot3_ws/install/turtlebot3_bringup:/home/kosuke/turtlebot3_ws/install/turtlebot3_node:/home/kosuke/turtlebot3_ws/install/turtlebot3_navigation2:/home/kosuke/turtlebot3_ws/install/turtlebot3_gazebo:/home/kosuke/turtlebot3_ws/install/turtlebot3_fake_node:/home/kosuke/turtlebot3_ws/install/turtlebot3_description:/home/kosuke/turtlebot3_ws/install/turtlebot3_cartographer:/home/kosuke/turtlebot3_ws/src/turtlebot3_control/install/turtlebot3_control:/home/kosuke/turtlebot3_ws/install/turtlebot3_teleop:/home/kosuke/turtlebot3_ws/install/turtlebot3_sensor_reader:/home/kosuke/turtlebot3_ws/install/turtlebot3_example:/opt/ros/humble /usr/bin/cmake /home/kosuke/turtlebot3_ws/src/turtlebot3_simulations/turtlebot3_simulations -DCMAKE_INSTALL_PREFIX=/home/kosuke/turtlebot3_ws/src/install/turtlebot3_simulations
[0.707s] Invoking command in '/home/kosuke/turtlebot3_ws/src/build/turtlebot3_simulations': AMENT_PREFIX_PATH=/home/kosuke/turtlebot3_ws/src/install/turtlebot3_gazebo:/home/kosuke/turtlebot3_ws/src/install/turtlebot3_fake_node:${AMENT_PREFIX_PATH} CMAKE_PREFIX_PATH=/home/kosuke/turtlebot3_ws/src/install/turtlebot3_gazebo:/home/kosuke/turtlebot3_ws/src/install/turtlebot3_fake_node:/home/kosuke/turtlebot3_ws/install/turtlebot3:/home/kosuke/turtlebot3_ws/install/turtlebot3_simulations:/home/kosuke/turtlebot3_ws/install/turtlebot3_bringup:/home/kosuke/turtlebot3_ws/install/turtlebot3_node:/home/kosuke/turtlebot3_ws/install/turtlebot3_navigation2:/home/kosuke/turtlebot3_ws/install/turtlebot3_gazebo:/home/kosuke/turtlebot3_ws/install/turtlebot3_fake_node:/home/kosuke/turtlebot3_ws/install/turtlebot3_description:/home/kosuke/turtlebot3_ws/install/turtlebot3_cartographer:/home/kosuke/turtlebot3_ws/src/turtlebot3_control/install/turtlebot3_control:/home/kosuke/turtlebot3_ws/install/turtlebot3_teleop:/home/kosuke/turtlebot3_ws/install/turtlebot3_sensor_reader:/home/kosuke/turtlebot3_ws/install/turtlebot3_example:/opt/ros/humble /usr/bin/cmake --build /home/kosuke/turtlebot3_ws/src/build/turtlebot3_simulations -- -j4 -l4
[0.768s] Invoked command in '/home/kosuke/turtlebot3_ws/src/build/turtlebot3_simulations' returned '0': AMENT_PREFIX_PATH=/home/kosuke/turtlebot3_ws/src/install/turtlebot3_gazebo:/home/kosuke/turtlebot3_ws/src/install/turtlebot3_fake_node:${AMENT_PREFIX_PATH} CMAKE_PREFIX_PATH=/home/kosuke/turtlebot3_ws/src/install/turtlebot3_gazebo:/home/kosuke/turtlebot3_ws/src/install/turtlebot3_fake_node:/home/kosuke/turtlebot3_ws/install/turtlebot3:/home/kosuke/turtlebot3_ws/install/turtlebot3_simulations:/home/kosuke/turtlebot3_ws/install/turtlebot3_bringup:/home/kosuke/turtlebot3_ws/install/turtlebot3_node:/home/kosuke/turtlebot3_ws/install/turtlebot3_navigation2:/home/kosuke/turtlebot3_ws/install/turtlebot3_gazebo:/home/kosuke/turtlebot3_ws/install/turtlebot3_fake_node:/home/kosuke/turtlebot3_ws/install/turtlebot3_description:/home/kosuke/turtlebot3_ws/install/turtlebot3_cartographer:/home/kosuke/turtlebot3_ws/src/turtlebot3_control/install/turtlebot3_control:/home/kosuke/turtlebot3_ws/install/turtlebot3_teleop:/home/kosuke/turtlebot3_ws/install/turtlebot3_sensor_reader:/home/kosuke/turtlebot3_ws/install/turtlebot3_example:/opt/ros/humble /usr/bin/cmake --build /home/kosuke/turtlebot3_ws/src/build/turtlebot3_simulations -- -j4 -l4
[0.794s] Invoking command in '/home/kosuke/turtlebot3_ws/src/build/turtlebot3_simulations': AMENT_PREFIX_PATH=/home/kosuke/turtlebot3_ws/src/install/turtlebot3_gazebo:/home/kosuke/turtlebot3_ws/src/install/turtlebot3_fake_node:${AMENT_PREFIX_PATH} CMAKE_PREFIX_PATH=/home/kosuke/turtlebot3_ws/src/install/turtlebot3_gazebo:/home/kosuke/turtlebot3_ws/src/install/turtlebot3_fake_node:/home/kosuke/turtlebot3_ws/install/turtlebot3:/home/kosuke/turtlebot3_ws/install/turtlebot3_simulations:/home/kosuke/turtlebot3_ws/install/turtlebot3_bringup:/home/kosuke/turtlebot3_ws/install/turtlebot3_node:/home/kosuke/turtlebot3_ws/install/turtlebot3_navigation2:/home/kosuke/turtlebot3_ws/install/turtlebot3_gazebo:/home/kosuke/turtlebot3_ws/install/turtlebot3_fake_node:/home/kosuke/turtlebot3_ws/install/turtlebot3_description:/home/kosuke/turtlebot3_ws/install/turtlebot3_cartographer:/home/kosuke/turtlebot3_ws/src/turtlebot3_control/install/turtlebot3_control:/home/kosuke/turtlebot3_ws/install/turtlebot3_teleop:/home/kosuke/turtlebot3_ws/install/turtlebot3_sensor_reader:/home/kosuke/turtlebot3_ws/install/turtlebot3_example:/opt/ros/humble /usr/bin/cmake --install /home/kosuke/turtlebot3_ws/src/build/turtlebot3_simulations
[0.812s] -- Install configuration: ""
[0.812s] -- Installing: /home/kosuke/turtlebot3_ws/src/install/turtlebot3_simulations/share/ament_index/resource_index/package_run_dependencies/turtlebot3_simulations
[0.812s] -- Installing: /home/kosuke/turtlebot3_ws/src/install/turtlebot3_simulations/share/ament_index/resource_index/parent_prefix_path/turtlebot3_simulations
[0.813s] -- Installing: /home/kosuke/turtlebot3_ws/src/install/turtlebot3_simulations/share/turtlebot3_simulations/environment/ament_prefix_path.sh
[0.813s] -- Installing: /home/kosuke/turtlebot3_ws/src/install/turtlebot3_simulations/share/turtlebot3_simulations/environment/ament_prefix_path.dsv
[0.813s] -- Installing: /home/kosuke/turtlebot3_ws/src/install/turtlebot3_simulations/share/turtlebot3_simulations/environment/path.sh
[0.814s] -- Installing: /home/kosuke/turtlebot3_ws/src/install/turtlebot3_simulations/share/turtlebot3_simulations/environment/path.dsv
[0.814s] -- Installing: /home/kosuke/turtlebot3_ws/src/install/turtlebot3_simulations/share/turtlebot3_simulations/local_setup.bash
[0.814s] -- Installing: /home/kosuke/turtlebot3_ws/src/install/turtlebot3_simulations/share/turtlebot3_simulations/local_setup.sh
[0.815s] -- Installing: /home/kosuke/turtlebot3_ws/src/install/turtlebot3_simulations/share/turtlebot3_simulations/local_setup.zsh
[0.815s] -- Installing: /home/kosuke/turtlebot3_ws/src/install/turtlebot3_simulations/share/turtlebot3_simulations/local_setup.dsv
[0.815s] -- Installing: /home/kosuke/turtlebot3_ws/src/install/turtlebot3_simulations/share/turtlebot3_simulations/package.dsv
[0.815s] -- Installing: /home/kosuke/turtlebot3_ws/src/install/turtlebot3_simulations/share/ament_index/resource_index/packages/turtlebot3_simulations
[0.816s] -- Installing: /home/kosuke/turtlebot3_ws/src/install/turtlebot3_simulations/share/turtlebot3_simulations/cmake/turtlebot3_simulationsConfig.cmake
[0.816s] -- Installing: /home/kosuke/turtlebot3_ws/src/install/turtlebot3_simulations/share/turtlebot3_simulations/cmake/turtlebot3_simulationsConfig-version.cmake
[0.817s] -- Installing: /home/kosuke/turtlebot3_ws/src/install/turtlebot3_simulations/share/turtlebot3_simulations/package.xml
[0.825s] Invoked command in '/home/kosuke/turtlebot3_ws/src/build/turtlebot3_simulations' returned '0': AMENT_PREFIX_PATH=/home/kosuke/turtlebot3_ws/src/install/turtlebot3_gazebo:/home/kosuke/turtlebot3_ws/src/install/turtlebot3_fake_node:${AMENT_PREFIX_PATH} CMAKE_PREFIX_PATH=/home/kosuke/turtlebot3_ws/src/install/turtlebot3_gazebo:/home/kosuke/turtlebot3_ws/src/install/turtlebot3_fake_node:/home/kosuke/turtlebot3_ws/install/turtlebot3:/home/kosuke/turtlebot3_ws/install/turtlebot3_simulations:/home/kosuke/turtlebot3_ws/install/turtlebot3_bringup:/home/kosuke/turtlebot3_ws/install/turtlebot3_node:/home/kosuke/turtlebot3_ws/install/turtlebot3_navigation2:/home/kosuke/turtlebot3_ws/install/turtlebot3_gazebo:/home/kosuke/turtlebot3_ws/install/turtlebot3_fake_node:/home/kosuke/turtlebot3_ws/install/turtlebot3_description:/home/kosuke/turtlebot3_ws/install/turtlebot3_cartographer:/home/kosuke/turtlebot3_ws/src/turtlebot3_control/install/turtlebot3_control:/home/kosuke/turtlebot3_ws/install/turtlebot3_teleop:/home/kosuke/turtlebot3_ws/install/turtlebot3_sensor_reader:/home/kosuke/turtlebot3_ws/install/turtlebot3_example:/opt/ros/humble /usr/bin/cmake --install /home/kosuke/turtlebot3_ws/src/build/turtlebot3_simulations
