[0.565s] Invoking command in '/home/kosuke/turtlebot3_ws/src/turtlebot3_sensor_reader': PYTHONPATH=/home/kosuke/turtlebot3_ws/src/turtlebot3_sensor_reader/build/turtlebot3_sensor_reader/prefix_override:/usr/lib/python3/dist-packages/colcon_core/task/python/colcon_distutils_commands:/home/kosuke/turtlebot3_ws/src/turtlebot3_sensor_reader/install/turtlebot3_sensor_reader/lib/python3.10/site-packages:${PYTHONPATH} /usr/bin/python3 -W ignore:setup.py install is deprecated setup.py egg_info --egg-base build/turtlebot3_sensor_reader build --build-base /home/kosuke/turtlebot3_ws/src/turtlebot3_sensor_reader/build/turtlebot3_sensor_reader/build install --record /home/kosuke/turtlebot3_ws/src/turtlebot3_sensor_reader/build/turtlebot3_sensor_reader/install.log --single-version-externally-managed install_data
[0.784s] running egg_info
[0.784s] writing build/turtlebot3_sensor_reader/turtlebot3_sensor_reader.egg-info/PKG-INFO
[0.784s] writing dependency_links to build/turtlebot3_sensor_reader/turtlebot3_sensor_reader.egg-info/dependency_links.txt
[0.784s] writing entry points to build/turtlebot3_sensor_reader/turtlebot3_sensor_reader.egg-info/entry_points.txt
[0.784s] writing requirements to build/turtlebot3_sensor_reader/turtlebot3_sensor_reader.egg-info/requires.txt
[0.785s] writing top-level names to build/turtlebot3_sensor_reader/turtlebot3_sensor_reader.egg-info/top_level.txt
[0.786s] reading manifest file 'build/turtlebot3_sensor_reader/turtlebot3_sensor_reader.egg-info/SOURCES.txt'
[0.787s] writing manifest file 'build/turtlebot3_sensor_reader/turtlebot3_sensor_reader.egg-info/SOURCES.txt'
[0.787s] running build
[0.790s] running build_py
[0.790s] copying turtlebot3_sensor_reader/turtlebot3_sensor_reader.py -> /home/kosuke/turtlebot3_ws/src/turtlebot3_sensor_reader/build/turtlebot3_sensor_reader/build/lib/turtlebot3_sensor_reader
[0.790s] running install
[0.790s] running install_lib
[0.790s] copying /home/kosuke/turtlebot3_ws/src/turtlebot3_sensor_reader/build/turtlebot3_sensor_reader/build/lib/turtlebot3_sensor_reader/turtlebot3_sensor_reader.py -> /home/kosuke/turtlebot3_ws/src/turtlebot3_sensor_reader/install/turtlebot3_sensor_reader/lib/python3.10/site-packages/turtlebot3_sensor_reader
[0.790s] byte-compiling /home/kosuke/turtlebot3_ws/src/turtlebot3_sensor_reader/install/turtlebot3_sensor_reader/lib/python3.10/site-packages/turtlebot3_sensor_reader/turtlebot3_sensor_reader.py to turtlebot3_sensor_reader.cpython-310.pyc
[0.790s] running install_data
[0.790s] running install_egg_info
[0.792s] removing '/home/kosuke/turtlebot3_ws/src/turtlebot3_sensor_reader/install/turtlebot3_sensor_reader/lib/python3.10/site-packages/turtlebot3_sensor_reader-0.0.0-py3.10.egg-info' (and everything under it)
[0.792s] Copying build/turtlebot3_sensor_reader/turtlebot3_sensor_reader.egg-info to /home/kosuke/turtlebot3_ws/src/turtlebot3_sensor_reader/install/turtlebot3_sensor_reader/lib/python3.10/site-packages/turtlebot3_sensor_reader-0.0.0-py3.10.egg-info
[0.793s] running install_scripts
[0.810s] Installing turtlebot3_sensor_reader script to /home/kosuke/turtlebot3_ws/src/turtlebot3_sensor_reader/install/turtlebot3_sensor_reader/lib/turtlebot3_sensor_reader
[0.811s] writing list of installed files to '/home/kosuke/turtlebot3_ws/src/turtlebot3_sensor_reader/build/turtlebot3_sensor_reader/install.log'
[0.833s] Invoked command in '/home/kosuke/turtlebot3_ws/src/turtlebot3_sensor_reader' returned '0': PYTHONPATH=/home/kosuke/turtlebot3_ws/src/turtlebot3_sensor_reader/build/turtlebot3_sensor_reader/prefix_override:/usr/lib/python3/dist-packages/colcon_core/task/python/colcon_distutils_commands:/home/kosuke/turtlebot3_ws/src/turtlebot3_sensor_reader/install/turtlebot3_sensor_reader/lib/python3.10/site-packages:${PYTHONPATH} /usr/bin/python3 -W ignore:setup.py install is deprecated setup.py egg_info --egg-base build/turtlebot3_sensor_reader build --build-base /home/kosuke/turtlebot3_ws/src/turtlebot3_sensor_reader/build/turtlebot3_sensor_reader/build install --record /home/kosuke/turtlebot3_ws/src/turtlebot3_sensor_reader/build/turtlebot3_sensor_reader/install.log --single-version-externally-managed install_data
